0.00713491439819, 1024838
0.00725102424622, 1012877
0.00728392601013, 1005796
0.00790095329285, 996395
0.0105638504028, 996103
0.0107600688934, 990590
0.0195939540863, 988664
0.0288729667664, 985229
0.0299398899078, 972735
0.0384860038757, 962192
0.0403008460999, 951813
0.0420968532562, 947292
0.0426418781281, 943817
0.0477550029755, 939625
0.0494420528412, 924159
0.274896860123, 920076
0.278945922852, 919236
0.28010392189, 917402
0.280689954758, 917356
0.281951904297, 917044
0.798378944397, 914766
0.818769931793, 911266
0.895629882812, 906009
1.10516285896, 905445
1.11088395119, 901895
1.1111228466, 899167
2.67481088638, 897037
5.34081506729, 896760
5.34605383873, 895370
5.34664392471, 894819
8.15885400772, 894801
8.16205787659, 894588
8.18017101288, 894407
8.18217301369, 894197
9.13587093353, 893749
9.32046294212, 893746
12.8048579693, 893536
