0.00628304481506, 1023336
0.00805306434631, 1021841
0.00816297531128, 1005973
0.00834894180298, 1002173
0.00839710235596, 998869
0.00853490829468, 998565
0.00859689712524, 996748
0.00960111618042, 987396
0.0104179382324, 986222
0.0699880123138, 984563
0.078094959259, 977442
0.0881180763245, 977367
0.0884680747986, 972774
0.0890638828278, 957249
0.0891408920288, 955487
0.0894420146942, 950620
0.0895628929138, 946513
0.0907340049744, 941952
0.0943140983582, 938342
0.101841926575, 937587
0.10591506958, 937200
0.107306003571, 933094
0.219310998917, 930919
0.222352027893, 930414
0.254229068756, 917572
0.254440069199, 915372
0.461498022079, 912408
0.465578079224, 904196
0.468230962753, 899621
0.882019996643, 896766
6.56876111031, 894510
7.86724901199, 894369
9.37939095497, 893959
11.4543430805, 893746
13.5847570896, 893536
