0.00748586654663, 1018813
0.02459192276, 1018029
0.024719953537, 1017819
0.0248889923096, 1004298
0.0249359607697, 1002568
0.0249509811401, 999456
0.0306298732758, 985668
0.0309879779816, 984961
0.0337419509888, 968583
0.0340328216553, 968032
0.0341320037842, 965273
0.0403599739075, 958897
0.0431368350983, 949482
0.0463199615479, 948440
0.0466508865356, 947966
0.0471608638763, 944854
0.0487818717957, 937860
0.157280921936, 929945
0.162878036499, 929674
0.162926912308, 924922
0.198819875717, 919986
0.213316917419, 918602
0.213407039642, 916986
0.260847806931, 914223
0.519467830658, 913655
0.709909915924, 909887
0.711505889893, 903979
0.711555957794, 901373
0.712918996811, 901160
0.722790002823, 900387
1.99272990227, 897037
1.99288797379, 896327
1.99458599091, 896117
1.99625897408, 895566
3.79677987099, 894159
12.380920887, 893959
14.5297789574, 893536
