0.00589203834534, 1006112
0.00685906410217, 1004691
0.0074200630188, 994966
0.00950622558594, 994210
0.0124731063843, 989459
0.0128440856934, 988000
0.0138921737671, 986190
0.0147371292114, 980331
0.018758058548, 977444
0.0220391750336, 975747
0.0223522186279, 971026
0.0249960422516, 962937
0.0264501571655, 962625
0.0266501903534, 962143
0.0659990310669, 944825
0.0667221546173, 932769
0.0668330192566, 923995
0.0679841041565, 918371
0.0682291984558, 913149
0.220442056656, 912141
0.480806112289, 910669
1.74117016792, 909458
1.74185204506, 907440
1.75190401077, 906349
2.1494011879, 906074
2.16232609749, 904552
2.24029803276, 902068
2.29873418808, 899176
2.55514001846, 898085
2.55747914314, 895622
2.56046319008, 895281
4.81290912628, 894858
8.49180006981, 893536
