0.00696587562561, 1012463
0.00702404975891, 1005382
0.0076220035553, 1000038
0.0109910964966, 996260
0.013279914856, 993422
0.0179390907288, 981241
0.0185129642487, 961808
0.0278949737549, 958252
0.0297830104828, 950109
0.038633108139, 941104
0.0715529918671, 940641
0.0717508792877, 940170
0.0719919204712, 939506
0.301148891449, 939213
0.303863048553, 932495
0.304105997086, 927784
0.304383993149, 923610
0.304826974869, 919166
0.39360499382, 916556
0.394571065903, 913955
0.394605875015, 907893
0.395220994949, 906571
0.521109104156, 904869
0.533886909485, 900782
0.534401893616, 900260
0.536717891693, 899324
0.53683590889, 899114
0.541856050491, 894087
10.0601499081, 893536
