0.00845909118652, 1013240
0.00852799415588, 1009160
0.00886917114258, 1003897
0.00901198387146, 1000750
0.00971817970276, 993669
0.0108811855316, 991516
0.0110700130463, 990405
0.0178480148315, 983158
0.0178971290588, 973781
0.0181159973145, 973375
0.0214869976044, 972378
0.0391690731049, 966675
0.0395171642303, 963691
0.0453820228577, 955511
0.0583391189575, 951487
0.133680105209, 947225
0.133716106415, 947201
0.136857032776, 938685
0.149852991104, 937469
0.193876028061, 932260
0.194452047348, 932050
0.195016145706, 927944
0.195888996124, 923786
0.241575956345, 923514
0.241614103317, 914904
0.243364095688, 909909
0.477424144745, 907735
0.526784181595, 903096
1.31095004082, 895856
1.8713350296, 894748
6.68008112907, 894636
6.68370199203, 894087
