0.00572490692139, 1018092
0.00723695755005, 1007122
0.00754404067993, 1005305
0.00902605056763, 1004873
0.00940704345703, 997803
0.00951600074768, 988518
0.00982308387756, 972923
0.0189778804779, 964998
0.0200719833374, 959619
0.0366790294647, 956497
0.0369489192963, 955502
0.0399980545044, 953965
0.0442008972168, 946512
0.0870299339294, 941974
0.0885770320892, 941864
0.0922310352325, 941697
0.0975639820099, 939462
0.100648880005, 936575
0.157818078995, 934986
0.191807985306, 932115
0.197299957275, 929976
0.209444046021, 923844
0.216794013977, 922894
0.230905056, 920872
0.232275009155, 919175
0.27947306633, 917470
0.280642986298, 908267
0.285629034042, 907977
0.533070087433, 907909
0.535089969635, 907271
0.536474943161, 899909
3.27593898773, 899114
3.27744698524, 894710
6.33391189575, 894588
6.3346760273, 894378
7.12621808052, 894197
