0.00614094734192, 1005465
0.00743889808655, 1002834
0.00803399085999, 982770
0.00906205177307, 981293
0.00943207740784, 964054
0.00996208190918, 962205
0.0116910934448, 959540
0.0119009017944, 956812
0.0557689666748, 948085
0.0558390617371, 947185
0.0565989017487, 945198
0.0568001270294, 935522
0.057265996933, 935058
0.0623819828033, 930483
0.16336107254, 925049
0.277401924133, 923005
0.283064126968, 921203
0.284563064575, 919784
0.313540935516, 918513
0.313648939133, 917665
0.315478086472, 917455
0.316962003708, 908051
0.317135095596, 905659
0.334800004959, 900526
0.335411071777, 898753
2.24034309387, 895071
5.80090403557, 894819
