0.00811386108398, 1028580
0.0137867927551, 1021260
0.0142369270325, 1015534
0.0155389308929, 1011037
0.026606798172, 1006358
0.0267579555511, 1005363
0.0275568962097, 997400
0.0411899089813, 994542
0.042329788208, 986080
0.0443079471588, 986015
0.0582339763641, 985766
0.0589859485626, 974220
0.0593869686127, 966411
0.0604779720306, 951624
0.167084932327, 947985
0.215778827667, 943049
0.215937852859, 942149
0.249941825867, 941442
0.251863956451, 939489
0.252121925354, 937727
0.299651861191, 936773
0.300038814545, 934573
0.300570011139, 931619
0.302138805389, 926932
0.336056947708, 922643
0.336607933044, 917975
0.610025882721, 916641
0.717381954193, 911104
1.04512786865, 908133
1.0546028614, 904163
1.29157090187, 903478
1.30758285522, 898393
1.48779702187, 898085
2.31537795067, 897891
5.37578701973, 895776
5.65579485893, 894636
8.15134191513, 894378
8.15324997902, 894197
9.09554696083, 893749
9.10086393356, 893536
