0.00721597671509, 999953
0.00826406478882, 998401
0.00949597358704, 991540
0.0159139633179, 985564
0.0166339874268, 984462
0.0173029899597, 984249
0.0174088478088, 979805
0.0232529640198, 970845
0.0243189334869, 964833
0.026398897171, 964709
0.0272748470306, 948484
0.0288670063019, 945877
0.0304780006409, 940489
0.0352809429169, 939351
0.0366430282593, 929284
0.0378398895264, 929074
0.0532560348511, 928971
0.0554020404816, 928420
0.0559589862823, 921633
0.0571069717407, 920250
0.0592908859253, 918133
0.0701639652252, 914819
0.0706970691681, 911774
0.092521905899, 910924
0.133645057678, 909295
0.155719995499, 907204
0.710635900497, 903132
0.711658000946, 902851
2.13947200775, 900426
2.63606190681, 900122
4.54982185364, 898616
5.21132206917, 895928
5.28607201576, 895439
7.92865490913, 895229
7.9422929287, 895059
7.94491386414, 894816
9.47268605232, 894407
16.6926548481, 893749
16.69490695, 893536
