40.2791349888, 61510
41.2578289509, 61015
41.2578940392, 60917
41.2580358982, 60780
42.2366838455, 60632
42.2373738289, 60308
42.2379188538, 59695
42.2383840084, 59375
42.5719358921, 59308
43.1526348591, 59196
43.152782917, 59123
43.1528389454, 58965
43.1534938812, 58677
43.1538999081, 58367
43.154047966, 58077
44.578316927, 57583
44.578594923, 57449
44.5822429657, 56881
44.582559824, 56412
46.0500769615, 55891
48.7483110428, 55482
49.229257822, 55379
49.2305688858, 55272
49.2333009243, 55217
49.2408089638, 54870
50.718326807, 54624
51.8348338604, 54529
51.8349950314, 54238
51.8353040218, 53507
51.8359889984, 53400
55.4729909897, 53352
56.2387180328, 53230
56.2536599636, 53138
56.6579430103, 53079
56.6585569382, 53031
57.6795618534, 52978
57.7619898319, 52850
58.1428809166, 52803
59.8477048874, 52788
