36.087446928, 61755
37.7978830338, 61681
37.7982010841, 60578
37.7987170219, 60548
37.7996189594, 60461
40.0351691246, 60354
40.0359640121, 60172
40.0367469788, 59246
40.0373749733, 58676
40.037498951, 58655
40.0397760868, 58467
40.0444910526, 58445
40.04468894, 58211
42.3227140903, 58171
42.606949091, 58147
43.0266029835, 58046
43.0271940231, 57713
43.7655799389, 56835
43.7664899826, 56545
43.7675759792, 56225
43.7695178986, 55546
45.4198040962, 55479
45.4944980145, 55248
45.4968850613, 55144
45.4970870018, 54877
46.6464660168, 54790
48.0400989056, 54733
48.0406470299, 54633
48.0704600811, 54373
48.071310997, 54130
48.8140890598, 53810
48.8152189255, 53769
50.2140159607, 53641
50.3894109726, 53572
51.8404710293, 53434
51.8412439823, 53372
52.5811829567, 53248
52.5864701271, 53115
54.3356170654, 53095
54.3374199867, 52980
57.480629921, 52803
58.1707210541, 52740
58.3350651264, 52719
58.3556380272, 52657
