39.1601800919, 61806
40.2608571053, 61766
40.2615461349, 60752
40.9553301334, 60521
40.9876291752, 59890
40.9882330894, 59775
42.1424260139, 58633
42.1438171864, 58339
42.1456110477, 58091
43.3533592224, 58081
44.1080942154, 57497
44.1086761951, 56406
44.1600730419, 55687
47.0063450336, 55356
47.4618821144, 55056
50.2372560501, 55021
51.4973630905, 54688
51.7266111374, 54630
51.729542017, 54340
52.0767650604, 54098
52.2208611965, 54088
52.2315850258, 54060
52.2382211685, 53894
52.2413840294, 53604
52.6198689938, 53583
54.468296051, 53518
55.3628060818, 53381
55.3629970551, 53377
55.3685641289, 53344
55.3786830902, 53247
55.838987112, 53221
56.2640662193, 53025
56.3927500248, 53018
56.3985900879, 52911
56.3991990089, 52643
