38.0666179657, 61685
38.066849947, 61669
38.0673248768, 61556
38.0675289631, 60827
38.0682890415, 60478
38.0743949413, 60158
38.0779590607, 60105
38.0781419277, 59744
39.3364019394, 59434
41.5052740574, 59339
41.5054450035, 59167
41.5071630478, 59050
41.5072898865, 59014
41.5073070526, 58756
41.5102000237, 58677
41.5137450695, 57877
41.5143909454, 57875
41.5175790787, 57623
41.9969918728, 57506
42.001568079, 57443
42.6356461048, 57428
42.6359229088, 57282
42.668145895, 57223
42.6682710648, 57144
43.203797102, 56982
43.2056999207, 56365
43.2059788704, 55675
45.4954609871, 55670
45.4998979568, 55500
45.5007710457, 55452
45.5015890598, 54900
48.2398159504, 54843
48.4678490162, 54563
48.4684510231, 54480
48.4733610153, 54187
48.8039269447, 53919
50.3435649872, 53510
53.8320989609, 53470
54.3671278954, 53397
54.3683900833, 53309
54.4095880985, 53240
54.4124660492, 53133
54.4142479897, 52838
57.0730319023, 52734
57.9787869453, 52658
