39.3774158955, 61561
39.3785018921, 61500
39.3799238205, 61428
40.3547120094, 60468
42.1911900043, 60225
42.1912457943, 59843
42.1918098927, 59506
42.1920058727, 59333
43.4180538654, 59268
43.4217259884, 59146
44.4177179337, 58652
44.4177498817, 58615
44.4190850258, 58158
44.4191048145, 57863
44.4202129841, 57633
44.4209029675, 57482
44.423334837, 57351
45.2490689754, 57123
45.2501819134, 56869
45.6747069359, 56615
45.6793279648, 56479
45.6796808243, 56239
45.6815478802, 56173
45.6849608421, 56009
47.6299328804, 55988
47.7080259323, 55966
48.1153988838, 55881
48.1158618927, 55852
49.7138278484, 55787
49.7147908211, 55167
50.521476984, 55143
50.5215878487, 54621
51.4105618, 54530
51.6709430218, 54515
52.7169098854, 54404
52.7266018391, 54393
52.7276878357, 54007
52.7314429283, 53970
52.7331259251, 53830
52.7337858677, 53723
54.2186210155, 53550
54.4526770115, 53538
54.7214169502, 53392
54.7247259617, 53097
54.731844902, 52833
