39.8768210411, 60359
39.8771030903, 60081
39.8801960945, 59819
39.8803310394, 59602
40.9829909801, 59532
40.9838340282, 59024
42.4867470264, 58348
44.1869621277, 58330
44.1870341301, 58217
44.1875040531, 58135
44.1883299351, 57960
44.1905620098, 57232
44.1907911301, 57108
44.2053260803, 56342
44.2065041065, 55857
44.2069499493, 55781
44.2076539993, 55686
44.2077050209, 55585
47.0972559452, 55509
48.2452421188, 55102
48.246516943, 54613
48.2563250065, 53868
48.2627029419, 53596
52.521848917, 53251
56.809664011, 53249
57.2223830223, 52924
58.0485639572, 52788
