33.5268750191, 61351
36.887280941, 61110
36.8873460293, 60640
36.9152839184, 60591
38.0218398571, 60297
38.0234150887, 59910
38.0243959427, 59885
38.027050972, 59819
38.0272080898, 59726
38.0348489285, 59062
39.189316988, 58905
39.1898989677, 58615
39.7499358654, 58518
39.7500610352, 57770
39.7505588531, 57087
39.7510550022, 56810
39.7962179184, 56709
41.0643289089, 56598
41.0700628757, 56316
42.6259710789, 55993
42.690746069, 55843
42.6911098957, 54892
42.6916279793, 54620
46.3937900066, 54378
46.3957409859, 54146
46.4101569653, 54067
46.933382988, 53823
49.7097110748, 53586
49.7158479691, 53299
52.2600519657, 53226
53.5724198818, 53162
53.5917069912, 53112
53.5919179916, 52922
55.2804448605, 52850
55.2845668793, 52788
57.1676840782, 52719
57.4747779369, 52657
