37.2183029652, 61767
37.2186341286, 61761
37.2187731266, 61397
38.2204539776, 60119
38.2206149101, 59902
38.6233270168, 59872
39.3746631145, 59645
39.3747899532, 59285
39.3758089542, 58065
39.3761799335, 57639
42.222743988, 57464
42.2267439365, 57431
42.8775799274, 57097
42.8809421062, 56423
43.5896730423, 56214
43.5922520161, 56048
45.1346070766, 55832
45.1754519939, 55830
45.1795270443, 55224
47.068146944, 54945
47.4184601307, 54667
47.4362080097, 54625
47.4497189522, 54527
47.4498801231, 54017
47.4509019852, 53953
50.6098089218, 53875
50.7457289696, 53632
50.7461879253, 53544
50.7525229454, 53447
50.7552330494, 53365
50.7592101097, 53295
51.6652219296, 53038
54.161864996, 52991
54.7936799526, 52754
54.8166210651, 52734
58.9616069794, 52643
