41.1106901169, 61317
41.6903860569, 60883
41.6927990913, 60252
41.6938071251, 59735
41.8629131317, 59580
43.5545489788, 59561
43.5565440655, 58797
44.3024971485, 58685
44.3056280613, 58424
44.3705351353, 58408
44.3712949753, 57943
44.3713409901, 57936
44.3721730709, 57285
45.886922121, 57187
45.8889391422, 56711
45.8890919685, 56228
47.202737093, 56165
48.5933539867, 55828
49.0757920742, 55798
49.181645155, 55727
49.1818859577, 55242
49.4373631477, 55095
49.4395911694, 54815
49.4396491051, 54711
49.4403049946, 54521
49.4413330555, 54488
49.442715168, 54370
49.4429271221, 53948
49.4467670918, 53742
49.4468009472, 53529
49.4489190578, 53508
49.4513840675, 53446
57.5523569584, 53360
57.5884399414, 53242
57.5893001556, 53101
58.3111860752, 53041
58.9994020462, 52943
59.2610969543, 52930
59.2627670765, 52823
59.7600059509, 52658
