35.7135250568, 61138
35.7146980762, 59882
37.9492571354, 59137
37.9526331425, 59126
39.1760962009, 58456
39.1787819862, 57842
40.664399147, 57830
41.9371910095, 57516
41.9376790524, 57369
41.9388680458, 57286
41.9406871796, 56657
44.5029361248, 56572
44.5036830902, 56087
44.5040111542, 55248
44.5064060688, 54682
46.9144370556, 54593
46.9155590534, 54550
46.9163110256, 54468
46.9243631363, 54351
47.3425951004, 54302
47.3457221985, 54259
47.3478291035, 54117
48.6780910492, 54094
48.8717870712, 54058
48.8895881176, 53993
49.2269151211, 53982
49.2376770973, 53906
49.2407100201, 53792
49.2417500019, 53421
49.244863987, 53326
49.2597990036, 53207
51.6016790867, 53150
51.6018760204, 53115
51.6119639874, 52986
51.6147091389, 52951
54.7531340122, 52907
54.793776989, 52789
55.7129840851, 52788
