35.0396959782, 117522
35.0418560505, 117508
38.2255160809, 117434
38.2260551453, 116987
38.2277231216, 116532
38.4820590019, 116383
38.4821410179, 116197
38.4822840691, 114626
38.4845941067, 113739
38.4852249622, 113179
38.4856159687, 113090
40.1662499905, 112998
40.1668550968, 112984
40.1675989628, 112937
40.1820280552, 112541
40.1820850372, 111832
40.9023241997, 111763
41.0412130356, 111735
41.0416681767, 111700
41.0431370735, 110484
41.0525090694, 110215
41.1288120747, 109765
41.139234066, 109479
41.2098190784, 109447
41.6418612003, 109336
41.6439971924, 109282
41.647397995, 109105
41.8147120476, 108607
41.8198471069, 108494
41.8208019733, 107873
42.3828070164, 107482
42.3852491379, 107334
43.4601140022, 107222
44.0442299843, 107080
44.048853159, 106995
44.071901083, 106973
44.0754640102, 106617
44.0924711227, 106573
44.0926630497, 106410
44.0956010818, 105567
44.0966041088, 105142
44.1014831066, 105107
44.2013959885, 105020
44.2017230988, 104975
44.2018220425, 104800
44.2342801094, 104733
44.2381281853, 104670
44.2381491661, 104336
46.2003521919, 103930
47.4188830853, 103911
47.4387090206, 103721
47.44018507, 103694
47.9244501591, 103588
47.971268177, 103473
47.9756741524, 103455
47.9818110466, 102971
50.3691930771, 102379
50.3704271317, 102343
52.02947402, 102212
52.0310070515, 102185
52.1620690823, 102036
52.9672670364, 102032
52.9728941917, 102024
52.9739999771, 101997
52.974642992, 101959
55.6693310738, 101821
55.6760020256, 101527
55.8169879913, 101369
55.8256030083, 101207
55.8288781643, 101172
