38.6099870205, 117138
38.6103880405, 117057
38.610929966, 116152
38.614866972, 115788
38.6167531013, 113851
38.6242949963, 113354
38.6279261112, 111333
38.6296579838, 110061
38.6368210316, 109836
38.6369590759, 109770
38.6377999783, 109734
40.0191569328, 109394
40.0206179619, 108975
40.0210440159, 108239
41.5580999851, 107555
42.2610449791, 107448
42.8585050106, 107267
42.8637900352, 106796
43.7007350922, 106513
43.708135128, 106292
43.8862111568, 106012
43.9377419949, 105912
44.2656509876, 105792
44.2685420513, 105763
45.3250179291, 105562
45.3305799961, 105410
45.3324270248, 105318
45.3339879513, 105153
46.0333471298, 104895
46.0366020203, 104783
46.0564010143, 104213
47.2505350113, 103677
47.2570030689, 103477
47.4863579273, 103297
47.7530961037, 102959
47.7767319679, 102864
49.1613121033, 102583
50.2358880043, 102532
50.2435610294, 102314
50.5801799297, 102197
50.623290062, 101776
50.6293549538, 101729
52.0858471394, 101478
52.1069691181, 101377
53.5006020069, 101256
53.5023300648, 101065
53.5139491558, 100965
56.1722230911, 100933
