0.0673198699951, 135839
0.0676538944244, 132980
0.0685229301453, 132664
0.0697338581085, 132182
0.0703618526459, 131944
0.11524105072, 131547
0.115905046463, 131065
0.382393836975, 130614
0.38303899765, 130132
1.43186306953, 130002
1.43836402893, 128969
1.43902993202, 128487
1.51988005638, 128068
1.52460384369, 127894
1.52643203735, 127568
1.52706003189, 127086
2.47848296165, 125548
2.47912502289, 125066
2.5016348362, 124647
2.50615096092, 124147
2.50680804253, 123665
7.73272895813, 123578
32.6786408424, 123330
32.6792829037, 122848
33.4991118908, 122761
137.46884203, 122265
358.49602294, 121771
