38.4645359516, 116824
38.4847609997, 116705
38.494592905, 116230
38.4947009087, 116081
38.6114919186, 116005
38.6127159595, 115857
38.614317894, 115670
38.6157860756, 115652
38.6165390015, 115643
38.6181709766, 115206
38.9384770393, 114785
38.9529790878, 114411
38.9540538788, 114186
38.9575350285, 113881
38.9585249424, 113742
38.9646759033, 113642
38.9680318832, 113562
38.96935606, 113525
38.9697880745, 113182
38.9702279568, 112142
38.9795041084, 110694
40.7815840244, 110627
41.4745130539, 110577
41.6331999302, 108187
43.7704489231, 107881
43.7719430923, 106974
43.7766830921, 106570
43.789484024, 106428
43.7898640633, 106044
43.7899029255, 105678
45.4909610748, 105407
45.5011348724, 105161
46.4083080292, 103698
47.5275859833, 103476
47.5293478966, 103110
54.1159079075, 103075
54.3061769009, 102910
54.3731110096, 102571
54.3761200905, 102345
55.0414628983, 102149
55.0421090126, 101788
55.0431940556, 101770
