35.1516740322, 117364
35.1518158913, 117046
36.4012110233, 116793
36.4016559124, 116623
36.5427930355, 116241
36.5431609154, 116049
36.5441830158, 115924
36.5511190891, 115690
36.5830640793, 114930
36.5836520195, 114827
37.2026760578, 114690
37.3720538616, 113299
37.3759429455, 112658
37.3778629303, 112535
39.2187490463, 112255
39.2196550369, 112175
39.2284388542, 111848
39.9865069389, 111634
39.9881310463, 109930
39.988945961, 109833
40.9278280735, 109727
41.7419979572, 108873
41.7475039959, 108159
41.7478508949, 107856
42.8957519531, 106983
42.8966720104, 106532
42.9005248547, 106273
43.8670420647, 106106
43.8769710064, 105830
43.9719910622, 105785
43.9759190083, 105767
43.9770009518, 105489
43.9781439304, 105426
43.9800219536, 105065
43.9834499359, 104542
43.9885950089, 104119
43.9910130501, 104113
43.9952960014, 103115
49.1009299755, 102972
49.2826640606, 102966
49.8300569057, 102789
49.8323550224, 102710
49.882860899, 102667
49.8862280846, 102455
49.8975279331, 102434
49.9958999157, 102370
50.5277428627, 102218
50.5285270214, 102173
50.5416529179, 102160
51.532959938, 101933
51.8472709656, 101846
54.7286529541, 101466
54.8277368546, 101335
54.842648983, 101212
