35.5912699699, 116842
35.5931959152, 116568
35.6160979271, 116342
35.6162159443, 115981
35.6165568829, 115980
37.1409578323, 115912
37.1424968243, 115627
37.1562979221, 115072
37.1592278481, 115030
37.8880269527, 114836
37.9331548214, 114705
37.9341077805, 114028
37.9354698658, 113586
37.9948029518, 112675
37.9949297905, 112477
37.9952588081, 112425
37.9974138737, 111821
38.0147168636, 111760
38.0240588188, 111755
39.5284068584, 110326
39.529640913, 110065
39.5300798416, 109733
39.5346729755, 109730
39.557943821, 109482
40.2838449478, 108628
40.2839598656, 108390
42.4035608768, 108335
42.5543048382, 107763
42.6635267735, 107286
45.3209519386, 107195
45.3255069256, 106962
45.3310968876, 106429
45.3380038738, 106337
45.4960727692, 106126
45.4981329441, 105555
45.5241279602, 105443
45.5442388058, 105383
45.5450308323, 105093
45.680243969, 104691
45.704572916, 104662
45.7140519619, 104615
45.9682888985, 104280
45.9864048958, 103633
45.9871528149, 103391
46.0935738087, 103200
46.2645359039, 102783
49.2885689735, 102692
49.4763097763, 102645
49.8158588409, 102590
49.9809529781, 101705
51.6445169449, 101473
52.3670017719, 101186
53.5186879635, 101169
53.9750878811, 101092
55.8398799896, 101021
56.0247628689, 100987
56.0254039764, 100844
