40.0261058807, 117238
40.0376529694, 116001
40.0523488522, 115912
40.054764986, 115878
41.1789019108, 115023
41.3684749603, 114933
41.3687608242, 114133
41.3689279556, 113634
41.5289969444, 113198
41.5291059017, 112859
41.5441570282, 112128
41.5447928905, 110662
44.3049590588, 110298
44.7604329586, 110273
45.4361670017, 110211
45.4367289543, 109474
46.3111498356, 108778
46.379390955, 108541
46.3812730312, 108511
46.3828148842, 107931
46.3900709152, 107371
46.5021460056, 107018
46.5107040405, 107004
46.5108449459, 106995
46.511756897, 106774
46.513669014, 106293
46.5138239861, 105733
46.898375988, 105171
49.5669310093, 104826
50.0523200035, 104722
50.1034059525, 104721
50.1040780544, 104018
50.6738450527, 103792
51.9228479862, 103764
51.9234428406, 103719
51.9262499809, 103425
52.0417618752, 102785
53.3632190228, 102663
53.6165280342, 102519
53.6605010033, 101765
53.6625888348, 101198
53.6684269905, 101135
57.254545927, 101113
57.2737829685, 101077
59.3412809372, 101069
