36.1183209419, 117291
36.1208620071, 116951
36.1328890324, 116193
36.4149770737, 115768
38.1586918831, 115485
38.1587240696, 115353
38.5646510124, 114927
38.5677108765, 114522
38.5782709122, 114305
38.5787780285, 113941
38.5796310902, 113797
38.8407518864, 112973
38.8414518833, 112412
38.843971014, 112405
38.9038829803, 112397
38.9057540894, 112206
38.9072129726, 112127
39.3211629391, 111947
39.3984339237, 111927
39.3987309933, 111900
39.3996560574, 110490
39.9115378857, 109063
41.5586800575, 108908
41.5607368946, 108425
41.5819349289, 107891
41.5822300911, 107778
41.5867540836, 107627
41.6275629997, 106836
41.6400270462, 106514
41.6490359306, 106037
43.0523989201, 105761
43.0570628643, 105444
43.0583930016, 104721
43.0585529804, 104336
43.0611250401, 104328
43.0686230659, 103880
46.5562639236, 103668
46.5635340214, 103361
47.1614880562, 103170
47.7562930584, 102148
47.7699260712, 101984
50.1114618778, 101937
50.1172320843, 101901
50.127904892, 101833
50.1474368572, 101658
50.5190479755, 101591
50.9444520473, 101588
51.0796279907, 101311
53.4200708866, 101308
53.4225900173, 101165
55.069218874, 101141
55.0814929008, 101095
55.0826308727, 101033
55.0884559155, 100858
55.0946080685, 100715
59.0379009247, 100642
59.0611810684, 100615
