34.3336191177, 117562
35.2298250198, 117348
35.2298741341, 117310
35.7418041229, 117084
35.8217899799, 115690
35.8232350349, 115602
35.8268179893, 115432
35.8357639313, 114936
36.4165730476, 114540
36.4171249866, 114319
38.694822073, 113790
38.6949939728, 112944
38.6984379292, 112622
38.6988680363, 112190
38.7779660225, 111821
38.778208971, 111599
38.778842926, 110956
38.7806761265, 110662
38.7816889286, 110596
38.7911059856, 110491
40.2346241474, 110430
40.2369861603, 110421
40.2387030125, 110103
40.2416269779, 108821
40.2422151566, 108712
40.2444710732, 108606
40.2524261475, 108437
40.2665629387, 108065
40.3013939857, 107240
40.3039710522, 106661
40.3050711155, 106453
40.3059849739, 105389
40.3084499836, 105154
43.7403669357, 105007
43.787872076, 104222
43.7997341156, 103396
43.800194025, 102771
43.8081769943, 102757
45.9909460545, 102095
50.6866819859, 101985
50.6868860722, 101893
50.7809360027, 101742
50.812155962, 101632
53.4516029358, 101620
53.45165205, 101606
53.5548789501, 101594
53.7194769382, 101426
53.7208371162, 101334
53.7279679775, 101092
56.5720970631, 100865
56.6180820465, 100815
56.711687088, 100715
59.9457719326, 100615
