36.2692129612, 117568
36.2951939106, 117212
36.2962388992, 116514
36.3071548939, 116362
36.3074610233, 116134
36.3082289696, 116069
36.3085620403, 115989
36.3086268902, 115962
36.3087379932, 115582
36.3092489243, 114829
36.3109140396, 114302
36.3113229275, 113728
36.3172800541, 113580
36.319699049, 113494
36.9907290936, 113074
38.7551569939, 113003
38.7560169697, 112825
38.7577009201, 112429
38.7961390018, 111971
40.1475419998, 111501
40.1482920647, 111276
40.6811599731, 111128
40.860106945, 110598
40.8612530231, 110532
40.8634331226, 109412
40.8643190861, 109303
40.8649699688, 109221
40.866724968, 109194
40.8682069778, 109087
40.8687610626, 109045
40.8767449856, 108938
40.8777360916, 108904
40.8895049095, 108556
40.8921220303, 108165
40.8956611156, 107772
40.9086179733, 107639
40.9131000042, 107630
40.9143168926, 107458
40.9159240723, 107022
40.9190409184, 106998
40.9247000217, 106909
41.0650949478, 106880
41.9759778976, 106725
41.9768669605, 106170
41.9774639606, 106164
41.9800651073, 106148
41.9813010693, 105925
41.9912879467, 105839
41.9942760468, 105295
41.9956789017, 104903
41.9985239506, 104686
41.9988570213, 104379
42.0006849766, 104216
42.0020201206, 103905
45.5837700367, 103682
46.3818900585, 103393
46.3822119236, 103364
46.3842499256, 103237
46.3862950802, 102728
46.4028661251, 102636
46.408673048, 102317
46.4145278931, 102279
46.6239669323, 101413
46.6261799335, 101321
