35.6123530865, 116484
35.8201739788, 115904
37.0172379017, 115653
37.0211009979, 115074
37.0249240398, 115021
37.0400431156, 113647
38.3914959431, 113018
38.4003190994, 112014
38.4059998989, 111422
38.430809021, 111059
38.4308829308, 110900
38.4331290722, 110873
38.5242290497, 110265
38.525167942, 110026
42.286714077, 110003
42.2868289948, 109805
42.2869300842, 109584
42.2873089314, 109308
42.2889978886, 108555
42.2896440029, 108057
42.2901599407, 107919
42.2901771069, 107397
42.2909419537, 107212
42.3048288822, 105916
42.3068981171, 105854
44.222495079, 105707
44.2233519554, 105614
44.2346639633, 105273
44.4211330414, 104994
45.3828809261, 104905
45.3833448887, 104888
45.3842039108, 104879
45.3848390579, 104699
45.3890829086, 104675
46.359596014, 104511
46.3648180962, 104154
46.3742499352, 102776
46.377407074, 102691
46.3811459541, 102597
46.5693850517, 102501
50.9713730812, 102434
52.6169419289, 101908
52.6192109585, 101742
52.7564680576, 101568
52.8293659687, 101539
52.8366289139, 101508
52.8447151184, 101331
52.8644120693, 101298
54.4000871181, 101130
56.2848510742, 101098
57.2129340172, 101075
57.3350450993, 100809
57.4838750362, 100717
59.8295080662, 100709
