0.0223429203033, 1795098
0.0277409553528, 1785232
0.0280299186707, 1768100
0.0377519130707, 1765332
0.0428020954132, 1763479
0.0432410240173, 1759833
0.0535140037537, 1744500
0.055459022522, 1740314
0.0591390132904, 1739666
0.068855047226, 1731101
0.069030046463, 1729637
0.0702331066132, 1729420
0.0833370685577, 1721807
0.112827062607, 1707280
0.115417003632, 1698780
0.115920066833, 1685934
0.123032093048, 1677286
0.152466058731, 1668581
0.154148101807, 1665845
0.164068937302, 1654806
0.166557073593, 1653071
0.167879104614, 1652457
0.168832063675, 1648964
0.35604596138, 1648639
0.357537031174, 1628419
0.360227108002, 1624098
0.421546936035, 1621931
0.729167938232, 1613999
0.729477882385, 1610784
0.742441892624, 1609169
1.94362688065, 1604928
1.9445939064, 1604255
1.9447259903, 1604079
2.90871500969, 1601608
2.91290402412, 1594773
2.91464209557, 1585526
2.9153380394, 1581007
2.91629505157, 1577878
5.3032040596, 1577439
5.38403606415, 1573444
6.04156208038, 1569331
6.06699800491, 1562810
7.90346097946, 1562309
7.91521906853, 1562085
7.9227039814, 1561792
11.4617240429, 1557978
11.5554530621, 1555702
15.7605340481, 1555060
