0.0251150131226, 1795606
0.0280599594116, 1782436
0.0282518863678, 1781998
0.02867603302, 1775482
0.0288519859314, 1772230
0.0311188697815, 1770984
0.0406270027161, 1769647
0.0414838790894, 1747206
0.0423259735107, 1745798
0.0432560443878, 1740316
0.043751001358, 1738194
0.0493638515472, 1736443
0.0499339103699, 1725959
0.0503170490265, 1724546
0.0503849983215, 1723931
0.0537588596344, 1708253
0.0548589229584, 1705723
0.0549418926239, 1704310
0.139693021774, 1698807
0.140761852264, 1697394
0.144004821777, 1691164
0.144498825073, 1688705
0.145061969757, 1671591
0.151100873947, 1671146
0.369896888733, 1670951
0.376096963882, 1670121
0.378002882004, 1669732
0.378629922867, 1660240
0.379266023636, 1660159
0.380486011505, 1658186
0.380869865417, 1652780
0.381186962128, 1641469
0.383016824722, 1639740
0.383733987808, 1636328
0.385143995285, 1635199
0.388362884521, 1632391
0.389307022095, 1631635
0.389925956726, 1627186
0.391018867493, 1624120
0.400936841965, 1621594
0.40252995491, 1615446
0.403820991516, 1608561
1.11075305939, 1607887
1.58152389526, 1604355
1.58432793617, 1604329
1.58435583115, 1597897
1.59264588356, 1594066
1.59389305115, 1584134
3.22393083572, 1582173
6.30113697052, 1580470
6.30177283287, 1578067
6.92245602608, 1576361
6.92612886429, 1576060
6.94378805161, 1568120
6.96095895767, 1562619
10.1789429188, 1560688
10.1814188957, 1559456
10.3373439312, 1558841
12.5326230526, 1558259
12.9618899822, 1558107
14.0388429165, 1556934
15.9099369049, 1555060
