0.0243358612061, 1784212
0.0287299156189, 1782211
0.0355830192566, 1756565
0.0363280773163, 1756118
0.0561108589172, 1744686
0.0565099716187, 1742497
0.10955786705, 1739302
0.112982988358, 1734767
0.113427877426, 1728866
0.115885972977, 1725881
0.116011857986, 1710833
0.124501943588, 1706715
0.125558853149, 1693008
0.13315486908, 1690520
0.148864984512, 1689203
0.150909900665, 1681047
0.365828990936, 1677948
0.366231918335, 1671240
0.367305994034, 1669926
0.368200063705, 1668790
0.369060993195, 1656853
0.369886875153, 1648046
0.370507001877, 1641312
0.37172794342, 1638930
0.374086856842, 1633713
0.446276903152, 1632282
0.448651075363, 1624514
0.448813915253, 1624316
0.508456945419, 1622137
0.754982948303, 1620098
0.996443986893, 1615323
0.997689962387, 1601928
1.24804186821, 1599693
1.42681288719, 1597944
1.56495785713, 1596222
1.56994199753, 1594435
1.57057905197, 1594299
1.57214689255, 1593436
1.57718801498, 1579840
4.26433300972, 1579257
4.6732609272, 1576067
4.67443799973, 1569974
5.63793206215, 1567199
15.3817079067, 1564224
15.3904030323, 1561306
15.4078800678, 1559235
15.4081730843, 1558593
15.8491098881, 1558259
15.8937849998, 1558165
15.9169259071, 1556565
15.918325901, 1555702
16.4481239319, 1555060
