0.0315380096436, 1793879
0.0320270061493, 1790673
0.033075094223, 1783656
0.0334131717682, 1782793
0.0348501205444, 1774859
0.0385341644287, 1772746
0.0392441749573, 1766736
0.0394511222839, 1765176
0.0421230792999, 1751386
0.0463089942932, 1748335
0.110844135284, 1738095
0.145155191422, 1729727
0.145593166351, 1725863
0.147485017776, 1719708
0.151478052139, 1706292
0.153056144714, 1700575
0.153324127197, 1695748
0.15863609314, 1694656
0.16136598587, 1693066
0.182542085648, 1681322
0.182682037354, 1678703
0.187908172607, 1672343
0.193099975586, 1665314
0.219974040985, 1663319
0.430925130844, 1652238
0.431239128113, 1652154
0.434949159622, 1651181
0.435142040253, 1649812
0.435271024704, 1647159
0.438802957535, 1641980
0.438820123672, 1633110
0.607201099396, 1627325
1.11842918396, 1624620
1.11904811859, 1616799
1.29883909225, 1615969
1.38571810722, 1613444
1.39341711998, 1608476
1.39647102356, 1606073
1.39722800255, 1605378
1.39746403694, 1600935
1.40980815887, 1590276
3.09729003906, 1588133
3.09794402122, 1587756
4.18745112419, 1587446
4.19544100761, 1585659
4.20358896255, 1585033
4.20488119125, 1584176
4.21053004265, 1582260
4.2164850235, 1578396
5.91003298759, 1577044
7.64200496674, 1573580
7.64539217949, 1573094
7.65268397331, 1565046
7.65376806259, 1558749
