0.0427379608154, 1795644
0.0440399646759, 1791958
0.0453319549561, 1782731
0.0458290576935, 1774309
0.0774989128113, 1768546
0.0782890319824, 1768394
0.0789520740509, 1746288
0.0969951152802, 1743524
0.10302901268, 1738835
0.10373711586, 1736960
0.103804111481, 1725727
0.104244947433, 1724078
0.104949951172, 1711698
0.105933904648, 1709162
0.106606006622, 1691975
0.107703924179, 1682338
0.110778093338, 1680299
0.214467048645, 1677764
0.23980307579, 1674002
0.24275803566, 1672349
0.244453907013, 1664661
0.251878976822, 1661491
0.255731105804, 1656550
0.256531000137, 1652686
0.261008024216, 1650150
0.263156890869, 1642273
0.267663002014, 1638186
0.274272918701, 1633407
0.974086046219, 1632433
0.974571943283, 1631446
0.979315042496, 1627720
1.55894589424, 1623710
1.56171488762, 1623576
1.56390810013, 1617566
1.78174805641, 1612673
1.78943610191, 1612018
2.0646340847, 1610948
2.06944608688, 1610512
2.07111597061, 1607461
2.07179307938, 1606221
2.07465410233, 1605774
2.07857203484, 1600027
2.4103770256, 1598146
2.41234588623, 1596865
2.44292998314, 1592139
2.44301891327, 1587696
2.44523096085, 1587615
2.45075702667, 1587220
2.45115399361, 1585004
2.46924805641, 1584550
2.50749707222, 1580479
2.51224589348, 1579616
2.51286196709, 1575752
2.51349806786, 1575113
6.6719288826, 1573779
7.32255196571, 1573006
7.76755404472, 1572455
7.76851511002, 1572109
7.77063989639, 1571239
8.01759600639, 1567017
8.01915192604, 1566375
8.02035689354, 1565143
9.2288620472, 1563642
9.47662591934, 1562779
9.47730994225, 1560804
10.0086860657, 1560487
10.9866509438, 1558968
11.892056942, 1555060
