0.0279998779297, 1774994
0.0280230045319, 1773221
0.0281419754028, 1769778
0.0353779792786, 1768975
0.0693418979645, 1755601
0.0714960098267, 1750841
0.0725359916687, 1750737
0.0734808444977, 1749334
0.0737018585205, 1748471
0.116914987564, 1745824
0.117063999176, 1743284
0.119087934494, 1742274
0.154587984085, 1739448
0.154743909836, 1712240
0.155299901962, 1709858
0.159209012985, 1698523
0.160874843597, 1697283
0.164258956909, 1693307
0.173113822937, 1689162
0.175878047943, 1688233
0.176151037216, 1688079
0.1761739254, 1682973
0.176411867142, 1672227
0.176587820053, 1666079
0.190884828568, 1648390
0.227486848831, 1646604
0.22856593132, 1639076
0.486733913422, 1633605
0.631991863251, 1626889
1.06851696968, 1620507
1.06968593597, 1617187
1.18980789185, 1608651
1.19025087357, 1607788
1.19618701935, 1606395
1.20009183884, 1600526
1.20191383362, 1598148
1.20724391937, 1592293
1.20788598061, 1589375
1.2122490406, 1584807
3.97224283218, 1579211
3.97562885284, 1575284
5.05799388885, 1573757
6.07297682762, 1573236
8.83083987236, 1567046
9.3382370472, 1561713
9.34571886063, 1559797
9.3484749794, 1558565
11.1719558239, 1555702
11.2056658268, 1555060
