0.0258610248566, 1795127
0.0261030197144, 1758950
0.026444196701, 1756858
0.0276041030884, 1754895
0.0542221069336, 1735957
0.055379152298, 1713417
0.0555369853973, 1709443
0.0575091838837, 1703675
0.0588541030884, 1702921
0.0661900043488, 1699606
0.0671181678772, 1692010
0.0671510696411, 1682717
0.0680990219116, 1680801
0.0690891742706, 1677797
0.0713469982147, 1675582
0.0727541446686, 1671861
0.0842900276184, 1667099
0.0903041362762, 1661180
0.0954010486603, 1661125
0.151992082596, 1651011
0.152364015579, 1650395
0.167906045914, 1635171
0.565747022629, 1633899
0.581160068512, 1630528
0.685381174088, 1629990
0.94763302803, 1626720
0.948760032654, 1620819
0.949354171753, 1619676
1.1492459774, 1606149
1.64497900009, 1605049
1.64541602135, 1604965
1.64710712433, 1590715
1.65094208717, 1576603
4.45089411736, 1574318
6.46119308472, 1574265
7.43801903725, 1573186
7.44905519485, 1572323
7.4861471653, 1568154
7.48849916458, 1566460
9.1509680748, 1565521
9.32001900673, 1564534
9.32117199898, 1563877
9.32156205177, 1563014
9.33120012283, 1561123
10.3689861298, 1559207
13.1727890968, 1556976
13.1764709949, 1555923
13.1814479828, 1555060
