0.0370938777924, 1787107
0.040020942688, 1779638
0.0407378673553, 1776297
0.0419750213623, 1772768
0.0424239635468, 1771905
0.043869972229, 1768182
0.0438859462738, 1768045
0.0457220077515, 1761072
0.0534648895264, 1746831
0.0578000545502, 1736064
0.0582680702209, 1723615
0.0589408874512, 1714886
0.0897610187531, 1714407
0.092700958252, 1712204
0.0931189060211, 1709648
0.0934290885925, 1708464
0.0934450626373, 1702634
0.09503698349, 1700960
0.0959680080414, 1692041
0.105054855347, 1689288
0.107101917267, 1687406
0.107445001602, 1679065
0.139160871506, 1670229
0.225346088409, 1668133
0.225945949554, 1655783
0.229402065277, 1643537
0.23018693924, 1638383
0.230901956558, 1634220
0.231014966965, 1631601
0.231626033783, 1628705
0.23309803009, 1626697
0.247406959534, 1609903
2.15910506248, 1608527
2.15949892998, 1602070
2.159719944, 1601582
2.75557208061, 1600292
3.44542193413, 1599629
4.95134592056, 1598573
4.95201992989, 1597521
4.95355987549, 1591511
5.33158707619, 1587539
5.35985898972, 1582899
5.36307501793, 1581299
5.51912999153, 1580801
5.55093407631, 1575136
5.55503487587, 1573806
5.5691549778, 1570698
5.59874296188, 1566015
5.60546207428, 1565926
7.56085205078, 1565918
7.69732093811, 1565795
8.70604586601, 1564664
8.71022796631, 1561698
