0.0593299865723, 2159728
0.0610411167145, 2153423
0.0628399848938, 2139678
0.108300924301, 2134116
0.11390209198, 2132063
0.148679018021, 2132002
0.180705070496, 2114881
0.184203147888, 2103388
0.301442146301, 2100480
0.312149047852, 2093829
0.31569314003, 2082336
0.569431066513, 2077047
0.57010602951, 2053660
0.752358913422, 2035478
1.26255893707, 2016956
1.62984895706, 2016720
1.78884792328, 2012543
1.79661798477, 2005898
22.0320880413, 2001756
22.3349540234, 1997343
22.3427910805, 1990698
62.8316431046, 1986797
80.1771500111, 1986039
89.7143831253, 1983942
91.177850008, 1980777
92.939729929, 1970373
193.787123919, 1966101
506.569453955, 1964430
524.288928032, 1959771
