0.0231549739838, 1792539
0.0234711170197, 1783420
0.0238931179047, 1781497
0.0240700244904, 1778525
0.0243561267853, 1777112
0.0243730545044, 1770308
0.0299751758575, 1752536
0.0319349765778, 1734826
0.0321869850159, 1712460
0.0327830314636, 1705405
0.0507791042328, 1698844
0.0513830184937, 1698740
0.0522260665894, 1698582
0.0526821613312, 1697226
0.0545361042023, 1697019
0.0975589752197, 1692202
0.0988349914551, 1673244
0.0988550186157, 1672003
0.100874185562, 1670335
0.101655006409, 1670152
0.104825019836, 1669510
0.107331991196, 1658166
0.108664989471, 1652239
0.110813140869, 1646906
0.143480062485, 1635762
0.146782159805, 1635689
0.160130023956, 1635089
0.161864995956, 1632159
0.167919158936, 1625706
1.21008610725, 1622429
1.28013706207, 1620602
1.28035116196, 1618066
1.28384804726, 1616150
1.28403997421, 1612883
2.26784801483, 1606964
2.27362203598, 1598126
3.33775615692, 1596122
3.34208607674, 1591162
3.35588407516, 1585975
3.3770070076, 1582818
3.37730312347, 1580542
3.37882113457, 1578626
3.39505815506, 1577907
6.24563002586, 1573279
6.25131416321, 1572576
8.66515517235, 1569353
9.32030010223, 1564811
9.92102217674, 1563802
10.4409451485, 1563226
11.3826241493, 1561083
11.3834199905, 1558165
11.3847281933, 1557523
11.6501100063, 1556934
11.6568920612, 1555702
15.0563659668, 1555060
