0.025465965271, 1796129
0.0259778499603, 1791236
0.0361218452454, 1789977
0.0471198558807, 1786684
0.0472428798676, 1782056
0.0931568145752, 1765256
0.0935139656067, 1760509
0.0955498218536, 1759234
0.104754924774, 1743669
0.112218856812, 1740351
0.112703800201, 1731189
0.115703821182, 1725214
0.115927934647, 1719300
0.140461921692, 1713681
0.140690803528, 1710024
0.140934944153, 1708474
0.142290830612, 1704355
0.142973899841, 1698808
0.143249988556, 1695196
0.25723695755, 1693811
0.25825881958, 1693363
0.280838012695, 1689416
0.281994819641, 1683406
0.282030820847, 1682231
0.284917831421, 1675933
0.286450862885, 1663535
0.287422895432, 1661153
0.288094997406, 1657648
0.42901802063, 1651966
0.430879831314, 1648083
0.432220935822, 1641460
0.435436010361, 1640146
0.439864873886, 1627107
0.440691947937, 1626070
0.449972867966, 1625234
0.450037956238, 1624316
0.450176000595, 1622526
0.450774908066, 1621663
0.516035795212, 1619034
0.517632961273, 1616891
0.536002874374, 1614288
0.61828494072, 1613463
0.621008872986, 1600832
0.624327898026, 1599705
0.778028011322, 1597698
0.778790950775, 1597617
0.78568983078, 1597334
0.787900924683, 1594931
0.948179006577, 1594754
0.953913927078, 1591114
2.2408349514, 1588682
2.24091696739, 1585793
4.4716758728, 1581735
6.08090186119, 1579994
6.09093594551, 1578434
6.09242987633, 1572561
6.09513282776, 1562916
8.77937078476, 1561165
8.81676578522, 1559235
