0.0030620098114, 1600436
0.00321102142334, 1590130
0.00353598594666, 1579671
0.00393891334534, 1564850
0.00549912452698, 1536001
0.00695896148682, 1522145
0.00848793983459, 1500052
0.00858592987061, 1495645
0.00965595245361, 1478017
0.00999903678894, 1467712
0.0103569030762, 1465851
0.0184810161591, 1464021
0.0260488986969, 1455242
0.0274391174316, 1450500
0.0279989242554, 1444659
0.0377330780029, 1418471
0.0397679805756, 1418077
0.0422689914703, 1414007
0.0448410511017, 1413434
0.0965180397034, 1408394
0.0970990657806, 1407270
0.0980529785156, 1406106
0.0982151031494, 1404970
0.406608104706, 1401599
0.412842988968, 1400073
0.787028074265, 1399405
1.16591596603, 1395981
