0.00291705131531, 1601408
0.00360012054443, 1599225
0.00361704826355, 1594105
0.00366616249084, 1586158
0.00706505775452, 1576122
0.00774002075195, 1574000
0.00924801826477, 1573588
0.0106601715088, 1562694
0.010724067688, 1458011
0.0111639499664, 1456704
0.0111789703369, 1453856
0.0131371021271, 1449002
0.0142560005188, 1446859
0.0143339633942, 1445052
0.0143649578094, 1441597
0.0145790576935, 1423249
0.0199129581451, 1407011
0.0201151371002, 1402941
0.185404062271, 1399985
1.77965402603, 1399417
1.78176808357, 1397685
1.78228616714, 1397117
3.08280801773, 1395981
