0.00541496276855, 1602189
0.00581812858582, 1600536
0.0058741569519, 1589258
0.00625801086426, 1586905
0.00653600692749, 1585351
0.0078821182251, 1579206
0.00800609588623, 1578372
0.00838708877563, 1570434
0.00859808921814, 1568397
0.00883913040161, 1559556
0.0100619792938, 1537784
0.0105121135712, 1533692
0.0105299949646, 1530428
0.0140771865845, 1468278
0.0180630683899, 1464824
0.0182681083679, 1463570
0.0184719562531, 1461709
0.0187380313873, 1457203
0.0189261436462, 1456634
0.0190801620483, 1449117
0.0265350341797, 1438179
0.0268139839172, 1437611
0.0276889801025, 1437604
0.0277659893036, 1435304
0.0392210483551, 1429858
0.0394990444183, 1419210
0.0514540672302, 1417250
0.0601420402527, 1413892
0.060319185257, 1411527
0.0637540817261, 1406861
0.0645179748535, 1400619
0.435064077377, 1397685
3.124158144, 1396549
3.43220114708, 1395981
