0.00324702262878, 1610590
0.00332403182983, 1609213
0.00711393356323, 1506709
0.00785398483276, 1500528
0.00795793533325, 1490223
0.010262966156, 1485727
0.0109519958496, 1480586
0.0133240222931, 1476463
0.0136971473694, 1463205
0.0197219848633, 1463152
0.0203490257263, 1460284
0.0213489532471, 1452346
0.0998611450195, 1448616
0.103146076202, 1445054
0.129716157913, 1445009
0.130236148834, 1438418
0.132833957672, 1436694
0.138076066971, 1436510
0.138772964478, 1430892
0.149956941605, 1429584
0.247105121613, 1427663
0.279513120651, 1416300
0.280146121979, 1414986
0.280983924866, 1405591
0.28126001358, 1399973
0.681149959564, 1395981
