0.00299620628357, 1607622
0.00444912910461, 1602831
0.00565814971924, 1602035
0.00570821762085, 1488329
0.0127801895142, 1474836
0.0130290985107, 1465062
0.013482093811, 1464907
0.013934135437, 1457611
0.0139670372009, 1455142
0.037801027298, 1449591
0.0384202003479, 1449500
0.0542070865631, 1446326
0.0547029972076, 1442533
0.055064201355, 1439808
0.0583121776581, 1439438
0.0586531162262, 1428411
0.0586709976196, 1423765
0.0782060623169, 1417651
0.0813300609589, 1416832
0.0822970867157, 1409941
0.0916540622711, 1408836
0.14879322052, 1408643
0.152695178986, 1407519
0.153123140335, 1399985
1.10931515694, 1397117
2.10701704025, 1396549
2.5301990509, 1395981
