0.00326108932495, 1594139
0.00470113754272, 1588162
0.00670909881592, 1584138
0.00731015205383, 1584047
0.0076630115509, 1533607
0.0118770599365, 1530894
0.0126609802246, 1528395
0.0127861499786, 1527271
0.0130331516266, 1516356
0.0184860229492, 1462690
0.0192410945892, 1455450
0.0194520950317, 1454177
0.0197219848633, 1451813
0.0197870731354, 1445910
0.0269939899445, 1445482
0.0271210670471, 1442235
0.0283529758453, 1441700
0.0309231281281, 1440780
0.0310940742493, 1432912
0.0349600315094, 1432546
0.0365600585938, 1430168
0.0385501384735, 1421417
0.0388131141663, 1407252
0.0391671657562, 1406306
0.239367008209, 1402307
0.298280000687, 1399985
1.02436995506, 1399973
1.10715103149, 1399405
1.11072707176, 1398281
1.20952510834, 1396549
3.37612509727, 1395981
