0.00342202186584, 1602412
0.00364089012146, 1601098
0.00441694259644, 1594518
0.00607490539551, 1589596
0.00656008720398, 1581194
0.00798892974854, 1577523
0.00812602043152, 1543772
0.00820398330688, 1543284
0.0084490776062, 1541958
0.00919699668884, 1535136
0.00934791564941, 1535123
0.0109870433807, 1526866
0.0113940238953, 1516274
0.0181820392609, 1488262
0.0182769298553, 1486948
0.018707036972, 1483854
0.0228340625763, 1481037
0.0239980220795, 1477076
0.0259020328522, 1474751
0.0260980129242, 1473019
0.0265860557556, 1472547
0.0266919136047, 1469679
0.0293428897858, 1464492
0.0293591022491, 1461915
0.0316340923309, 1455985
0.0322079658508, 1454451
0.034795999527, 1444211
0.0369350910187, 1439035
0.0428600311279, 1436151
0.0608489513397, 1435872
0.060898065567, 1427031
0.0649499893188, 1408510
0.300302028656, 1401859
1.67481899261, 1399985
1.6765730381, 1396549
2.31838607788, 1395981
