0.845906972885, 773081
39.4985048771, 772957
39.4990429878, 772692
39.503308773, 771224
39.5040798187, 769964
39.5081028938, 769438
39.5107629299, 768968
39.6525828838, 768596
39.6571547985, 768422
39.6574509144, 768369
39.6599049568, 768062
39.6676049232, 766757
39.6680819988, 766735
39.6685709953, 764777
39.6706609726, 763620
39.6707258224, 762081
39.674489975, 761430
39.6808149815, 760551
39.6848468781, 759537
39.6864719391, 758563
39.6867399216, 758294
39.6869328022, 756997
39.6878237724, 756918
39.6895499229, 756198
39.6905817986, 755377
39.69389081, 754982
39.6955778599, 753926
39.7217578888, 751994
39.7221019268, 751655
39.7411170006, 751395
39.7419838905, 750362
39.7445859909, 750038
39.7465279102, 749205
39.7510888577, 748812
39.7519719601, 748777
39.752617836, 747963
39.7533268929, 747618
39.7544338703, 747347
39.7549738884, 746761
39.7575018406, 746164
39.7575769424, 745153
39.7583928108, 743862
44.3586750031, 742601
44.3631949425, 741964
44.3648929596, 741947
44.3678388596, 741616
44.3938069344, 741355
44.4599578381, 740998
44.4752149582, 740134
44.4821329117, 738872
45.2041199207, 738807
45.2101659775, 738776
45.4636068344, 738139
45.4643769264, 737055
45.468121767, 736866
45.4986279011, 736603
45.4999978542, 734716
45.5007748604, 734696
45.5030288696, 734460
45.5041558743, 732367
45.5081439018, 731983
45.5087189674, 731202
47.3624868393, 730701
47.3631417751, 728654
47.4385828972, 728436
47.4389488697, 727660
47.4400169849, 727203
47.4402079582, 727194
47.443805933, 725374
47.4449439049, 725139
47.4497458935, 725029
47.4504377842, 724882
47.4540247917, 723981
47.4562489986, 723791
47.4565107822, 723707
47.4601769447, 723209
47.4603238106, 723100
47.4643349648, 723066
47.469080925, 722853
47.4749219418, 722682
47.4751079082, 722332
47.4765779972, 721641
48.0544228554, 720264
48.7046039104, 719584
48.708840847, 719294
48.7092168331, 718146
48.7215168476, 717873
48.72853899, 715818
48.7308650017, 715313
49.3733408451, 713423
49.8928627968, 713245
49.8963840008, 712393
49.9044868946, 712291
49.9238369465, 711407
49.9263558388, 711098
49.9311258793, 710928
49.9366698265, 710917
49.9383039474, 710149
50.1118619442, 710024
50.1119749546, 709933
51.044700861, 709574
51.7791509628, 709065
52.1763458252, 707326
52.1768949032, 706907
52.192057848, 706015
52.2095937729, 705970
52.2102959156, 704917
52.2465159893, 703284
52.2498059273, 703184
52.6131048203, 703074
52.6170768738, 702878
52.6207988262, 702843
52.6220018864, 702247
52.6662609577, 701757
52.6685469151, 701175
52.6733357906, 700482
52.6743929386, 700076
52.6755359173, 699852
52.6803739071, 699261
52.6860768795, 698986
53.6235918999, 697734
53.6307108402, 697091
54.9937839508, 697051
55.0014419556, 696791
55.0086979866, 696574
55.2233607769, 694602
55.2249319553, 694031
55.2299339771, 693873
55.2384319305, 692865
55.2410399914, 692711
55.2662987709, 692681
55.2910068035, 692030
55.3004488945, 691721
55.3086929321, 690834
55.3275299072, 690101
55.5410368443, 690067
55.5445258617, 689278
55.6085598469, 689053
57.0969908237, 687528
57.1221008301, 686666
57.1486778259, 686150
57.1542189121, 685138
57.1621778011, 684912
57.1703119278, 684040
60.9116988182, 683087
60.9320149422, 682954
61.1242239475, 682952
61.1383547783, 682674
61.1403019428, 681041
61.1405079365, 680840
62.0354409218, 680090
62.0491399765, 679873
62.0601677895, 679333
62.0674068928, 678842
62.0705327988, 678783
62.1183578968, 678647
62.3395488262, 677544
62.3777399063, 677462
62.5824689865, 676772
62.5841088295, 676158
62.5889627934, 675973
62.5984539986, 675415
62.9151728153, 675109
62.999298811, 674897
63.001914978, 674621
67.1932590008, 674394
67.1993029118, 674225
67.201900959, 674077
67.2746269703, 673608
67.2870948315, 673338
67.2881569862, 673315
67.2907578945, 672564
67.291467905, 672306
67.3056828976, 672181
67.3973999023, 671940
67.4260528088, 671312
67.4344968796, 670946
67.513548851, 670647
67.5203139782, 670221
68.4931249619, 670088
68.5416238308, 670048
68.5423820019, 669871
68.5445768833, 669345
68.7216649055, 668827
69.0861690044, 668345
69.1031529903, 667952
69.851118803, 667562
70.4828448296, 667360
70.4877169132, 667155
70.5661268234, 666692
70.7662878036, 666631
70.7773997784, 666484
70.8052659035, 665318
71.7822108269, 665292
71.8026878834, 665270
72.5091748238, 664356
72.5390110016, 664265
72.5491559505, 663343
72.550590992, 663230
72.5572957993, 662832
76.5735149384, 662805
76.5767979622, 662458
77.0574879646, 662351
79.3408849239, 662309
79.4784228802, 662234
79.4935548306, 662133
79.5658237934, 661739
79.5917518139, 661636
79.6322028637, 661500
79.6330838203, 661478
79.6674637794, 661323
88.4686799049, 660704
88.9939448833, 660673
89.8024117947, 660628
89.9116358757, 660613
91.4548947811, 660546
91.536331892, 660395
94.4388868809, 660328
95.4076099396, 660251
95.4387629032, 660134
97.7468149662, 660014
97.9132289886, 659849
98.0646569729, 659780
98.1162099838, 659720
109.387341976, 659696
112.477593899, 659686
