40.8479609489, 773035
40.970594883, 771449
40.9712438583, 769941
40.9762339592, 768547
40.9843258858, 767877
42.3225338459, 765995
42.3279459476, 765815
42.32837677, 765539
42.9527077675, 764882
42.9541139603, 764366
42.9561748505, 763621
42.9596948624, 763583
42.9621939659, 761451
42.9753129482, 761062
42.9754528999, 760943
42.9991028309, 759763
43.0002949238, 758849
43.0113008022, 757465
43.0119359493, 757417
43.098897934, 756359
43.0994989872, 755899
43.0995547771, 754789
43.1155967712, 754495
43.1204957962, 754415
43.122040987, 753852
44.4063308239, 753620
44.4202058315, 752231
44.420265913, 752015
44.4214539528, 748944
44.4253528118, 747211
44.4273178577, 747172
44.43542099, 745875
44.437432766, 744664
44.4380779266, 744096
44.4440429211, 743626
44.4444179535, 741707
44.4451987743, 741003
44.4468429089, 739741
44.4533360004, 739426
44.4533908367, 738653
44.4557199478, 738101
48.6700668335, 736324
48.6704368591, 735224
48.8501107693, 734904
49.1932079792, 734805
49.2631528378, 734615
49.2690639496, 734388
49.2700247765, 733881
49.2704129219, 732492
49.2780578136, 732298
49.2931349277, 731947
49.2955229282, 731635
49.2969567776, 731595
49.3003559113, 731168
49.3107328415, 731042
49.3121778965, 730766
49.3411648273, 729398
49.3615818024, 729116
49.3791158199, 728950
50.7742109299, 728639
50.7824568748, 728271
50.7919118404, 727271
50.7993679047, 727152
51.289359808, 727006
51.4453969002, 726668
51.4472999573, 724637
51.4628078938, 722936
51.5450119972, 722633
51.5480549335, 722261
51.5537178516, 721243
51.5650999546, 720963
51.6237919331, 720223
51.625150919, 718966
51.9478199482, 718948
51.9491019249, 718068
51.9602189064, 717688
52.3906807899, 717224
52.3920998573, 716885
52.4129788876, 716036
52.4134478569, 715021
52.4658827782, 713466
52.4754099846, 712776
53.0146608353, 712714
53.0233538151, 712713
53.0235719681, 712634
53.0341458321, 711599
54.4266278744, 711398
54.430410862, 710939
54.4322888851, 710595
54.4340898991, 710148
54.4397239685, 709084
54.4405739307, 708210
54.4472589493, 707529
54.4490828514, 707501
54.4496939182, 706936
54.4558978081, 706778
54.4631447792, 705352
56.4977209568, 705258
56.5065348148, 704940
56.5213739872, 703488
56.5232989788, 703158
56.5278527737, 702494
56.5334179401, 702382
57.6950957775, 700819
57.6999299526, 700666
57.7023408413, 700397
57.703004837, 700164
57.7351739407, 699076
57.8486588001, 698843
58.3750128746, 698278
58.3769638538, 697452
58.3817398548, 696936
58.7314419746, 696744
58.760848999, 696291
63.3521749973, 695931
63.3608608246, 695428
63.3609879017, 695196
63.364620924, 694662
63.4195008278, 694641
63.6216118336, 694613
63.7763559818, 694383
63.798104763, 692209
63.9681329727, 691947
63.977257967, 691540
64.0268168449, 691471
64.0271389484, 690686
64.0445508957, 690511
64.0516798496, 690340
64.0556678772, 690088
65.0674219131, 690073
65.0783939362, 690025
65.1127538681, 689772
65.119519949, 689742
65.1348469257, 689482
65.1388018131, 689403
65.144564867, 689302
65.1502177715, 689280
65.985585928, 688575
66.0052669048, 688548
66.0105137825, 688175
66.0310578346, 688086
66.2113378048, 687681
66.6443469524, 687634
66.6688518524, 687253
66.6715679169, 686345
66.7045829296, 686289
66.7309048176, 685906
66.751983881, 685025
66.7616169453, 685009
66.7811069489, 684842
66.7923967838, 684719
66.7965619564, 684467
66.8074269295, 684429
66.8099329472, 683768
66.8350198269, 682947
66.8924949169, 682412
66.9095308781, 682118
66.9096128941, 681820
66.9110939503, 680793
66.9156999588, 679753
66.9265527725, 679510
67.7125549316, 679453
67.7536079884, 679349
67.853967905, 678901
70.451625824, 678149
70.545788765, 678142
70.5527489185, 677830
70.5707268715, 677761
70.6391768456, 677549
70.703168869, 677285
70.7117159367, 677230
70.7150058746, 676405
71.1032218933, 676149
73.8703119755, 675951
73.8862597942, 675881
73.8898029327, 675231
73.8985378742, 675171
73.9799108505, 675118
73.9917609692, 674914
74.0016839504, 674892
74.2023918629, 674598
74.2335867882, 674376
74.2389757633, 674194
74.3007309437, 674173
74.3136308193, 674091
74.3232557774, 674083
74.3346569538, 673971
74.3455069065, 673592
74.3516459465, 673296
74.352976799, 672757
76.3200907707, 672094
76.3256208897, 671982
80.6016697884, 671891
80.7716958523, 671446
85.1613738537, 671301
85.1668758392, 671279
85.7549369335, 671035
86.3630058765, 670508
86.3820009232, 670280
86.61566782, 670194
91.7136428356, 670038
91.9321529865, 670006
93.3101837635, 669911
93.9758749008, 669905
94.0318379402, 669845
96.5249447823, 669801
96.6112718582, 669756
96.6625688076, 669635
97.3067519665, 669498
97.7145228386, 669466
101.531313896, 669459
113.302779913, 669452
