42.4511139393, 772436
42.4524269104, 772419
43.6493530273, 772413
43.64960289, 772387
43.6499109268, 772351
43.6512269974, 772201
43.6531860828, 771972
43.6579220295, 771211
43.6587059498, 770761
43.7134990692, 770629
43.7175040245, 770428
43.7278161049, 770246
43.7283649445, 768432
43.7369549274, 767567
43.7406919003, 767164
43.7539520264, 765545
43.7557189465, 765083
43.7570528984, 764355
43.7572999001, 762507
44.0949220657, 761514
44.3065459728, 759811
44.3066210747, 759664
44.3097569942, 758874
44.313117981, 758281
44.3742189407, 756167
44.3757989407, 756082
44.3899641037, 755341
44.5703690052, 755064
44.5716309547, 753709
44.5739870071, 752411
44.5922150612, 751608
44.5925788879, 751557
44.6319448948, 751465
45.7524490356, 750824
45.7756309509, 750521
46.9246430397, 750229
46.9271430969, 750135
46.9343800545, 750119
46.9350399971, 748736
46.9355680943, 748396
46.935683012, 748369
46.9440419674, 748000
46.9445090294, 747632
46.9877080917, 746675
46.9947578907, 746026
46.9948039055, 745909
47.0009689331, 744701
47.0315239429, 742485
47.0777060986, 742379
48.4112360477, 742354
48.4357509613, 742158
48.949037075, 742018
49.0938110352, 740464
49.0938999653, 740245
49.1678869724, 738334
49.1695249081, 737886
49.3841710091, 737118
49.3848628998, 737107
49.3887650967, 737025
49.4075469971, 736863
49.41248703, 736835
49.4161939621, 736770
49.4169340134, 736740
49.4244539738, 736010
49.4279110432, 735096
49.4359369278, 734425
49.4439048767, 734086
49.4472990036, 731823
49.4836289883, 731281
49.4890170097, 730843
49.4898591042, 729799
49.4900970459, 728456
49.4902470112, 728121
49.4904110432, 727015
49.4984879494, 725684
49.4988439083, 725166
49.4992408752, 724507
49.4998369217, 723988
49.5018270016, 723201
49.5023329258, 722056
49.5082650185, 720470
49.5134899616, 719780
49.5527980328, 719756
49.5606770515, 719348
51.5447669029, 718585
51.5713119507, 717766
51.5764079094, 717710
51.5861690044, 715862
51.5883450508, 715639
51.5889658928, 715600
51.5899748802, 715392
51.6000680923, 714926
51.6006939411, 713320
51.602586031, 712929
51.6074199677, 712422
51.6086421013, 712346
52.0373790264, 711551
52.0397689342, 711526
52.0930728912, 711064
52.093298912, 711047
52.1029579639, 709612
57.6340289116, 707293
57.7636380196, 707002
57.8115029335, 706938
57.813890934, 706819
58.1143260002, 706694
58.1170608997, 706342
58.1188850403, 706142
58.1226620674, 703611
58.1299278736, 703607
58.143652916, 703420
58.143930912, 702900
58.151902914, 702524
58.2000188828, 702471
58.2013421059, 700701
58.2234380245, 700152
58.2851779461, 699750
58.2876548767, 699012
58.2888798714, 698851
58.2945320606, 698503
58.3003718853, 697835
58.3031299114, 697400
58.5238239765, 696601
58.5300419331, 696177
58.5352680683, 695844
58.547919035, 695652
58.5496718884, 695111
58.5497610569, 695093
58.5705609322, 694738
60.1609539986, 694681
60.5096879005, 694674
60.5172410011, 694045
60.547098875, 693957
60.5527849197, 692534
60.5531599522, 692429
64.1957359314, 691997
64.2195038795, 691697
64.2412919998, 691535
64.326171875, 691244
64.3338050842, 690870
64.3367629051, 690657
64.3415439129, 690129
64.5116128922, 689994
64.7453360558, 688711
64.7884299755, 688463
64.7898879051, 686973
64.7999329567, 686898
64.8021659851, 686590
64.8055958748, 686312
65.0400819778, 685316
65.056789875, 685287
65.0597510338, 684832
65.0654609203, 684647
65.0757451057, 684528
65.0782620907, 684297
65.1406710148, 684187
65.1459970474, 684006
67.8901450634, 683946
67.8967781067, 683809
67.9032459259, 683540
67.9075119495, 683526
67.914167881, 683121
69.056442976, 682967
69.1649339199, 682332
69.2024259567, 682215
69.2091510296, 682155
69.2136919498, 681859
69.2595059872, 680981
69.3247959614, 680634
70.4253120422, 679967
70.4417250156, 679484
70.7585780621, 678333
70.7594881058, 677663
70.7610640526, 677579
70.8784799576, 677547
70.8847870827, 677300
70.896146059, 676894
70.9059860706, 676289
70.9081380367, 676072
70.9256999493, 675950
72.273047924, 675896
72.2896740437, 675892
72.3046789169, 675793
72.3493080139, 675458
74.4050209522, 675201
74.4433779716, 675033
74.7859220505, 675028
74.8029420376, 674646
74.831674099, 674420
74.9553050995, 674374
75.0428590775, 674203
75.0551159382, 673898
75.2410531044, 673733
75.2861859798, 673703
75.3157980442, 673671
75.324696064, 673309
77.6941108704, 673002
77.7763159275, 672978
77.796020031, 672113
79.343061924, 672030
79.4045739174, 671994
83.163433075, 671955
83.1934440136, 671810
83.3766150475, 671454
84.2420320511, 671453
84.2939620018, 671342
84.5343649387, 671231
84.5507760048, 671167
89.5105400085, 671150
92.1244609356, 670823
92.125371933, 670665
92.1482930183, 670617
93.7426400185, 670558
94.3593220711, 670394
94.4743580818, 670366
94.6412680149, 670336
94.8762030602, 670267
96.4948279858, 670256
96.5764110088, 670224
97.4484760761, 670164
99.8225469589, 670159
103.474090099, 670140
108.22665906, 670132
108.364541054, 670104
111.402052879, 670059
