33.1167011261, 772420
33.1188831329, 771761
33.1194519997, 771581
33.121199131, 770923
33.1238460541, 769277
33.1314251423, 768561
33.1454870701, 768253
33.1458220482, 767295
33.1494500637, 767060
34.1258039474, 766869
34.1368291378, 766238
34.1394150257, 766010
34.1813280582, 765683
34.1816329956, 765574
34.380644083, 765527
34.6272320747, 765040
34.628038168, 764847
34.6396160126, 764214
34.6413891315, 763814
34.6421329975, 762612
34.6441719532, 761631
34.6482739449, 760656
34.6672229767, 759449
34.6706571579, 759418
34.7200160027, 758280
34.7214050293, 758159
35.5532500744, 758158
35.5660879612, 756948
35.5678470135, 756280
35.5689849854, 755726
35.5709309578, 751255
35.5873019695, 749771
35.5888230801, 748920
35.5893070698, 747742
35.5897891521, 747471
35.5913140774, 747459
35.5925180912, 744953
35.5927979946, 744664
35.5931601524, 743891
35.6209969521, 743816
37.3895931244, 743301
37.3938441277, 743166
37.3955860138, 742046
37.3962039948, 741444
37.396821022, 740850
37.3971290588, 739102
37.4133579731, 738863
37.4176640511, 738538
37.6716229916, 738157
39.2175469398, 737284
39.2180049419, 736268
39.221280098, 735410
39.2286789417, 735388
39.2290360928, 735245
39.2322080135, 733591
39.2426781654, 733467
40.0457670689, 732951
40.046225071, 732863
40.0462999344, 731772
40.0498771667, 730698
40.0529389381, 730450
40.0539441109, 730290
40.0541210175, 730254
40.05539608, 728762
40.0600781441, 728710
40.0618591309, 728597
40.0663080215, 727166
40.0825071335, 726031
40.1262390614, 723967
40.1272759438, 723629
40.1276190281, 723407
40.1543660164, 723208
40.154706955, 723185
40.1562161446, 722209
40.1830289364, 721400
41.0621781349, 721271
41.0648131371, 720582
41.0686321259, 719651
41.0707950592, 716769
42.9261250496, 716693
42.9279961586, 715693
42.9282650948, 715143
42.9288671017, 715077
43.0187139511, 714880
43.0674419403, 713827
43.0686759949, 713080
43.0699300766, 712796
43.1209499836, 712079
43.1212229729, 711207
44.4844880104, 709634
44.4859571457, 709132
44.4880800247, 707471
44.4907159805, 706374
44.4920270443, 705061
44.7357051373, 702856
44.7412490845, 702846
44.748044014, 702604
44.7491891384, 701342
44.750688076, 700952
45.7363240719, 700092
45.7403860092, 699912
45.7410950661, 699642
45.7468550205, 699286
45.7490420341, 698134
45.7490830421, 695607
45.9834780693, 695273
45.9845690727, 694042
47.2146930695, 693836
47.2163259983, 693674
47.2295269966, 693294
47.2346670628, 693285
47.2409541607, 692847
47.2432470322, 692542
47.2441051006, 692539
47.2453370094, 692241
47.2567980289, 691981
47.355273962, 691764
47.3630199432, 691674
47.4208519459, 691673
47.432956934, 691222
47.4367990494, 691131
48.0431010723, 690591
48.043735981, 690311
48.0454850197, 690172
48.0483789444, 690144
48.0712001324, 688983
48.1903450489, 687933
48.2762219906, 686917
48.2763841152, 686495
48.2797989845, 686196
48.2849550247, 685950
48.343734026, 685737
48.3488590717, 685597
48.3527629375, 685424
48.3543000221, 685045
48.3559589386, 684689
48.3559939861, 683550
48.4195361137, 683319
48.8537349701, 682711
49.1149029732, 682602
50.5954079628, 682314
50.6327741146, 681828
52.0575871468, 681542
52.0907580853, 681310
52.0915811062, 681267
52.0952470303, 681154
52.1046111584, 680591
52.1114940643, 679421
52.1280250549, 679359
52.1483199596, 679243
52.1550359726, 678953
52.201677084, 678793
52.2074511051, 678474
52.2116010189, 677953
52.2334480286, 675598
52.2499980927, 675576
52.3065540791, 675415
52.309855938, 675212
52.3339321613, 674858
52.3353569508, 674800
52.362005949, 674794
52.3761270046, 673882
52.3777000904, 673785
52.3917081356, 673146
52.3947291374, 672186
52.4121091366, 672140
52.4129331112, 672074
52.4133369923, 671869
52.4212429523, 671800
53.5442321301, 671698
53.6040570736, 670899
53.7053890228, 670709
53.7326090336, 669915
53.757625103, 669872
53.760420084, 669510
54.2978360653, 669494
56.0342979431, 669106
56.0366401672, 669054
56.0454881191, 668274
56.055065155, 667927
56.0932049751, 667904
56.0965189934, 667771
56.1133201122, 667577
56.1421320438, 667317
56.1432731152, 667281
56.314125061, 667238
57.2920651436, 667167
57.2970120907, 666569
57.2996749878, 666551
57.323045969, 666033
57.3238780499, 665757
57.3399460316, 665509
57.3438310623, 665445
57.3445799351, 664557
57.391947031, 664444
57.3959879875, 664239
