32.9691569805, 773335
32.9716989994, 772951
32.9727509022, 772383
32.9742720127, 772222
32.9745559692, 771990
32.9769489765, 771868
32.9861409664, 770940
32.9862070084, 770587
32.9875340462, 770286
32.9911780357, 770143
32.9916040897, 769105
32.9932730198, 767172
32.9974119663, 766995
32.9992690086, 765980
36.163588047, 765238
36.1669909954, 764663
36.1756289005, 763999
36.1781079769, 763997
36.1870570183, 763697
36.1876358986, 763126
36.2088959217, 762651
36.209389925, 762168
36.3027880192, 761559
36.3045649529, 758749
36.3049550056, 758662
36.306137085, 758530
36.3068249226, 755340
36.307019949, 754261
36.3071649075, 751619
36.3197469711, 751404
36.3198840618, 749974
36.3210260868, 749004
36.3406879902, 748829
36.3428030014, 747485
36.3472640514, 747304
36.347397089, 746844
36.3615670204, 746221
36.3628869057, 745962
36.3686349392, 745722
36.3901491165, 744761
38.64935112, 743791
38.6512629986, 741801
38.6537849903, 741400
38.6627619267, 741056
38.6664640903, 740621
38.6678960323, 739718
38.6724131107, 737657
38.682626009, 737628
38.6834568977, 737592
39.4030570984, 737059
39.4034221172, 736499
39.4132990837, 733533
39.4146769047, 733011
39.4151279926, 732411
39.4186661243, 731587
39.8261868954, 730793
40.03104496, 729986
40.0314660072, 728722
40.0323460102, 728439
40.032736063, 728348
40.0339720249, 728099
40.293473959, 727827
40.296833992, 726065
40.2968919277, 725395
40.2979319096, 723976
40.9085891247, 722692
40.9367499352, 722620
40.9551160336, 721968
40.9556820393, 721936
40.9564640522, 721796
41.086616993, 721416
41.2532351017, 720973
41.2538731098, 720204
41.2566890717, 719613
41.314718008, 719571
41.3163690567, 718283
41.3183250427, 718278
41.3186969757, 717116
41.3196280003, 717064
43.2167539597, 716476
43.2172210217, 716195
43.2188820839, 716152
43.2227990627, 715428
43.2305030823, 714699
43.2949969769, 714306
43.3011310101, 713927
43.4865720272, 713561
43.4946510792, 713287
43.4950299263, 712343
43.5046460629, 712247
43.5057599545, 711152
43.7262330055, 709624
43.7299590111, 709359
43.7333040237, 708967
43.7984800339, 708104
43.8024361134, 707902
44.1871790886, 707877
44.1873888969, 706558
44.1888570786, 706529
44.1942329407, 705859
44.2087130547, 705272
44.2148051262, 704323
44.2163989544, 703627
44.2199931145, 703122
44.2211549282, 702830
44.8427560329, 702771
45.1258869171, 702760
45.1263151169, 702191
45.1287839413, 698548
45.1394228935, 697484
46.8718709946, 697330
46.879404068, 697169
46.8850529194, 696361
46.8900690079, 696260
46.8912451267, 695841
46.8914890289, 695239
46.8916769028, 694648
47.9782519341, 694115
47.9794740677, 693547
47.9888551235, 693131
47.9973750114, 692286
48.2138440609, 691804
48.2160880566, 691549
48.2162361145, 690274
48.2177479267, 689193
48.2178399563, 688914
48.2230820656, 688390
48.2251210213, 688324
48.2309939861, 688278
48.2324879169, 688228
48.233230114, 688027
48.7513449192, 687305
48.7520461082, 687301
48.8694729805, 686377
48.8708200455, 686067
48.8744359016, 685892
48.8745961189, 685429
50.4149279594, 685172
50.4729690552, 685002
50.4749820232, 684491
50.5079419613, 684431
50.5087149143, 684020
50.509608984, 683921
50.5209469795, 683321
50.5873820782, 683083
50.5878689289, 682665
50.6249511242, 682451
50.643501997, 682215
50.6523280144, 682210
50.6603600979, 681930
50.6658649445, 681819
50.6792321205, 681759
50.7825660706, 681630
50.8137431145, 681616
50.8382129669, 681517
51.011548996, 681077
51.0173740387, 681019
51.0190720558, 680614
51.2359259129, 679652
51.2439410686, 679586
51.2478659153, 679471
51.3177850246, 678665
51.3359670639, 678024
51.3504989147, 677999
53.3109350204, 677485
53.3990221024, 677019
53.7819960117, 676646
53.7975409031, 676594
53.8004751205, 676334
53.802932024, 675843
53.8108029366, 675189
53.8365941048, 674914
53.8521981239, 674897
53.8668940067, 674384
53.8847029209, 674075
54.0829451084, 673985
54.1285130978, 673749
54.1405909061, 673056
56.1853330135, 672006
56.2057781219, 671441
57.0243420601, 671377
57.0289869308, 670610
57.9552628994, 669868
57.9586861134, 669632
57.9595310688, 669400
57.9617331028, 669238
57.9664590359, 669048
58.0569798946, 668860
58.0868430138, 668616
58.1525080204, 668599
58.1657299995, 668584
58.1775450706, 667739
59.4283640385, 667682
59.4605340958, 667165
59.506508112, 666712
59.6963090897, 666565
59.8269360065, 665896
