35.8804719448, 772373
35.8808820248, 772290
35.8816578388, 771772
35.8824279308, 770018
35.8834459782, 766543
35.9027118683, 766274
35.9036200047, 764326
35.9161138535, 764070
35.9164259434, 763627
35.91847682, 760637
35.9212949276, 760461
38.9030208588, 759764
38.9048829079, 758201
38.9061338902, 757966
38.9121630192, 757749
39.3936998844, 757622
39.3937578201, 757378
39.3955109119, 756182
39.3974440098, 754956
39.4040219784, 753652
39.4133508205, 753308
39.415088892, 751414
39.4316539764, 751383
40.4623088837, 751210
40.4636130333, 750642
40.4650568962, 750072
40.4664628506, 749867
40.4674508572, 748638
40.4848659039, 746845
40.48889184, 745912
40.4900679588, 745525
40.5062890053, 745439
40.5182518959, 744109
40.5210540295, 742700
40.5221810341, 741749
40.5240178108, 741673
40.5690119267, 741327
40.5741999149, 740103
40.576748848, 739806
40.5793998241, 738893
40.606801033, 738491
40.6216979027, 738252
40.6269609928, 737174
40.6271569729, 737108
40.6380798817, 736213
40.6523368359, 732658
40.6525928974, 732058
44.1919779778, 732016
44.2236828804, 731848
44.2610538006, 730974
44.2821269035, 730756
44.2827689648, 728845
44.2856400013, 727707
44.287350893, 727445
44.2877218723, 726289
44.287804842, 725751
45.3954868317, 725016
45.3972148895, 724626
45.397662878, 724456
45.3977239132, 724345
45.4021909237, 723383
45.4233808517, 723002
45.9573400021, 721671
45.9588179588, 721439
45.9852359295, 721050
45.9866800308, 721048
45.9900100231, 720255
45.99147892, 720052
46.040820837, 719929
46.0508680344, 719822
46.0558450222, 719665
46.0582339764, 719424
46.060366869, 719056
46.0636878014, 718428
46.0643680096, 718360
46.2388899326, 718195
46.2405059338, 717461
46.2432990074, 717406
46.2733798027, 716946
46.2737698555, 714726
46.2755088806, 714298
46.2856309414, 713551
47.3595788479, 713310
47.3680679798, 712936
47.3713929653, 712915
47.3773608208, 711953
47.4353489876, 711388
47.4355168343, 710678
47.4413998127, 709338
47.4421908855, 708512
47.4546639919, 708496
47.6664738655, 708007
47.6771278381, 707562
47.6837589741, 706229
49.1165459156, 705953
49.1185078621, 705497
49.119645834, 704682
49.1203668118, 704398
49.1207330227, 704214
49.1305069923, 704121
49.1347110271, 704099
49.1584649086, 702521
49.1584999561, 702434
49.1597218513, 702330
49.1614568233, 701387
49.209512949, 699360
49.2132139206, 698218
49.2133870125, 697949
50.6806240082, 697573
50.6829459667, 697423
50.6851289272, 696673
50.6914949417, 696520
50.7183029652, 695405
50.7247428894, 695342
50.7440998554, 694139
51.3296849728, 693371
51.3297929764, 693007
51.359017849, 692844
51.6648848057, 692814
51.6694188118, 692328
51.8071658611, 691739
51.8229010105, 691241
51.8330760002, 690737
51.8392949104, 690242
51.9157948494, 690135
55.6350588799, 690063
55.6383669376, 690045
55.6405589581, 689572
55.6463348866, 689179
55.6611819267, 689112
55.6614179611, 689010
55.6696019173, 686959
55.6896049976, 686730
55.7015328407, 686394
55.7060890198, 685953
55.7469539642, 685238
55.7469859123, 684945
55.752655983, 684667
55.7531478405, 684664
56.5325098038, 684598
56.5364179611, 682915
56.5468509197, 682740
57.6698298454, 682266
57.7056958675, 682098
57.711979866, 681676
57.7227878571, 681418
57.7275328636, 681184
57.7327959538, 680996
57.7371850014, 679965
57.7422349453, 679379
57.7435479164, 678304
57.7439258099, 677826
57.7710409164, 677573
58.8039720058, 677018
58.8236279488, 676852
58.8637268543, 676635
58.8742809296, 676616
58.8812158108, 675749
58.8979899883, 675582
59.0491788387, 675260
59.22504282, 674767
59.2364459038, 674577
59.2487659454, 674051
59.4984300137, 673382
59.5244019032, 672935
59.5927939415, 672878
59.6371648312, 672431
59.6433730125, 672265
59.8504579067, 672144
59.8551409245, 672034
60.0279920101, 671684
62.3848648071, 671189
62.4158108234, 670804
64.6396958828, 670585
64.6429848671, 669853
64.6727700233, 669718
64.6793839931, 669305
64.7238998413, 669173
64.776432991, 668472
64.8298258781, 668323
65.2274048328, 668298
65.3166689873, 667329
66.0215408802, 667225
66.0275549889, 666706
66.0461540222, 666601
66.046186924, 666512
66.0576469898, 666346
66.0689368248, 666092
66.0766408443, 666070
66.0866928101, 666042
66.1492049694, 665944
66.1492400169, 665546
66.1545758247, 665388
66.2113659382, 665020
68.7604978085, 664561
68.7826619148, 664340
68.7982559204, 663772
68.863476038, 663670
68.9542388916, 663400
68.9656028748, 663298
68.9676640034, 662732
68.980162859, 662672
68.9943659306, 662500
69.0073158741, 662471
69.0727288723, 662377
69.0761740208, 662274
69.0992639065, 662208
69.7137880325, 661708
82.3920300007, 661598
82.5156669617, 661529
82.5884380341, 661502
82.6132228374, 661252
84.7721319199, 661248
84.966657877, 661137
85.031154871, 661071
88.6318588257, 661069
88.7104439735, 661000
91.9805798531, 660988
93.3952679634, 660928
104.083386898, 660907
105.012207031, 660905
