35.7823889256, 771414
35.7831568718, 771248
35.7844929695, 770966
35.7850580215, 769721
35.7863059044, 769264
35.8539450169, 769162
35.8605020046, 769143
35.9143409729, 766555
37.0285549164, 766329
37.0312669277, 766301
37.0342400074, 765973
37.0543580055, 765629
37.0559659004, 765115
37.0572259426, 764498
37.0599749088, 764196
37.0609869957, 762810
37.0646409988, 762767
37.065420866, 759592
37.0777890682, 759579
37.0913488865, 759491
38.4046809673, 758559
39.1961300373, 758224
39.1966018677, 757784
39.1967308521, 757044
39.1968779564, 756775
39.1969220638, 755485
39.2033159733, 755270
39.2348189354, 754748
39.2361328602, 754589
39.2377209663, 754258
39.2382879257, 752764
39.2384240627, 751230
39.2409820557, 749250
39.2419469357, 749243
39.2465090752, 748239
39.2521319389, 747842
39.2544059753, 747589
39.2620069981, 746401
39.2824089527, 746292
39.2856378555, 744607
39.2859148979, 744087
39.3045649529, 743099
39.3048870564, 742359
39.3087499142, 741453
39.3109149933, 741160
39.391602993, 739577
39.3934800625, 737954
39.3989758492, 737477
40.2502858639, 736956
40.2663099766, 734514
40.2695069313, 733819
40.2705519199, 733777
42.7722249031, 733631
42.7764840126, 731899
42.778826952, 731574
43.8993759155, 731233
43.905780077, 731072
43.9058790207, 730108
43.9099569321, 728888
43.9104058743, 728836
44.2618949413, 728735
44.5197398663, 728482
44.5278708935, 726734
44.5301179886, 726449
44.5380339622, 725983
44.5655729771, 725755
44.5687429905, 725672
44.5726120472, 725130
44.5736589432, 725108
44.5968658924, 724250
44.5987830162, 724221
44.6432528496, 724179
44.6543610096, 724091
45.0636940002, 722774
45.0640389919, 722650
45.0686659813, 722634
45.0716049671, 721769
45.0784909725, 721190
45.0819549561, 720019
45.6946558952, 719204
45.7192349434, 719006
45.7307040691, 718115
45.73148489, 717602
45.7346909046, 717484
45.7497148514, 717386
45.7512440681, 716484
45.7544119358, 716469
45.8089909554, 716318
45.8148448467, 715566
46.2743308544, 715344
46.2831659317, 714337
46.2864589691, 713199
47.1493389606, 712529
47.1514439583, 712324
47.1519179344, 712195
47.1637208462, 712046
47.1662669182, 710586
47.1869220734, 709816
47.1938619614, 708764
47.2111279964, 707579
47.2119040489, 707393
47.2126128674, 706791
47.2166080475, 706352
47.2241110802, 706043
47.2244808674, 705827
48.0312809944, 705449
48.9021930695, 704794
48.9041650295, 703195
48.9115669727, 702325
48.911965847, 701231
48.9246239662, 699411
48.9658579826, 699070
49.0843470097, 698655
49.0911879539, 698463
49.3140180111, 697189
49.3742890358, 697049
49.3819670677, 697018
49.404902935, 696900
49.410697937, 696573
49.5088660717, 696030
49.5140190125, 694569
49.5163888931, 694029
51.8226909637, 692493
51.8338689804, 692028
51.8357138634, 690671
51.8407049179, 690658
51.846310854, 690531
51.856926918, 690116
51.8639540672, 689324
52.1834108829, 688178
52.1845700741, 687885
52.1897039413, 687822
52.1951708794, 687077
52.1958370209, 686775
53.834594965, 686502
53.853302002, 686188
53.8557269573, 685793
54.1908040047, 685491
54.2297949791, 685417
54.2360429764, 684901
54.2523369789, 684579
54.2579960823, 684520
54.4503650665, 683872
54.4800059795, 683781
55.309844017, 683681
55.3188710213, 683675
55.3309328556, 682797
55.3774020672, 682714
55.4141919613, 681979
56.109951973, 681366
56.1120910645, 681244
56.1793279648, 681091
56.1810860634, 680499
56.1967740059, 680025
57.3524868488, 679761
57.371407032, 679163
57.3827469349, 679013
57.3984889984, 678999
57.4239170551, 678903
57.425112009, 678210
57.4449160099, 678169
57.4577019215, 677687
58.2528839111, 677462
58.3067090511, 677342
58.3159799576, 676830
58.3421890736, 676804
58.4651749134, 676642
58.5388939381, 675864
58.5398349762, 675719
58.5827219486, 675561
58.63357687, 675154
58.646089077, 675092
58.7696540356, 674978
60.2247350216, 674682
60.6500880718, 674637
60.6537439823, 673922
60.6882288456, 673863
60.6905858517, 673851
64.2825698853, 670945
64.2918229103, 670663
64.3040618896, 670350
64.3237309456, 669804
64.3292849064, 669586
64.3564128876, 669570
64.6310119629, 669184
64.6395390034, 669088
64.6731359959, 668801
64.6792690754, 668275
64.6943619251, 668243
66.0343379974, 668235
66.0745260715, 668178
66.1037449837, 667849
66.1260340214, 667340
66.3175299168, 666911
66.6834950447, 666870
66.6998050213, 666721
66.7176010609, 666651
66.730784893, 666372
66.7384018898, 666344
66.7710669041, 666230
66.7735538483, 666170
67.212168932, 666079
67.2382769585, 665766
67.3050589561, 665495
67.6169228554, 665467
68.9402799606, 665436
70.2614748478, 665426
70.3199238777, 664924
70.3560640812, 664763
70.3831710815, 663925
70.3945739269, 663625
70.7299330235, 663603
70.7382280827, 663599
70.7425160408, 663581
70.7432410717, 663502
76.4953160286, 663374
76.8385820389, 663102
77.1475379467, 663026
77.1881358624, 662994
77.3477599621, 662641
77.5441939831, 662558
77.5488040447, 662489
77.5646538734, 662133
77.7565078735, 662089
77.7837610245, 661998
78.1240279675, 661613
80.3346259594, 661444
80.4262268543, 661375
80.6450669765, 661359
82.5959789753, 661346
83.1411218643, 661291
88.5855929852, 661274
89.0439319611, 661171
92.7568800449, 661147
