2.7789978981, 702845
7.47909593582, 699692
9.91182589531, 693483
12.31493783, 688318
24.0284879208, 687008
31.5695478916, 684734
33.404476881, 684597
36.5243198872, 677133
37.6627709866, 675515
40.2094829082, 670150
45.4989039898, 667767
51.3428688049, 667325
73.6564469337, 664363
87.987457037, 663359
106.515333891, 662822
122.468436003, 661860
127.413942814, 661446
146.879405022, 661238
158.586042881, 660844
241.054068804, 659179
241.945667028, 659104
358.699610949, 658444
571.681389809, 657781
601.081297874, 657721
