3.53917312622, 702845
8.54689598083, 702663
9.83265113831, 689676
10.8802220821, 689337
26.7006750107, 689265
31.0427231789, 688935
32.7950451374, 678093
37.9360840321, 677612
39.583053112, 672016
41.2551679611, 670975
51.7929670811, 669900
53.9815580845, 669414
69.2657210827, 667306
85.8709151745, 666689
87.848803997, 666447
105.569610119, 666062
113.210633993, 665578
121.98896718, 665130
137.411926985, 664815
159.257564068, 663885
162.851319075, 663506
164.869409084, 663484
250.722429991, 663284
274.500545025, 662934
296.838864088, 661339
300.400143147, 661015
353.297201157, 660812
