45.3579969406, 773335
45.3618857861, 772951
45.3630998135, 772383
45.3649868965, 772222
45.3656368256, 771990
45.368888855, 771868
45.3796589375, 770940
45.3797299862, 770587
45.3811149597, 770286
45.3861119747, 770143
45.3866298199, 769105
45.388628006, 767172
45.3931558132, 766995
45.3956639767, 765980
49.6050579548, 765238
49.6084167957, 764663
49.619768858, 763999
49.6244988441, 763997
49.6325278282, 763697
49.6362748146, 763126
49.67355299, 762651
49.6740279198, 762168
49.8038959503, 761559
49.8059089184, 758749
49.8063409328, 758662
49.8077659607, 758530
49.8085839748, 755340
49.8088018894, 754261
49.8089528084, 751619
49.824887991, 751404
49.825026989, 749974
49.8263428211, 749004
49.855618, 748829
49.8582448959, 747485
49.8686738014, 747304
49.8697798252, 746844
49.8920819759, 746221
49.8936598301, 745962
49.9052968025, 745722
49.9390947819, 744761
53.0586569309, 743791
53.0608768463, 741801
53.0670809746, 741400
53.0807068348, 741056
53.0842339993, 740621
53.0855557919, 739718
53.0901048183, 737657
53.0992000103, 737628
53.1000418663, 737592
53.9174318314, 737059
53.9178259373, 736499
53.9276897907, 733533
53.9289858341, 733011
53.9293828011, 732411
53.9328489304, 731587
54.3876378536, 730793
55.4676818848, 729986
55.47220397, 728722
55.4744589329, 728439
55.4749410152, 728348
55.4768228531, 728099
56.0282249451, 727827
56.031690836, 726065
56.0317578316, 725395
56.0329649448, 723976
56.9499108791, 722692
56.9944198132, 722620
57.0435578823, 721968
57.0445108414, 721936
57.0457489491, 721796
57.2627198696, 721416
57.5321397781, 720973
57.5328018665, 720204
57.5359950066, 719613
57.695609808, 719571
57.6976900101, 718283
57.7001209259, 718278
57.700512886, 717116
57.701458931, 717064
60.1849079132, 716476
60.1854908466, 716195
60.1884298325, 716152
60.1926469803, 715428
60.2024209499, 714699
60.2704949379, 714306
60.2775928974, 713927
60.4755828381, 713561
60.4828629494, 713287
60.483217001, 712343
60.4933757782, 712247
60.4945738316, 711152
60.7284758091, 709624
60.7323927879, 709359
60.7360169888, 708967
60.8113179207, 708104
60.8162608147, 707902
61.2173027992, 707877
61.217525959, 706558
61.2191078663, 706529
61.2251799107, 705859
61.2375688553, 705272
61.2443988323, 704323
61.246491909, 703627
61.2505779266, 703122
61.2520129681, 702830
62.0459969044, 702771
62.3872189522, 702760
62.3878929615, 702191
62.3909850121, 698548
62.403993845, 697484
64.4131319523, 697330
64.4216148853, 697169
64.4258589745, 696361
64.4309589863, 696260
64.4322228432, 695841
64.4324638844, 695239
64.4326438904, 694648
65.7249448299, 694115
65.7266469002, 693547
65.7398347855, 693131
65.7496399879, 692286
65.9990179539, 691804
66.0020198822, 691549
66.0023288727, 690274
66.0052559376, 689193
66.0054328442, 688914
66.0112769604, 688390
66.0137958527, 688324
66.0217428207, 688278
66.0232858658, 688228
66.0240359306, 688027
66.6522188187, 687305
66.6532759666, 687301
66.7872898579, 686377
66.7893128395, 686067
66.7956190109, 685892
66.7958137989, 685429
68.6252369881, 685172
68.699862957, 685002
68.7017879486, 684491
68.7421720028, 684431
68.7429749966, 684020
68.7439010143, 683921
68.7629139423, 683321
68.8392848969, 683083
68.8398549557, 682665
68.8830859661, 682451
68.9056239128, 682215
68.9160068035, 682210
68.92471385, 681930
68.9336597919, 681819
68.956225872, 681759
69.0669457912, 681630
69.1056029797, 681616
69.1349627972, 681517
69.3314688206, 681077
69.3384869099, 681019
69.3404648304, 680614
69.5863699913, 679652
69.5964858532, 679586
69.60293293, 679471
69.6868059635, 678665
69.7069458961, 678024
69.7230989933, 677999
71.937486887, 677485
72.0309839249, 677019
72.4723129272, 676646
72.4849238396, 676594
72.4885458946, 676334
72.4907259941, 675843
72.4990677834, 675189
72.526529789, 674914
72.5435400009, 674897
72.5586798191, 674384
72.5761749744, 674075
72.7984819412, 673985
72.848017931, 673749
72.8598759174, 673056
75.1222009659, 672006
75.1454548836, 671441
76.0253767967, 671377
76.0301699638, 670610
77.0748708248, 669868
77.079241991, 669632
77.0804169178, 669400
77.0862529278, 669238
77.0934419632, 669048
77.1939828396, 668860
77.2260398865, 668616
77.2879359722, 668599
77.3025829792, 668584
77.3151028156, 667739
78.652741909, 667682
78.6881709099, 667165
78.7326848507, 666712
78.9471838474, 666565
79.1072080135, 665896
80.4459278584, 665736
81.1985919476, 665718
81.1996889114, 665131
81.2007229328, 664648
81.2008638382, 664620
81.2683289051, 664586
81.2803440094, 664352
81.4669589996, 664258
81.4787697792, 664252
82.4477767944, 664117
82.4630229473, 663339
82.521971941, 663311
82.5320878029, 663198
82.533716917, 662923
82.5468008518, 662576
83.764703989, 661603
83.7832038403, 661117
83.8272328377, 660825
83.9128699303, 660742
83.9571359158, 660579
84.0095667839, 660032
84.0861968994, 659815
84.1844909191, 659702
96.2800168991, 659558
96.3643279076, 659380
96.42639184, 659240
96.6041738987, 659123
96.6262178421, 659091
97.7714138031, 659038
97.7858979702, 659011
98.7786870003, 658974
98.8088388443, 658956
100.47613287, 658872
101.466063976, 658825
105.593727827, 658669
105.604074001, 658394
115.343158007, 658227
115.441089869, 658110
117.966920853, 658078
