35.9740960598, 772436
35.9748139381, 772419
36.9784960747, 772413
36.978757143, 772387
36.9790489674, 772351
36.9800209999, 772201
36.9813320637, 771972
36.9855849743, 771211
36.9861600399, 770761
37.0197160244, 770629
37.022176981, 770428
37.0320739746, 770246
37.0325219631, 768432
37.0392539501, 767567
37.0427429676, 767164
37.0535840988, 765545
37.0553309917, 765083
37.0568079948, 764355
37.0569300652, 762507
37.3549640179, 761514
37.5467829704, 759811
37.5468630791, 759664
37.5500199795, 758874
37.5532331467, 758281
37.615306139, 756167
37.6171660423, 756082
37.6302051544, 755341
37.7850470543, 755064
37.786244154, 753709
37.7886090279, 752411
37.8036940098, 751608
37.8040001392, 751557
37.8427889347, 751465
38.7839739323, 750824
38.8049299717, 750521
39.8044290543, 750229
39.8073210716, 750135
39.8135690689, 750119
39.8143129349, 748736
39.8149249554, 748396
39.8150279522, 748369
39.8237111568, 748000
39.8241219521, 747632
39.8589701653, 746675
39.8617479801, 746026
39.8617780209, 745909
39.8632950783, 744701
39.87469697, 742485
39.9014849663, 742379
41.0411159992, 742354
41.0693211555, 742158
41.5521090031, 742018
41.6421661377, 740464
41.6422641277, 740245
41.7103910446, 738334
41.7122900486, 737886
41.891420126, 737118
41.8921880722, 737107
41.8957669735, 737025
41.9095129967, 736863
41.9140951633, 736835
41.9170451164, 736770
41.9176990986, 736740
41.9237971306, 736010
41.927106142, 735096
41.9332339764, 734425
41.939620018, 734086
41.9427061081, 731823
41.9767680168, 731281
41.9812800884, 730843
41.9818911552, 729799
41.9820890427, 728456
41.9822340012, 728121
41.9823629856, 727015
41.9889471531, 725684
41.9893350601, 725166
41.9897060394, 724507
41.9901709557, 723988
41.9917960167, 723201
41.9922771454, 722056
41.9978129864, 720470
42.0032391548, 719780
42.0201749802, 719756
42.0271480083, 719348
43.7288701534, 718585
43.743776083, 717766
43.7463641167, 717710
43.7524909973, 715862
43.7544119358, 715639
43.7550001144, 715600
43.7565910816, 715392
43.7674319744, 714926
43.7678320408, 713320
43.7698991299, 712929
43.7746779919, 712422
43.7770619392, 712346
44.175894022, 711551
44.1779811382, 711526
44.2195141315, 711064
44.2197549343, 711047
44.2282540798, 709612
48.9769041538, 707293
49.0844869614, 707002
49.1353800297, 706938
49.1379351616, 706819
49.4127459526, 706694
49.4142489433, 706342
49.4160280228, 706142
49.4197740555, 703611
49.4258010387, 703607
49.4380099773, 703420
49.4384491444, 702900
49.4430041313, 702524
49.4794530869, 702471
49.4801800251, 700701
49.4925401211, 700152
49.5484349728, 699750
49.5511081219, 699012
49.5522079468, 698851
49.5577290058, 698503
49.5635249615, 697835
49.5664820671, 697400
49.7651290894, 696601
49.7717599869, 696177
49.775812149, 695844
49.788574934, 695652
49.7914400101, 695111
49.7916221619, 695093
49.8129320145, 694738
51.1664199829, 694681
51.4616701603, 694674
51.465831995, 694045
51.4964599609, 693957
51.5029621124, 692534
51.5033431053, 692429
54.6310400963, 691997
54.647698164, 691697
54.6697280407, 691535
54.7383110523, 691244
54.744822979, 690870
54.74852705, 690657
54.7537269592, 690129
54.9082510471, 689994
55.079403162, 688711
55.1106741428, 688463
55.1119959354, 686973
55.1194820404, 686898
55.121489048, 686590
55.1251320839, 686312
55.3444991112, 685316
55.3552401066, 685287
55.3579559326, 684832
55.3628201485, 684647
55.3707339764, 684528
55.3733100891, 684297
55.4368181229, 684187
55.4419600964, 684006
57.7535769939, 683946
57.7612600327, 683809
57.7664470673, 683540
57.7706530094, 683526
57.7789471149, 683121
58.7183640003, 682967
58.8036620617, 682332
58.8343410492, 682215
58.8399760723, 682155
58.8441081047, 681859
58.8781781197, 680981
58.9119801521, 680634
59.8116490841, 679967
59.828371048, 679484
