41.8010621071, 772420
41.8035619259, 771761
41.8041470051, 771581
41.8057749271, 770923
41.8082931042, 769277
41.8167109489, 768561
41.8328621387, 768253
41.8332531452, 767295
41.8377249241, 767060
43.0373370647, 766869
43.0516109467, 766238
43.0545580387, 766010
43.1060159206, 765683
43.1062369347, 765574
43.3383059502, 765527
43.6129209995, 765040
43.6137590408, 764847
43.6264231205, 764214
43.6283640862, 763814
43.6292939186, 762612
43.6315319538, 761631
43.6338279247, 760656
43.6554450989, 759449
43.6602220535, 759418
43.7134571075, 758280
43.7148880959, 758159
44.7197639942, 758158
44.7316009998, 756948
44.7331681252, 756280
44.7342691422, 755726
44.7360069752, 751255
44.7555019855, 749771
44.7571389675, 748920
44.7575750351, 747742
44.7579929829, 747471
44.7592439651, 747459
44.7609491348, 744953
44.7612540722, 744664
44.7616181374, 743891
44.7931990623, 743816
47.6883311272, 743301
47.6928119659, 743166
47.6936929226, 742046
47.694026947, 741444
47.6945860386, 740850
47.6947519779, 739102
47.7122199535, 738863
47.7170200348, 738538
47.9999709129, 738157
49.6868150234, 737284
49.6872749329, 736268
49.6950759888, 735410
49.7046170235, 735388
49.7047989368, 735245
49.7065570354, 733591
49.7170059681, 733467
50.6931381226, 732951
50.6937429905, 732863
50.6938290596, 731772
50.6988520622, 730698
50.701996088, 730450
50.7030169964, 730290
50.7031970024, 730254
50.7054109573, 728762
50.713570118, 728710
50.7153580189, 728597
50.7205381393, 727166
50.738697052, 726031
50.7921690941, 723967
50.7933120728, 723629
50.7936739922, 723407
50.8261210918, 723208
50.8264701366, 723185
50.8279681206, 722209
50.8633611202, 721400
51.9797639847, 721271
51.982847929, 720582
51.9877889156, 719651
51.9925811291, 716769
54.8684990406, 716693
54.8746700287, 715693
54.8752939701, 715143
54.8774390221, 715077
54.9696700573, 714880
55.0238029957, 713827
55.0253491402, 713080
55.0271830559, 712796
55.0952720642, 712079
55.0955860615, 711207
56.9097261429, 709634
56.9124901295, 709132
56.9148750305, 707471
56.9186630249, 706374
56.9207439423, 705061
57.5188109875, 702856
57.5763061047, 702846
57.5853669643, 702604
57.586607933, 701342
57.5903680325, 700952
59.2972741127, 700092
59.303704977, 699912
59.3047280312, 699642
59.3144419193, 699286
59.3168740273, 698134
59.3169219494, 695607
59.9162290096, 695273
59.9181849957, 694042
62.2691559792, 693836
62.2711820602, 693674
62.288392067, 693294
62.2948310375, 693285
62.3016750813, 692847
62.3047089577, 692542
62.306358099, 692539
62.3077390194, 692241
62.3218209743, 691981
62.4523041248, 691764
62.4636850357, 691674
62.5314199924, 691673
62.5421011448, 691222
62.545593977, 691131
63.3214991093, 690591
63.3225049973, 690311
63.3243000507, 690172
63.3275239468, 690144
63.350176096, 688983
63.507609129, 687933
63.6017370224, 686917
63.6019220352, 686495
63.6073300838, 686196
63.6149110794, 685950
63.693529129, 685737
63.7033569813, 685597
63.7102530003, 685424
63.7137320042, 685045
63.7165391445, 684689
63.7165899277, 683550
63.79164505, 683319
64.3518970013, 682711
64.6622071266, 682602
66.4814250469, 682314
66.5367701054, 681828
68.3823740482, 681542
68.417552948, 681310
68.4184539318, 681267
68.4240310192, 681154
68.4345879555, 680591
68.4429941177, 679421
68.4752831459, 679359
68.5031790733, 679243
68.5116610527, 678953
68.5710000992, 678793
68.5783751011, 678474
68.582447052, 677953
68.6107800007, 675598
68.6319899559, 675576
68.6956670284, 675415
68.6990849972, 675212
68.7335720062, 674858
68.7351949215, 674800
68.7685689926, 674794
68.7867090702, 673882
68.7909750938, 673785
68.8086149693, 673146
68.8125550747, 672186
68.8361201286, 672140
68.8371729851, 672074
68.8377120495, 671869
68.8475909233, 671800
70.1752169132, 671698
70.2450511456, 670899
70.367702961, 670709
70.3981170654, 669915
70.4265301228, 669872
70.4294340611, 669510
71.1539919376, 669494
73.3355059624, 669106
73.3383691311, 669054
73.3498029709, 668274
73.3617990017, 667927
73.403181076, 667904
73.4074730873, 667771
73.4265069962, 667577
73.4596729279, 667317
73.4608509541, 667281
73.7151451111, 667238
74.9306371212, 667167
74.9405310154, 666569
74.9447960854, 666551
74.9756150246, 666033
74.9768280983, 665757
74.9933021069, 665509
74.9977600574, 665445
74.9986479282, 664557
75.0603671074, 664444
75.0646409988, 664239
81.5804400444, 664040
81.8623769283, 663936
81.8786461353, 663561
81.9069781303, 663511
85.6147561073, 663437
85.65071702, 662073
85.7739019394, 662028
86.9939670563, 662004
87.0172140598, 661944
87.0248711109, 661782
87.0537779331, 661564
87.1283791065, 661447
87.2550780773, 661174
89.5013999939, 660752
89.7215430737, 660561
93.0977571011, 660175
95.9704771042, 660163
96.1452031136, 660028
96.1952619553, 659856
96.3350179195, 659703
96.4092280865, 659644
96.583523035, 659622
