44.3376851082, 771820
44.3458321095, 771518
45.1984829903, 770917
45.2003171444, 770313
45.200895071, 770215
45.459526062, 770051
45.4817740917, 769689
45.4818081856, 768516
45.4839639664, 768019
45.4844520092, 767466
45.4851059914, 766958
45.4883291721, 766930
45.4908640385, 765752
45.4940080643, 765072
45.5008611679, 764505
45.5016629696, 761217
45.506675005, 760784
45.5119409561, 759381
45.5151460171, 759063
45.5154001713, 758038
45.5155441761, 758018
45.5168840885, 757146
45.518736124, 756315
45.5253660679, 756196
45.5351951122, 755800
45.5367400646, 755304
45.5376210213, 752930
45.5416181087, 751813
45.5440180302, 750441
45.5455310345, 748521
46.2845990658, 747449
46.3404810429, 747294
46.342359066, 746641
46.3458111286, 744559
46.8555340767, 743857
46.8559370041, 741199
46.8565251827, 740939
46.8569509983, 739843
49.675481081, 739624
49.6775941849, 739030
49.7043180466, 738892
49.7121109962, 738832
49.8129019737, 738548
49.8135421276, 737026
49.8166880608, 736713
49.8193750381, 735622
49.8204920292, 734115
49.8222661018, 733175
49.8262870312, 732531
49.8263580799, 732514
49.8266611099, 730685
51.6359419823, 730115
51.6440591812, 729883
51.6478199959, 728903
51.6505591869, 727868
51.6644191742, 727568
51.664741993, 727206
51.6648151875, 727168
51.7165820599, 726803
51.7235469818, 726084
51.7287731171, 725737
51.7317061424, 725486
51.7346270084, 724047
51.7365381718, 722397
51.7369790077, 721522
51.7380311489, 721310
51.7447881699, 721118
51.7806670666, 719561
51.7823460102, 718674
51.7862610817, 717756
51.7933301926, 717372
51.7940340042, 716487
51.8002421856, 716065
51.8038589954, 715271
51.8039500713, 713404
55.6207790375, 712935
55.6220650673, 712146
55.6258280277, 711820
55.6360759735, 710465
55.6490211487, 709388
55.6510009766, 708407
55.6827411652, 708209
55.6871831417, 707973
55.6969780922, 707706
55.7029070854, 706496
55.7045180798, 706463
55.7045600414, 705808
55.8547940254, 704346
55.862044096, 702850
55.8951981068, 702164
55.8953499794, 701668
55.9079589844, 700153
59.4467439651, 699705
59.4555380344, 698499
60.0207190514, 698274
60.0905971527, 698194
60.0914871693, 698138
60.0944499969, 697991
60.1030330658, 696454
60.1045880318, 695705
60.9268870354, 695434
60.9603791237, 695357
60.9804470539, 694773
61.0548100471, 693931
61.0581459999, 693649
61.0653231144, 693620
61.0735621452, 693239
61.1875829697, 692552
61.1893379688, 692206
61.1908590794, 692153
61.1912600994, 691744
61.2007031441, 691508
61.2079739571, 691338
61.208878994, 690879
61.2180390358, 690772
61.2409219742, 690568
61.2636179924, 690381
61.2646839619, 690134
61.2688481808, 689703
61.2714750767, 688401
61.2728221416, 687674
61.2747211456, 687639
61.2885260582, 686303
61.2942080498, 685744
61.4190850258, 685014
61.4202129841, 684769
61.4346599579, 684388
61.5760309696, 684171
61.578150034, 684159
61.5819051266, 683386
61.5903470516, 682954
61.5986561775, 682485
61.6006650925, 682348
61.7623770237, 682099
61.7626130581, 681645
61.769010067, 681642
61.9763851166, 681565
65.0698821545, 680871
65.0779891014, 679523
65.1403870583, 679314
65.1741170883, 678811
65.2427051067, 678670
65.2470681667, 678525
65.2527120113, 678129
65.270083189, 677895
65.2905890942, 676830
65.296061039, 676701
66.6229131222, 676358
66.6531560421, 675958
66.7472651005, 675604
66.7865111828, 675162
66.7929201126, 674537
66.8113641739, 673570
66.8430771828, 673071
66.8467869759, 672744
67.2905220985, 672659
67.2995171547, 672444
67.3120040894, 672029
67.3130049706, 671907
70.3493561745, 671664
70.3651900291, 671521
70.3672339916, 671157
70.3719370365, 671125
70.3725500107, 670383
70.4567670822, 669785
70.4681251049, 669775
70.489068985, 669542
70.4967830181, 669266
70.506729126, 669200
70.517332077, 668986
70.6141891479, 668832
72.0636880398, 668773
72.077475071, 668745
72.1241540909, 667966
72.1279501915, 667935
72.1316771507, 667916
72.1401751041, 667371
72.1484830379, 667080
74.0534880161, 666714
74.0696091652, 666445
74.8162009716, 666372
74.8290071487, 666093
74.8564879894, 665434
76.7838761806, 665273
77.0984840393, 664882
77.1222951412, 664779
78.4252700806, 664391
80.2700121403, 664083
80.3909990788, 663849
80.4454100132, 663812
80.4522471428, 663415
80.745126009, 663033
80.7621519566, 663015
80.7721221447, 662465
80.8100121021, 662388
81.1599299908, 662338
81.1897490025, 662278
82.7711000443, 662207
82.8290371895, 662032
83.9296500683, 661268
84.7307970524, 661262
84.7905881405, 660845
84.9108481407, 660817
87.5781490803, 660447
87.6848959923, 660370
88.9824950695, 660296
90.3251199722, 660207
91.1102910042, 660116
91.1150410175, 660084
93.2371141911, 659983
104.647825956, 659961
