35.8509559631, 772126
35.8519599438, 769466
35.860697031, 768375
35.8608789444, 765754
35.8608970642, 765587
35.8611431122, 765492
35.8682851791, 765232
35.8683381081, 764763
35.9703660011, 762495
35.9719281197, 761747
35.973842144, 759597
35.9748289585, 759086
35.9751989841, 758114
35.9766421318, 757899
35.9775431156, 757060
37.782654047, 757043
37.7831711769, 755894
37.7836930752, 755310
37.7841310501, 754334
37.7976939678, 754222
37.798853159, 753955
37.8001980782, 753926
37.8057160378, 753533
37.8235089779, 752078
37.8249690533, 751063
37.8269400597, 751053
37.8270170689, 749368
37.8335630894, 748482
37.8347899914, 747196
37.837182045, 746989
37.8402409554, 745838
37.841217041, 745703
37.8414390087, 744737
37.8437139988, 744647
37.8445789814, 743645
37.8463931084, 743240
37.847066164, 742260
37.8492290974, 739969
37.852875948, 739739
37.8698179722, 739674
37.8707389832, 739339
37.8714120388, 739100
37.8739190102, 739079
41.8180129528, 737725
42.3069579601, 737472
42.3073029518, 737375
42.3122971058, 735631
42.3157401085, 734408
42.47991395, 734361
42.7256259918, 732840
42.7649800777, 732293
42.7690360546, 731464
43.5269770622, 730958
43.5283231735, 730838
43.530107975, 730380
43.5312731266, 729718
43.5336110592, 729712
43.5399420261, 729688
43.5431821346, 729224
43.5698730946, 728918
43.5726540089, 726300
43.5848441124, 726285
43.591078043, 725236
43.5968351364, 724199
43.6038711071, 723372
43.6235780716, 721029
43.6800601482, 720528
43.697453022, 720314
43.7499029636, 720215
43.7518250942, 719730
43.7548291683, 719164
43.7721021175, 718741
43.7726361752, 718457
43.7729990482, 717574
43.7731721401, 717338
43.7744841576, 716658
43.783629179, 714334
43.7877800465, 714274
43.7888720036, 713226
43.7890839577, 713197
43.8000121117, 712542
43.8072690964, 711791
45.6840391159, 711447
45.6911580563, 710672
45.73498106, 710495
45.735574007, 710141
45.7365169525, 708950
45.7602241039, 708942
45.7602500916, 708893
45.770619154, 708377
45.7710270882, 707224
45.7716770172, 706361
45.7739770412, 706234
45.7769770622, 706011
45.7859091759, 704762
45.786534071, 704742
45.8012990952, 704445
45.8049900532, 704438
45.8095941544, 704384
46.4663751125, 704331
46.4674320221, 704328
46.4689631462, 704325
46.4727151394, 702995
46.4758810997, 701983
46.4795789719, 701923
46.4824211597, 701624
46.4842941761, 701297
46.4898979664, 701205
46.8696551323, 701202
46.9017570019, 700451
46.9701161385, 699256
46.9710299969, 698214
46.9719619751, 698189
48.1030509472, 697617
48.1060121059, 697595
48.107115984, 697280
48.1131670475, 696455
48.1505930424, 696176
49.6477150917, 695826
49.6554059982, 694484
49.685790062, 693016
49.688904047, 692702
49.7283079624, 691887
49.7343871593, 691825
49.7356181145, 691432
49.74142313, 689829
49.7422389984, 689190
51.3126900196, 688400
51.3173880577, 688255
51.3278980255, 687223
51.3412640095, 686987
53.0292050838, 686501
53.5772390366, 686354
53.5876760483, 686163
53.6006820202, 685349
53.6065180302, 685036
53.8984069824, 684644
53.9011509418, 684410
53.9089641571, 684386
53.9147059917, 684262
53.93196702, 684060
53.9360761642, 683010
54.020234108, 682507
54.0265650749, 682440
54.0293021202, 682293
54.0380051136, 681656
54.3048739433, 681374
54.3127319813, 681314
55.4076120853, 680677
55.4146251678, 680092
55.4259040356, 680008
55.4385249615, 679843
55.4459280968, 679744
55.4506111145, 679292
55.455160141, 679163
55.4565451145, 678946
55.4766581059, 678693
55.4789309502, 678363
55.4791910648, 678198
55.6686079502, 677989
55.6748330593, 677921
55.6770801544, 677759
55.6779141426, 676966
55.6855561733, 676441
55.6877319813, 676272
55.8033280373, 675912
55.806055069, 675851
55.822947979, 675717
55.8251180649, 675404
55.9061710835, 675366
55.9268381596, 674833
56.3224871159, 674693
56.3325560093, 674638
56.4367520809, 674410
56.5557620525, 674033
56.5615520477, 674014
58.7631089687, 673996
61.0727601051, 673655
61.0828239918, 673480
61.0940849781, 673417
61.1041970253, 673351
61.1098430157, 672601
61.1123521328, 671964
61.1184000969, 671873
61.1505100727, 670678
61.1719141006, 670259
61.1721520424, 669959
61.4897351265, 669766
61.5061171055, 669250
61.5110111237, 669068
61.5164699554, 668632
61.7485780716, 668613
61.7978510857, 668308
61.8018939495, 668155
61.8531811237, 667925
63.562087059, 667556
63.6257920265, 667247
63.6258270741, 667016
63.6426160336, 666802
63.656525135, 666060
63.8171570301, 665556
63.8229279518, 665544
63.8314230442, 664689
63.8614361286, 664678
63.8629870415, 664278
63.8821120262, 663618
63.9844751358, 663363
63.9964511395, 662695
64.1632640362, 662666
64.1659641266, 662635
64.1925640106, 662370
64.1927001476, 662318
64.586261034, 661906
64.5889821053, 661903
64.6082651615, 661741
64.6509201527, 661693
64.6914851665, 661022
71.399750948, 661020
71.4223079681, 660815
73.1838741302, 660415
73.1846389771, 660026
75.7798950672, 659994
77.8306159973, 659977
79.023761034, 659919
79.0409231186, 659911
79.1686961651, 659789
79.8746440411, 659655
79.9848330021, 659576
80.8306610584, 659503
80.8619241714, 659405
81.9956681728, 659358
82.0772049427, 659343
82.1618051529, 659279
82.3013010025, 659277
82.3547520638, 659274
82.6579949856, 659227
82.7835571766, 658927
82.9195971489, 658632
82.9912490845, 658568
83.0281860828, 658565
85.8432650566, 658536
88.2371490002, 658508
88.3379430771, 658505
