2.81256699562, 702845
4.58766007423, 702253
6.07080698013, 697588
8.82423210144, 686776
12.984306097, 685560
14.2587580681, 679227
16.4403729439, 675616
21.5320420265, 672945
28.5895221233, 672047
33.2599439621, 671960
35.7013590336, 670742
39.9910731316, 664861
47.8102481365, 663489
77.7239220142, 663114
79.6832990646, 661079
82.5160901546, 660927
90.4484140873, 659696
121.31449914, 659300
249.279835939, 659190
290.590121031, 658796
295.604099989, 658596
332.040924072, 657858
510.484766006, 657826
