0.908519029617, 773160
0.909332036972, 773020
40.631731987, 772623
40.6372609138, 772596
40.6453340054, 770949
40.6536519527, 770776
40.657984972, 769665
41.6045260429, 768461
41.6054840088, 767215
41.6068499088, 765947
41.6098930836, 764066
41.6107599735, 763465
41.6139171124, 762459
42.2250900269, 760400
42.2286660671, 760275
42.228867054, 759915
42.2296159267, 758711
42.2310390472, 758472
42.2318840027, 758133
42.2321269512, 757279
42.2370579243, 756920
43.5876700878, 756247
43.5882539749, 755043
43.5961139202, 754520
43.5964620113, 753802
43.5994830132, 751229
43.6013491154, 750085
43.7647070885, 749770
43.7647500038, 749304
43.7676661015, 748763
43.7720870972, 745989
43.7722940445, 745808
43.7843720913, 745777
43.7847909927, 745493
43.7848269939, 744623
43.7913899422, 744306
45.8029670715, 744028
45.80569911, 742540
45.8100070953, 741358
45.8137528896, 738135
45.8159630299, 738029
46.1623868942, 737065
48.5589139462, 736988
48.5592279434, 735604
48.5624940395, 735418
48.5654809475, 734484
48.5750460625, 734451
48.5752239227, 734186
49.0611870289, 734170
49.1013009548, 732377
49.1722819805, 731678
49.1748390198, 730668
49.1804380417, 728659
49.2316019535, 728549
49.2434539795, 728350
49.2567689419, 728021
49.2581889629, 727111
49.2627339363, 726205
49.2633550167, 725773
49.2683060169, 723883
49.3309910297, 723103
49.3329279423, 722511
49.334829092, 721893
49.3354980946, 721060
49.3676030636, 720907
49.3685719967, 720522
49.3720889091, 719834
50.3883030415, 719533
50.3982748985, 719132
50.4468679428, 718510
50.4491579533, 717633
50.4501669407, 717577
50.5254089832, 716995
50.5257120132, 716882
50.5292561054, 716703
50.5296239853, 716358
50.5320498943, 716131
50.5470120907, 715547
50.5493509769, 715168
50.5540709496, 714938
50.5574719906, 714924
50.5601649284, 714576
50.5621089935, 714443
51.6639668941, 714060
51.6682889462, 712400
51.6695768833, 711579
51.6696240902, 711362
51.6909561157, 710784
51.6924660206, 710643
51.7663888931, 710532
51.8317670822, 708650
51.8390519619, 708350
51.8413200378, 707876
51.849932909, 707651
51.8505458832, 707119
51.8630890846, 706678
53.9601669312, 706366
53.9711120129, 705059
53.9724020958, 704571
53.9744489193, 704423
54.2185940742, 703670
54.2186419964, 702305
54.4337859154, 702276
54.5584878922, 701679
55.3458790779, 701569
55.3710899353, 701370
55.3833539486, 701247
55.3852460384, 700495
55.3890640736, 700340
55.395704031, 700282
55.4140241146, 699404
55.9796009064, 699398
56.0183169842, 699185
56.0648519993, 698752
56.1124579906, 698691
56.1228001118, 698503
56.125041008, 698428
57.5562019348, 697649
57.5572590828, 697143
57.6648199558, 696479
57.6792190075, 695689
57.6861879826, 695650
57.7496469021, 695163
57.7498600483, 694889
57.7639579773, 694500
57.7824230194, 694310
57.7881290913, 693254
57.7909440994, 693209
59.8006699085, 692801
59.8405311108, 692049
59.8998420238, 691400
59.9324610233, 690699
59.9382050037, 690075
59.9382820129, 689362
60.5571579933, 688393
60.9002609253, 687673
60.9017291069, 687465
60.9074220657, 686329
61.189702034, 685768
61.2020280361, 685611
61.2061929703, 683788
61.2082350254, 683369
61.209321022, 683185
61.2877440453, 682440
61.3002779484, 682186
61.3026559353, 681716
61.331330061, 681293
61.3335499763, 681285
61.340282917, 681082
61.428896904, 680777
61.4381389618, 680500
61.4744660854, 679499
61.4841840267, 678909
61.4852490425, 678675
64.8137309551, 678081
65.0585539341, 677873
65.0699779987, 677850
66.0172359943, 677524
66.018887043, 677063
66.020968914, 677062
66.0385649204, 676485
66.039536953, 675912
66.0515429974, 674600
67.9576060772, 674379
67.9840369225, 674242
67.9925920963, 674080
68.09623909, 673894
68.1174590588, 673172
68.1662631035, 672582
68.1707880497, 672418
68.2029929161, 671773
68.210119009, 671697
69.5712339878, 671638
69.5717129707, 671452
69.5771179199, 671312
71.7044649124, 670840
71.7249629498, 670785
72.0009109974, 670403
72.0373721123, 670041
72.5536770821, 669727
72.557461977, 669439
72.7784628868, 669377
72.7834169865, 669128
72.8141930103, 669097
73.2327039242, 668580
76.2821071148, 668550
77.8649790287, 668451
77.9392409325, 668277
77.9683420658, 668173
78.2864201069, 668083
78.3009910583, 668054
78.6020131111, 667871
78.6145160198, 667465
78.7260439396, 666607
78.8503139019, 666227
78.8536479473, 665439
78.8765919209, 665436
78.9347610474, 665293
78.9798810482, 664248
79.0227890015, 664172
79.0245659351, 664010
79.049695015, 663897
79.0752658844, 663889
79.7543280125, 663196
80.2254519463, 663182
81.3853778839, 662953
81.5979230404, 662861
81.6383800507, 662795
82.2014160156, 662666
82.279309988, 662638
82.3381390572, 662614
82.3577129841, 662537
82.5575420856, 662490
82.6632020473, 662487
82.6725618839, 662063
83.0996160507, 662004
83.116902113, 662001
83.1894528866, 661956
102.55253005, 661849
102.620006084, 661846
102.78053093, 661801
103.277070999, 661776
103.291934967, 661773
