39.8786737919, 772280
39.8792347908, 771854
39.8795688152, 771059
39.8805480003, 770754
39.8813118935, 769624
39.8820049763, 769390
39.8822548389, 768864
39.9146180153, 767923
39.9157979488, 767185
39.9198977947, 767046
39.9209938049, 765592
42.4112348557, 765515
42.4151480198, 765368
42.4190678596, 764667
42.4193890095, 764320
42.4203088284, 763765
42.4209139347, 762927
42.4222369194, 762795
42.4239079952, 761906
42.4298038483, 760928
42.4305038452, 760246
42.4310979843, 759301
42.4398019314, 758577
42.4403238297, 758409
42.4407978058, 756841
42.4469389915, 755773
43.9724519253, 753563
44.1300828457, 751591
44.1306529045, 751553
44.1306970119, 750445
44.1307280064, 748812
44.1320018768, 748588
44.1401588917, 747947
44.1446928978, 744947
44.1651229858, 744801
44.2544329166, 739388
44.2549848557, 739216
44.274075985, 738309
44.2802069187, 736124
44.3895227909, 735409
44.4773218632, 734490
44.4783909321, 734223
44.4803698063, 732811
44.4812300205, 732017
46.2848548889, 731956
46.2849929333, 730389
46.5058779716, 730141
46.5083088875, 730062
46.5103738308, 729209
46.5108428001, 728184
46.5109038353, 728107
46.5119218826, 727220
46.5190119743, 727107
46.5228638649, 725258
46.5238349438, 725033
46.5241959095, 724400
46.5264480114, 724372
46.5278048515, 723117
46.5321238041, 722881
46.5343308449, 722024
47.8888339996, 721304
48.3677489758, 720952
48.3991289139, 719528
48.4015088081, 718561
48.404433012, 718390
48.407171011, 718292
48.4152998924, 718110
49.6224668026, 718010
49.7360889912, 715944
49.7368488312, 715748
49.7371008396, 714751
49.7380750179, 714443
49.747825861, 714367
49.7512989044, 712927
49.7522449493, 711828
50.5079929829, 711650
50.5213739872, 711025
50.585256815, 709754
50.59126091, 709195
50.5958888531, 709056
50.5972340107, 708435
50.6038467884, 708038
50.6056499481, 707371
52.6924219131, 706572
52.6956059933, 705698
52.6989328861, 705652
52.6989657879, 705120
52.6997618675, 704031
52.7008109093, 703282
52.7015669346, 702608
54.2887527943, 701809
54.4715869427, 700485
54.4823029041, 698932
54.4866509438, 698593
54.4916229248, 698310
54.4996278286, 698200
54.503194809, 697939
54.5033519268, 697712
54.5102620125, 696972
54.5248539448, 696886
54.5298998356, 696397
54.6602540016, 696395
54.6618130207, 695943
54.6657660007, 695925
54.6659648418, 695638
54.6686189175, 695354
54.6715519428, 694598
54.6739828587, 694491
54.6819489002, 694441
54.7199218273, 694096
54.7523210049, 693336
54.7570869923, 693034
55.3626248837, 692832
55.4926059246, 692719
55.4995160103, 691117
55.5076630116, 690668
55.5096487999, 690557
58.9182388783, 690055
58.9379439354, 689222
58.9419088364, 689161
58.9685268402, 689154
58.9763829708, 688503
58.9779148102, 687690
58.9784607887, 687580
59.0864629745, 687565
59.1278009415, 686983
59.1297259331, 686841
59.1529347897, 686227
59.1606199741, 686023
59.1947889328, 685801
59.1983268261, 685753
59.2141778469, 685697
59.2156839371, 685690
59.2217569351, 685220
59.2826678753, 685106
59.285820961, 684996
59.2876508236, 684949
59.289069891, 684713
59.289454937, 684394
59.3028478622, 683826
59.3134989738, 683804
59.3319818974, 682973
59.3743298054, 682928
59.3831489086, 682906
59.3859188557, 682765
59.3878929615, 682710
60.520816803, 682296
60.5420899391, 682058
60.5446388721, 681899
60.5861239433, 681319
60.5979669094, 681058
60.6218647957, 680563
60.6409518719, 680225
60.6574449539, 679954
61.0210359097, 679807
61.054805994, 678148
62.2074568272, 678040
62.2087829113, 678023
62.2399528027, 677971
62.6383697987, 677277
62.6409869194, 676843
62.6625118256, 676553
62.6838510036, 676120
63.7485408783, 675946
65.5823178291, 675854
65.596809864, 675716
65.5973329544, 675263
65.6121628284, 675213
65.6293189526, 674677
65.6309328079, 674377
65.632753849, 673953
65.6403520107, 673480
65.6426959038, 672404
65.6452147961, 672207
65.6529757977, 671889
66.0326948166, 671607
66.1134819984, 671178
66.1460599899, 670477
66.2080698013, 670334
66.2498710155, 670279
66.3952758312, 669421
66.4232239723, 669420
66.4251568317, 669062
66.4593708515, 668811
66.8409969807, 668375
66.8568198681, 667693
66.8589658737, 667091
66.8741359711, 666904
66.9958269596, 666892
66.998005867, 666707
67.1412229538, 666400
67.5258820057, 666135
67.5312979221, 665923
67.5367758274, 665901
67.5763788223, 665874
71.3492238522, 665864
71.3530299664, 665453
71.3889238834, 665080
71.3985369205, 664258
71.8013169765, 664197
72.277397871, 663837
72.3200318813, 663814
72.343503952, 663792
72.3550488949, 663651
72.3658537865, 663374
72.3703558445, 663221
72.3836829662, 662941
72.4018948078, 662914
72.8046009541, 662492
72.8954188824, 662265
77.3000648022, 662045
77.318516016, 661916
77.3330788612, 661672
77.3580629826, 661308
77.4106729031, 661278
77.4669189453, 661263
77.482724905, 660975
77.7279629707, 660542
77.7818980217, 660493
78.2222819328, 660209
78.2572119236, 660034
78.2946519852, 659921
78.9912669659, 659648
79.0206890106, 659535
79.0448708534, 659432
79.2043259144, 659270
79.2356169224, 658189
79.2888770103, 658042
79.4040307999, 657930
79.9697639942, 657912
80.0069949627, 657897
80.0127189159, 657478
82.0497808456, 657006
82.0578439236, 656927
83.6818888187, 656760
83.7619769573, 656366
