2.7683801651, 702845
5.90735697746, 684878
10.9578402042, 683190
16.0156650543, 682010
19.5184781551, 680962
22.7078950405, 676009
38.9922370911, 675399
65.9215431213, 673661
73.5887961388, 672331
73.8159060478, 671460
76.05123806, 670440
78.8959310055, 670016
119.995298147, 667302
155.540616035, 666464
167.936107159, 666386
170.815432072, 665465
243.070602179, 665377
261.490350008, 665153
267.919748068, 664403
285.083898067, 664056
393.95779109, 662881
416.515760183, 661309
427.093983173, 661250
431.672191143, 660710
584.879899979, 659287
