33.2838897705, 772280
33.2843909264, 771854
33.2845489979, 771059
33.2852909565, 770754
33.2859048843, 769624
33.2864508629, 769390
33.2865769863, 768864
33.3136868477, 767923
33.3147099018, 767185
33.3175899982, 767046
33.3185799122, 765592
35.4082019329, 765515
35.4113759995, 765368
35.4147179127, 764667
35.4150269032, 764320
35.415956974, 763765
35.4164788723, 762927
35.4175698757, 762795
35.4193739891, 761906
35.427423954, 760928
35.4282009602, 760246
35.4288687706, 759301
35.4369747639, 758577
35.4377198219, 758409
35.4380168915, 756841
35.4450857639, 755773
36.6963338852, 753563
36.8378889561, 751591
36.8381969929, 751553
36.8382179737, 750445
36.8382349014, 748812
36.8388369083, 748588
36.842884779, 747947
36.8457829952, 744947
36.8661839962, 744801
36.9521808624, 739388
36.9527258873, 739216
36.9715127945, 738309
36.9763319492, 736124
37.074067831, 735409
37.1484079361, 734490
37.1499888897, 734223
37.1522679329, 732811
37.1528999805, 732017
38.6321158409, 731956
38.6322028637, 730389
38.8095898628, 730141
38.8119628429, 730062
38.813575983, 729209
38.8139829636, 728184
38.8140377998, 728107
38.8149299622, 727220
38.8204579353, 727107
38.8240327835, 725258
38.8249218464, 725033
38.8252539635, 724400
38.8266508579, 724372
38.8274829388, 723117
38.8315107822, 722881
38.8325018883, 722024
39.9640748501, 721304
40.2887098789, 720952
40.3138949871, 719528
40.3151218891, 718561
40.3170318604, 718390
40.3193058968, 718292
40.3254737854, 718110
41.3130788803, 718010
41.3756799698, 715944
41.3764269352, 715748
41.3766729832, 714751
41.3776378632, 714443
41.3851208687, 714367
41.388053894, 712927
41.3890419006, 711828
41.9861419201, 711650
41.9968078136, 711025
42.0495038033, 709754
42.0547418594, 709195
42.058934927, 709056
42.0602619648, 708435
42.0650668144, 708038
42.0668439865, 707371
43.8194899559, 706572
43.8220038414, 705698
43.8244218826, 705652
43.824439764, 705120
43.8250057697, 704031
43.8256378174, 703282
43.8263468742, 702608
45.2381129265, 701809
45.412624836, 700485
45.4223968983, 698932
45.426145792, 698593
45.4313688278, 698310
45.4391279221, 698200
45.442868948, 697939
45.4429869652, 697712
45.4450449944, 696972
45.4491808414, 696886
45.4502398968, 696397
45.5671467781, 696395
45.5685939789, 695943
45.5716819763, 695925
45.5718598366, 695638
45.5742249489, 695354
45.5773329735, 694598
45.5798959732, 694491
45.588591814, 694441
45.626116991, 694096
45.6588177681, 693336
45.6641879082, 693034
46.1973237991, 692832
46.3191268444, 692719
46.3257057667, 691117
46.3334658146, 690668
46.335203886, 690557
49.3050839901, 690055
49.3246438503, 689222
49.3285207748, 689161
49.3528158665, 689154
49.360175848, 688503
49.3627078533, 687690
49.3633468151, 687580
49.46833992, 687565
49.4993798733, 686983
49.5012719631, 686841
49.5172569752, 686227
49.5246999264, 686023
49.5585348606, 685801
49.5619459152, 685753
49.5760378838, 685697
49.5773689747, 685690
49.5820229053, 685220
49.6388199329, 685106
49.6422019005, 684996
49.6442987919, 684949
49.6458349228, 684713
49.6463317871, 684394
49.658618927, 683826
49.6678068638, 683804
49.68283391, 682973
49.7151448727, 682928
49.7237989902, 682906
49.7263348103, 682765
49.7279889584, 682710
50.6467559338, 682296
50.6659209728, 682058
50.6683218479, 681899
50.7063097954, 681319
50.7168459892, 681058
50.7308859825, 680563
50.7378308773, 680225
50.7506248951, 679954
51.0719339848, 679807
51.1059038639, 678148
52.0720059872, 678040
52.0732908249, 678023
52.1000888348, 677971
52.4512667656, 677277
52.453950882, 676843
52.4682369232, 676553
52.4863159657, 676120
53.3873848915, 675946
54.9355649948, 675854
54.9473028183, 675716
54.9478578568, 675263
54.9612498283, 675213
54.9771428108, 674677
54.9789218903, 674377
54.981017828, 673953
54.9882128239, 673480
54.9908058643, 672404
54.9935407639, 672207
54.9999539852, 671889
55.2836477757, 671607
55.3595569134, 671178
55.3874168396, 670477
55.4269599915, 670334
55.4661638737, 670279
55.6068708897, 669421
55.6325409412, 669420
55.6345889568, 669062
55.6503379345, 668811
55.986623764, 668375
56.0016868114, 667693
56.0041339397, 667091
56.0198369026, 666904
56.1243309975, 666892
56.1268417835, 666707
56.2648398876, 666400
56.6256427765, 666135
56.629655838, 665923
56.6328928471, 665901
56.6684749126, 665874
59.7609407902, 665864
59.7641408443, 665453
59.8027667999, 665080
59.8115119934, 664258
