2.78025484085, 702845
8.92425894737, 698323
10.5837218761, 694336
12.8266878128, 689115
14.9319188595, 688868
25.5811059475, 686436
33.3369669914, 685966
45.459774971, 685914
46.4023468494, 685730
47.9053549767, 685022
50.6386749744, 683340
57.6128759384, 683168
90.1146669388, 682993
100.594213963, 678082
104.643999815, 676553
107.683220863, 676041
110.172199011, 674719
114.458983898, 674711
116.318912983, 672375
120.416579962, 672118
124.157531023, 671436
135.068410873, 668944
147.545282841, 668800
167.620769024, 668191
176.915164948, 668169
196.80389595, 668149
197.852928877, 667088
203.882375002, 666472
214.688350916, 665959
218.208328962, 665614
220.548056841, 665162
236.819898844, 665123
248.33189702, 664421
261.315158844, 664200
275.954250813, 663759
279.674916029, 662796
290.841845036, 662593
346.843425989, 662584
349.7078619, 661530
397.017459869, 659040
404.070652008, 658757
429.374282837, 658587
473.824463844, 658421
580.036228895, 658140
