0.772994041443, 768464
35.3064470291, 765192
35.3250601292, 764990
35.4342331886, 763907
37.0444860458, 763439
37.048853159, 760577
37.0500349998, 760545
37.0525419712, 759787
37.0534691811, 759498
37.0552210808, 757173
37.0559699535, 756917
37.0590620041, 756127
37.0923271179, 756069
37.0952839851, 753286
37.0957450867, 752343
37.0960130692, 750257
39.3089570999, 749071
39.3089931011, 748534
39.3097040653, 746899
39.3106701374, 746269
39.3139600754, 746006
39.3141469955, 745958
39.3158271313, 745706
39.3177940845, 745614
39.3189620972, 745504
39.3218181133, 744527
39.4130110741, 743976
39.6376681328, 743533
40.0276210308, 743138
40.0280451775, 741738
40.0517840385, 741184
40.0522341728, 740811
40.0553090572, 740296
40.4461200237, 740248
40.4470980167, 740188
40.4637739658, 739374
40.4658801556, 739294
40.469990015, 738724
41.5635499954, 738214
41.5639569759, 737840
41.5663709641, 737730
41.5688920021, 737345
41.5701620579, 734974
41.5718700886, 734945
41.5751230717, 733756
41.578619957, 732918
41.5802559853, 732847
41.58218503, 731555
41.5834810734, 730367
41.5859761238, 728873
41.5963749886, 728171
41.5994470119, 726910
41.6005330086, 726162
41.6021909714, 726160
41.6085400581, 725774
41.6093170643, 725644
41.6097500324, 724187
41.6129610538, 724016
41.685103178, 723234
41.8611650467, 723115
41.8794741631, 722960
41.8795289993, 722210
42.3718960285, 721801
42.4735651016, 721790
42.4833521843, 721028
42.4859540462, 720716
42.632586956, 720249
42.6515450478, 718970
42.6547970772, 717903
42.9269020557, 717810
43.0593721867, 717452
43.0632860661, 717273
43.0672161579, 717271
43.0796840191, 716926
43.1284379959, 716156
43.1291570663, 715701
43.1334290504, 715510
43.1350200176, 715399
43.1511330605, 715016
43.1517779827, 714376
44.1222791672, 713969
44.1505701542, 713473
45.2583990097, 712792
45.2791559696, 712685
45.2858281136, 712401
46.2664601803, 711981
46.2666020393, 711020
46.26760602, 710049
46.4582111835, 709635
46.4584801197, 709207
46.4595870972, 709179
46.5083999634, 708118
46.5145521164, 707360
46.5187041759, 707123
46.5193450451, 707045
46.5816650391, 706935
46.590542078, 706480
46.6032819748, 706062
46.7018611431, 705304
46.7080819607, 704512
46.7089290619, 703607
46.7111251354, 703330
46.7124559879, 703264
47.6910121441, 703169
47.6992781162, 702368
47.7053229809, 701337
47.7092339993, 700297
48.0302770138, 699738
48.0406150818, 699619
48.0606060028, 698636
48.0615720749, 698155
48.2196831703, 698123
48.2309410572, 696976
48.2321870327, 695572
48.8706459999, 695557
48.871999979, 695238
48.8838181496, 694107
48.8844220638, 694076
48.8888680935, 693657
48.9078140259, 693468
48.9316060543, 693372
48.9521300793, 693330
49.0444300175, 692954
50.5510101318, 692742
50.5510470867, 692641
50.5554850101, 692477
50.5664200783, 691821
50.5743350983, 691597
50.6179990768, 690629
50.6185171604, 689663
51.0731561184, 688605
51.2700891495, 688403
51.2752370834, 686964
51.2803771496, 686932
52.5597131252, 686866
52.5702061653, 686517
52.5721671581, 686498
52.5894939899, 686103
52.5938739777, 685143
52.6132340431, 684859
52.6186499596, 684837
52.622246027, 684276
52.7353100777, 683886
52.7396609783, 683743
52.7475340366, 683302
52.7494339943, 682642
52.7505750656, 682220
52.941106081, 681765
53.0332410336, 681702
53.1423699856, 681639
54.0267591476, 680657
54.0630261898, 680250
54.578207016, 680210
54.5865411758, 680128
54.6049230099, 680072
54.8783061504, 680036
55.4622859955, 679652
55.4681611061, 679254
55.5300681591, 679076
55.5596621037, 678326
55.5608370304, 678213
55.5644240379, 677689
55.5662059784, 677520
55.6815969944, 677011
58.1867861748, 676229
58.205696106, 676189
58.2365410328, 675630
58.2450320721, 675234
58.2667059898, 675010
58.4041891098, 674719
58.413282156, 674255
58.4200291634, 674112
58.428745985, 673079
58.7502729893, 672988
58.7748351097, 672059
58.8603870869, 671821
58.8703260422, 671768
60.541574955, 671584
60.8192341328, 671424
60.8377211094, 671180
60.8390960693, 670667
61.0191311836, 670302
61.0340640545, 669481
61.2666990757, 669109
61.2698671818, 668763
61.2912070751, 668717
61.3273770809, 667992
61.3375999928, 667482
61.3683609962, 667417
61.3872740269, 667300
61.3874220848, 666695
61.3951771259, 666621
64.9644160271, 666479
64.9845950603, 666074
64.9887151718, 666010
65.031234026, 665941
65.1189291477, 665632
65.1396560669, 665463
65.5940670967, 665320
65.6058220863, 665293
65.6204349995, 665253
65.6569600105, 665247
65.6698250771, 665228
65.6799621582, 665200
65.7503170967, 665068
65.8095681667, 665030
65.8139059544, 664968
66.1664800644, 664920
66.2529520988, 664897
66.2635569572, 664703
66.3545751572, 664690
67.4346001148, 664550
67.4445540905, 664424
67.5523560047, 663551
67.5966491699, 663546
67.5974559784, 663486
67.6617350578, 663228
68.2646200657, 663212
68.7683839798, 663078
68.7802240849, 663003
70.2200350761, 662893
71.7707800865, 662423
71.8123171329, 662301
73.4828641415, 662239
73.5694611073, 662117
78.9144790173, 662078
78.9242019653, 662018
78.9800059795, 661839
78.9958100319, 661645
79.2381529808, 661509
79.2683939934, 661449
79.3457021713, 661205
79.6962571144, 661143
79.9826691151, 661115
80.0270001888, 661008
84.7244131565, 660973
84.7466781139, 660768
90.7217199802, 660708
