2.92110300064, 702845
10.2778630257, 701569
14.3561601639, 690329
18.0031821728, 688991
24.0985600948, 687517
26.178276062, 684253
27.3118340969, 682054
28.4929800034, 675073
30.8867430687, 670560
95.8845670223, 670338
100.580079079, 669902
108.109728098, 668575
224.283838034, 668545
226.321654081, 665828
238.098611116, 665186
254.190634966, 665128
263.714353085, 664353
285.502477169, 664280
301.172489166, 662802
337.50466013, 661878
371.218261003, 661786
404.656697989, 661669
425.967938185, 661323
448.191735029, 660605
472.076174021, 660427
476.496315002, 660003
496.270264149, 659756
535.023998022, 659535
554.797533989, 659220
590.061685085, 659198
