32.7754170895, 772562
33.0986149311, 771783
33.0989489555, 771392
33.1221151352, 771075
33.1274020672, 770898
33.1305599213, 769095
34.2544839382, 767614
34.8521430492, 767208
34.8590779305, 765860
34.8622670174, 762955
34.8628869057, 760831
34.8736341, 759953
35.5340349674, 757652
35.5371980667, 757378
35.5518491268, 757276
35.5527749062, 757061
35.5541989803, 756983
35.5554459095, 756118
35.5973639488, 755780
35.5999979973, 755711
35.7259509563, 754698
36.2746751308, 753545
36.2776899338, 753290
36.2814810276, 753026
36.2841069698, 752166
36.2850499153, 751746
36.2874820232, 751413
36.2889220715, 749840
36.2918851376, 748946
36.2928729057, 747602
36.4319939613, 743404
36.4323101044, 742485
36.4323499203, 742123
36.4324939251, 742106
36.4328439236, 741735
36.433161974, 741347
36.4342579842, 741054
36.4356620312, 740699
36.4358899593, 739272
36.4384510517, 739219
36.4453411102, 739176
36.4480559826, 738481
36.4510669708, 738244
36.4554181099, 737855
36.4569981098, 737333
36.9446899891, 737148
36.9450919628, 737140
36.9476320744, 736638
36.9560921192, 736287
36.9582951069, 735782
36.9619870186, 734084
36.9793610573, 733624
36.9810349941, 733122
36.9945709705, 732847
36.9965560436, 732471
36.9985020161, 730690
36.9991919994, 729346
37.0006990433, 727396
37.0019249916, 727114
37.0054829121, 726050
37.0180220604, 725845
37.018862009, 725411
37.0841050148, 725300
40.4129641056, 725264
40.4142811298, 725262
40.4150900841, 725252
40.4181790352, 725238
40.4481639862, 724122
40.4501330853, 723045
41.815611124, 722761
41.8176219463, 721828
42.4321889877, 721055
43.1722159386, 720095
43.1750030518, 719268
43.1765589714, 718752
43.2184281349, 718063
43.219602108, 717412
43.2228600979, 717184
43.2343220711, 715262
43.2351920605, 715152
43.2363259792, 714000
43.2378349304, 713958
43.2420120239, 711695
43.4275770187, 711536
43.4288649559, 711474
43.4292259216, 710541
43.4313890934, 710358
43.4416251183, 709777
43.4548819065, 709176
43.4568970203, 709054
44.550205946, 707929
45.0885920525, 707915
45.1064529419, 707729
45.1155359745, 707632
45.1168870926, 707318
45.1169290543, 706607
45.1287410259, 706556
45.1407499313, 705371
45.1425061226, 705158
45.1514379978, 704696
45.6506390572, 704530
45.6628339291, 704519
45.6782639027, 703358
45.6783509254, 702929
45.6811769009, 702570
45.6851840019, 701718
45.6863889694, 701581
45.6983721256, 700948
45.6986191273, 700328
45.7136130333, 700271
45.7288401127, 700182
45.7879769802, 699307
46.3549129963, 699160
46.3602941036, 698800
46.3607261181, 698406
46.390887022, 697966
46.3916430473, 697380
46.3921661377, 697322
46.394340992, 696837
46.4072389603, 696766
46.409224987, 696450
46.4140939713, 696162
46.4192280769, 695934
46.4234309196, 694691
47.5551860332, 694036
47.5629639626, 693304
47.5631511211, 692602
47.5689311028, 692254
47.5693190098, 692224
47.5711359978, 691774
47.5964729786, 691286
47.6118340492, 690915
47.6194970608, 690772
47.6347639561, 689523
48.2326929569, 688255
48.2918860912, 688002
48.2956011295, 687988
50.4383499622, 687657
50.4520659447, 687646
50.4610490799, 687087
50.4636909962, 686984
50.4644899368, 686049
50.4726850986, 685804
50.4874839783, 685720
50.5731709003, 685448
51.5912489891, 685156
51.5934259892, 684874
51.608299017, 683864
51.6101679802, 683815
51.6139581203, 682712
51.6211099625, 682504
51.6236510277, 681956
51.6353061199, 680906
51.6363670826, 680181
51.6754250526, 679265
51.6833109856, 678643
51.6863100529, 678521
51.7841999531, 677965
51.7846229076, 677123
51.7987070084, 677027
51.9082751274, 676908
51.9126849174, 676561
53.5585429668, 676061
53.584305048, 676020
53.5920901299, 675768
53.5960390568, 675227
54.500221014, 674852
54.5031719208, 674732
54.5143830776, 674305
54.5178029537, 674074
54.5283260345, 674057
54.5318489075, 673966
54.5495650768, 673938
55.1963980198, 673901
55.2011671066, 673669
55.2029910088, 673293
55.203879118, 673036
55.308713913, 673024
55.6346790791, 672706
58.4029760361, 672591
58.403275013, 672574
58.4138820171, 671990
58.4649939537, 671847
58.8902850151, 671597
59.0115530491, 671534
59.011936903, 671235
59.0483579636, 671234
59.0511379242, 671052
59.0528120995, 670923
59.0787410736, 670627
59.0978400707, 670102
59.1821789742, 668951
62.5475161076, 668916
63.4113171101, 668863
63.414331913, 668603
64.1379799843, 667629
64.2277231216, 667571
64.2312879562, 667349
64.256485939, 667334
64.2593951225, 666978
67.1022529602, 666807
67.1073439121, 666486
67.1183400154, 666317
67.2916390896, 666246
67.4201550484, 666097
67.4479150772, 666038
68.5582399368, 665532
68.58365798, 665378
68.6032919884, 665313
68.7301139832, 665086
68.7674589157, 665026
68.7782790661, 664897
70.3218429089, 664888
70.6973791122, 664786
70.709031105, 664758
70.7385430336, 664288
70.7598581314, 664228
70.8796439171, 663962
70.9108579159, 663680
70.9821989536, 663563
71.0084090233, 663557
71.5116860867, 663556
71.6127450466, 663204
71.6690590382, 662928
71.7463819981, 662682
79.8310301304, 662603
79.8651630878, 662543
79.9801039696, 662537
80.0239629745, 662470
88.8037469387, 662448
