2.80288910866, 702845
4.61057090759, 688293
13.2012989521, 688250
44.3896329403, 678338
68.0696439743, 676277
80.9555420876, 675768
101.025131941, 674912
121.537020922, 672078
122.59721303, 671979
143.91157198, 671587
192.036452055, 671273
215.439666033, 670991
221.682467937, 665406
227.628869057, 665322
230.138716936, 665296
284.142151117, 662825
293.788567066, 662806
295.615922928, 662062
339.651859045, 661822
377.121032953, 661656
441.059211016, 661361
484.478657961, 660831
578.445030928, 660827
580.940587044, 660661
