1.11762905121, 1030391
1.11794805527, 962863
1.11887788773, 920454
1.12127995491, 917649
1.12762093544, 915018
1.21395397186, 914475
1.30216097832, 913763
1.31556987762, 911714
1.31652092934, 910020
1.32082509995, 901358
1.87085294724, 892723
3.76538205147, 889764
34.1087310314, 889687
37.05189991, 888367
55.0509190559, 884015
55.0550088882, 883324
56.3741500378, 880365
73.2410459518, 879126
252.000484943, 878559
253.466697931, 878443
262.464191914, 877180
271.158287048, 876140
273.27680397, 871739
273.424925089, 871686
273.522077084, 871666
274.486361027, 867882
277.897880077, 867235
278.010211945, 866830
