34.9303610325, 770607
34.9310240746, 770448
34.9318220615, 769706
34.9337530136, 769458
34.9369421005, 767061
35.0810420513, 766951
35.0857589245, 765628
35.182131052, 764628
35.1834731102, 764346
35.1965999603, 763803
35.2584500313, 763739
35.2631130219, 763370
35.2674360275, 762059
35.2696208954, 760180
35.2698309422, 759094
35.2717759609, 758480
35.2722730637, 757755
36.4436240196, 757406
36.4439098835, 755899
36.4441120625, 755619
36.4469659328, 754999
37.2602829933, 754645
37.3294680119, 754257
37.3298799992, 753951
37.3383629322, 753909
37.3386130333, 753260
37.3389010429, 752582
37.7914369106, 751073
37.793888092, 750654
37.8215770721, 750604
37.825797081, 750295
37.8264319897, 749436
37.826613903, 748752
37.8380260468, 748528
37.8385739326, 746322
37.8394908905, 746151
38.2853550911, 746072
38.288572073, 745669
38.2898030281, 745422
38.3004119396, 745047
38.303497076, 744935
38.3056669235, 744558
38.3069250584, 742521
38.3194420338, 742376
39.0138790607, 742090
39.0140619278, 741271
39.014332056, 740183
39.9262349606, 739703
40.3047690392, 738750
40.3049790859, 738663
40.3064730167, 738301
40.306885004, 737966
40.3081140518, 737907
40.3105289936, 736499
40.3179330826, 735818
40.3182859421, 735132
40.320743084, 735102
40.3210299015, 734270
40.3274600506, 734107
42.6385378838, 733170
42.6405489445, 733052
42.6417279243, 730749
42.7704720497, 730441
42.7707810402, 729591
42.7740979195, 728245
42.7763190269, 727951
42.7773509026, 727851
42.780905962, 726656
42.7821140289, 726289
42.7850899696, 726122
42.7862279415, 726032
42.7889521122, 724336
42.9184949398, 723435
42.9187400341, 722921
42.9199450016, 722697
42.9307398796, 722609
42.9566810131, 722308
43.9750030041, 721757
43.9782469273, 721364
43.9806239605, 721095
44.0383520126, 719252
44.0385129452, 718050
44.0453400612, 717206
44.0466320515, 716844
44.0499289036, 716398
44.0505530834, 715561
44.0519299507, 714770
44.1875059605, 713439
44.1899869442, 713158
44.1933250427, 712708
44.1939630508, 712086
44.1986401081, 711769
44.1987659931, 711031
44.1991620064, 708983
44.9254469872, 706397
44.9255020618, 704714
44.9346449375, 703804
44.9348680973, 703785
44.9377100468, 703108
44.9712131023, 702771
44.9747390747, 702103
47.3713788986, 701030
47.3799159527, 699874
47.4955730438, 698897
47.5049729347, 698827
47.7599329948, 697422
47.7798919678, 696608
48.4491260052, 696176
48.6682479382, 696164
48.752104044, 695881
48.7725989819, 695392
48.7848870754, 695365
50.1054079533, 695215
50.1410329342, 694993
50.1453149319, 694783
50.1491670609, 694674
50.2311530113, 694251
50.2467970848, 693977
50.2516739368, 693603
51.0880410671, 693549
51.0887238979, 693079
51.1010239124, 692880
52.5560588837, 692411
52.564718008, 692145
52.6984539032, 691409
52.7345020771, 691317
52.736289978, 691234
52.7399768829, 690505
52.7409229279, 690283
52.7437460423, 689680
52.7466340065, 688399
52.8012259007, 687931
53.3771469593, 687855
53.3824820518, 687117
53.4603450298, 686779
54.0160810947, 686561
54.0225129128, 685598
54.0305850506, 685380
54.0307381153, 685068
54.0391259193, 684951
54.0419418812, 684350
54.0799350739, 684156
54.0910980701, 684140
54.0920140743, 683427
54.1991260052, 682613
54.2204890251, 682549
54.2878201008, 682487
54.2979528904, 681773
54.302519083, 681717
54.3200390339, 681234
54.3213911057, 680715
54.3228709698, 679673
54.4519340992, 679445
54.9612920284, 678718
54.9637899399, 677918
54.9668989182, 677902
54.9775569439, 677475
54.9831120968, 677398
56.5670011044, 677226
56.5820689201, 677104
56.6058700085, 676866
56.6074700356, 676205
56.6478450298, 676089
56.6504480839, 675872
56.6724550724, 675778
56.9332818985, 675475
57.1869599819, 675192
57.44520998, 674869
57.4605679512, 674503
57.5022199154, 674376
57.5116400719, 673543
57.5503649712, 673416
57.5810410976, 673074
57.5861670971, 672515
57.5928120613, 672386
57.6226520538, 672050
57.6232590675, 671665
57.9268820286, 671664
57.9430611134, 671592
57.9639289379, 669797
57.9771609306, 669644
58.0565240383, 669634
58.065541029, 669510
58.4526870251, 669242
58.4812450409, 668954
58.4933340549, 668926
58.5533080101, 668734
58.6121439934, 668484
58.6185090542, 668230
58.6209208965, 667883
