37.837195158, 773233
37.8377840519, 771698
37.8397262096, 768797
37.8565812111, 768063
38.2505290508, 766749
38.2539820671, 764541
38.2578279972, 763148
38.2612431049, 763086
38.3862860203, 762873
38.3881421089, 762613
39.6691410542, 761060
39.6770861149, 761048
41.8859021664, 760345
41.9040939808, 760261
41.9043400288, 758131
41.9250020981, 756238
42.234057188, 755248
42.2343699932, 754090
42.2654321194, 753235
42.2667050362, 752542
42.2690780163, 752286
42.2701501846, 751923
42.2713851929, 750429
42.2716991901, 749061
42.2722680569, 748463
42.2769122124, 748385
42.2781040668, 747355
42.2804222107, 746612
42.3439030647, 746410
42.6052961349, 746006
42.6089951992, 745711
42.6130990982, 745158
42.6159451008, 744897
42.9534921646, 744669
42.9547450542, 744098
42.9549031258, 743594
42.9573659897, 743236
43.6084001064, 742066
43.6303281784, 741642
43.6491529942, 741113
43.6965870857, 741070
43.6981720924, 740438
43.6986861229, 740393
43.7023851871, 739975
43.9548130035, 739656
43.9574999809, 739184
43.9592010975, 737913
43.9623630047, 737715
43.9631741047, 737042
43.9723360538, 736095
43.9740641117, 735731
43.9772241116, 735209
43.980091095, 734851
43.9825470448, 732419
46.8377621174, 731357
46.8413071632, 730538
46.841449976, 727972
46.8418550491, 725551
46.8492021561, 725534
47.5220401287, 725027
47.5236370564, 724175
47.5241692066, 723674
47.5252411366, 722894
47.5263280869, 722538
47.5356030464, 720771
47.7536730766, 720581
47.757748127, 720403
47.7584490776, 720003
47.7607390881, 719308
47.76197505, 718435
47.7680821419, 718398
47.7916281223, 717862
47.7933971882, 716694
47.7965481281, 716551
47.7968029976, 716367
47.8024590015, 715831
47.8032422066, 715089
47.8043801785, 714421
47.8106610775, 714287
47.811661005, 712358
47.8139710426, 711233
47.8279080391, 711179
48.0085082054, 710694
48.0112631321, 709585
48.0182170868, 709022
48.0314970016, 708720
48.0332360268, 708460
51.2597281933, 707979
51.2632260323, 707961
51.2677161694, 707751
51.2864670753, 706303
51.2910079956, 704505
51.4558382034, 704326
51.6193749905, 704230
51.6238970757, 703808
51.6628530025, 703619
51.6789360046, 703183
51.6886060238, 702495
51.7638339996, 702084
51.7694921494, 701465
51.7707121372, 700080
51.772534132, 699540
51.7735960484, 699535
51.7818841934, 698977
53.3312749863, 698375
53.3510181904, 698039
53.3644239902, 697589
53.36642313, 697460
53.6181671619, 697329
53.6301121712, 696840
53.6442751884, 695120
53.6443440914, 694756
55.0043029785, 694084
55.0110571384, 692492
55.0139751434, 691815
55.0288879871, 691763
55.0301380157, 690652
55.0624890327, 689040
55.1681141853, 689002
55.2534081936, 688768
55.2581059933, 688154
55.2586350441, 687645
55.8918139935, 687267
55.8960490227, 686895
56.1864891052, 686588
56.4254171848, 686312
56.4352800846, 686164
56.4418091774, 685812
56.4515230656, 685294
56.4521901608, 684776
56.4562981129, 684500
56.4617991447, 684029
56.8228189945, 683899
56.8248980045, 683381
57.1598072052, 683373
58.9224841595, 683030
58.9318380356, 682794
58.9404640198, 682540
58.9614541531, 682488
58.9859471321, 681357
58.9892170429, 681035
59.0311989784, 680959
59.0331680775, 680571
59.0391612053, 680509
59.0784931183, 680487
59.0927670002, 680124
60.8341171741, 679915
60.8434550762, 679850
60.8541531563, 679716
60.8772950172, 679330
60.8870501518, 679304
61.1927011013, 679159
61.204832077, 679157
61.2105340958, 678859
61.2173361778, 678107
61.2363550663, 677682
62.2506611347, 676949
62.2541751862, 676644
62.2554411888, 675110
62.2670969963, 674742
62.304074049, 674737
62.575345993, 674657
62.6100420952, 674178
62.6154270172, 674173
62.6908700466, 673117
62.7041311264, 672875
62.7197360992, 672715
62.7843141556, 672588
62.7876181602, 671981
62.7882640362, 671840
62.8075990677, 671657
62.8335831165, 671260
65.2343649864, 670349
65.2345221043, 670284
65.2368791103, 669753
65.2394871712, 669423
65.242577076, 669116
66.6679661274, 668816
66.6774921417, 668794
66.7095751762, 667690
66.7217271328, 667451
66.7530059814, 666051
70.8519639969, 664944
71.0196352005, 664665
71.1465461254, 664104
71.1516420841, 663822
71.1980280876, 663696
71.200854063, 663664
71.2038910389, 663661
71.234003067, 663004
71.3841180801, 662823
74.7611820698, 662727
74.7775621414, 662524
74.8001191616, 662517
74.8965342045, 662466
76.9622740746, 661856
76.9644451141, 661684
77.7212820053, 661529
77.7657051086, 661233
78.6730051041, 661220
78.735170126, 661139
78.7752840519, 660993
78.9114041328, 660960
78.9393351078, 660900
78.9680399895, 660738
79.0138561726, 660729
81.0280930996, 660681
81.6465790272, 660496
81.6612071991, 660424
81.6944231987, 660302
82.718006134, 660161
82.7406711578, 660076
82.743666172, 660044
83.6704490185, 659985
83.773815155, 659868
87.4194841385, 659256
87.5141720772, 659114
87.5159361362, 658997
87.6346540451, 658988
87.6638569832, 658986
87.9752261639, 658889
88.0415000916, 658687
88.0971901417, 658470
88.5435512066, 658427
88.5718481541, 658282
88.6344280243, 658237
91.1692070961, 658203
91.5238339901, 658143
91.77029109, 658115
