0.704622030258, 773160
0.70525598526, 773020
33.3833730221, 772623
33.3882348537, 772596
33.396684885, 770949
33.403179884, 770776
33.4070420265, 769665
34.2457969189, 768461
34.2461688519, 767215
34.2468490601, 765947
34.2481100559, 764066
34.2485399246, 763465
34.2509188652, 762459
34.7279400826, 760400
34.7304730415, 760275
34.7306349277, 759915
34.7312779427, 758711
34.7325260639, 758472
34.7332639694, 758133
34.7334449291, 757279
34.7397639751, 756920
35.821928978, 756247
35.8224668503, 755043
35.8281850815, 754520
35.8283879757, 753802
35.8314180374, 751229
35.8332359791, 750085
35.9740328789, 749770
35.9740650654, 749304
35.9769530296, 748763
35.9805159569, 745989
35.9806270599, 745808
35.991740942, 745777
35.992223978, 745493
35.9922690392, 744623
35.9989690781, 744306
37.6365840435, 744028
37.6401040554, 742540
37.6439938545, 741358
37.6480400562, 738135
37.6505870819, 738029
37.927672863, 737065
39.9499340057, 736988
39.9501760006, 735604
39.9524629116, 735418
39.9553620815, 734484
39.9645328522, 734451
39.964717865, 734186
40.3826789856, 734170
40.4186918736, 732377
40.4869589806, 731678
40.4895510674, 730668
40.493596077, 728659
40.5369389057, 728549
40.5492069721, 728350
40.5625388622, 728021
40.5638420582, 727111
40.5672390461, 726205
40.5683190823, 725773
40.5743210316, 723883
40.6248459816, 723103
40.6268289089, 722511
40.6285429001, 721893
40.6292588711, 721060
40.6607499123, 720907
40.6616239548, 720522
40.6647958755, 719834
41.5217828751, 719533
41.5293040276, 719132
41.5638239384, 718510
41.5663189888, 717633
41.567483902, 717577
41.6257209778, 716995
41.6258690357, 716882
41.629543066, 716703
41.6299250126, 716358
41.63261199, 716131
41.6472768784, 715547
41.6489319801, 715168
41.6545920372, 714938
41.6584620476, 714924
41.6604089737, 714576
41.6614210606, 714443
42.6418740749, 714060
42.6453108788, 712400
42.6468250751, 711579
42.6469140053, 711362
42.6586589813, 710784
42.6594929695, 710643
42.720361948, 710532
42.7781090736, 708650
42.7857098579, 708350
42.7879478931, 707876
42.7950260639, 707651
42.7954750061, 707119
42.808300972, 706678
44.3960580826, 706366
44.4026348591, 705059
44.4040310383, 704571
44.405518055, 704423
44.5823509693, 703670
44.5823838711, 702305
44.7510979176, 702276
44.8431329727, 701679
45.5241289139, 701569
45.5467998981, 701370
45.5590450764, 701247
45.5612409115, 700495
45.5654599667, 700340
45.5704059601, 700282
45.587282896, 699404
46.1143839359, 699398
46.1332910061, 699185
46.1483728886, 698752
46.1662330627, 698691
46.1774790287, 698503
46.1788449287, 698428
47.4088349342, 697649
47.40970397, 697143
47.5081758499, 696479
47.5221838951, 695689
47.5268609524, 695650
47.5834670067, 695163
47.5836758614, 694889
47.594935894, 694500
47.6114199162, 694310
47.6170320511, 693254
47.6201889515, 693209
49.3817870617, 692801
49.4195890427, 692049
49.4657280445, 691400
49.4984228611, 690699
49.5045518875, 690075
49.504639864, 689362
50.0393850803, 688393
50.3227849007, 687673
50.3241260052, 687465
50.328856945, 686329
50.5447030067, 685768
50.5549609661, 685611
50.5585770607, 683788
50.5606160164, 683369
50.5616848469, 683185
50.6288030148, 682440
50.6392610073, 682186
50.6414809227, 681716
50.6692299843, 681293
50.6713058949, 681285
50.6772508621, 681082
50.7487618923, 680777
50.7581028938, 680500
50.7922520638, 679499
50.7997770309, 678909
50.800773859, 678675
53.5411748886, 678081
53.7261419296, 677873
53.7378759384, 677850
54.5578620434, 677524
54.5594909191, 677063
54.5615570545, 677062
54.5760679245, 676485
54.5768580437, 675912
54.5880429745, 674600
56.1206879616, 674379
56.1398289204, 674242
56.1480870247, 674080
56.2404670715, 673894
56.2601828575, 673172
56.3075020313, 672582
56.3119800091, 672418
56.3304600716, 671773
56.3389799595, 671697
57.3944809437, 671638
57.3949589729, 671452
57.3998060226, 671312
59.0395920277, 670840
59.0563390255, 670785
59.2908680439, 670403
59.3274710178, 670041
59.7764658928, 669727
59.7799539566, 669439
59.9548778534, 669377
59.9601240158, 669128
59.9916758537, 669097
