33.3153488636, 772651
33.3157629967, 772645
33.316795826, 772192
33.5253298283, 771539
33.5372629166, 771439
33.5393910408, 768104
33.5460569859, 767764
33.5463960171, 767195
33.548817873, 766055
33.5965528488, 762904
33.597247839, 761575
33.5980789661, 756320
33.5999078751, 755215
35.5541069508, 754875
35.8841409683, 754392
35.8926889896, 754197
35.8927519321, 753777
35.8976750374, 753519
35.9015128613, 752741
35.9126880169, 751964
35.9137768745, 751150
35.915045023, 750677
35.9155068398, 750277
35.9155988693, 748514
35.9192378521, 748218
35.9413878918, 747732
35.9418079853, 747342
35.9431288242, 747247
35.9432468414, 745859
35.944259882, 745721
35.9453120232, 745460
35.9479079247, 743814
36.0501258373, 743728
36.0529689789, 743090
36.0586400032, 742896
36.0599370003, 741932
36.0605788231, 740412
36.0606608391, 740101
36.0621638298, 739650
36.063284874, 739512
37.0638358593, 738486
37.0650959015, 737975
37.0651569366, 737142
37.089373827, 734997
37.0956678391, 734830
37.0960118771, 734541
37.0986449718, 734473
37.2657899857, 734243
37.4189729691, 733964
37.4193768501, 733624
37.4214639664, 732609
37.428467989, 731224
37.4315538406, 730514
37.4321429729, 730418
37.5192039013, 729926
37.5199959278, 729906
37.9951839447, 727887
37.9962530136, 726951
38.0002858639, 724937
38.0005860329, 724754
40.3455319405, 724752
40.3463358879, 724064
40.350869894, 723269
40.3509709835, 723229
40.3659338951, 722883
40.6097149849, 722271
40.6129670143, 722189
40.6172330379, 721850
40.6174409389, 721634
40.6182589531, 720286
40.6463699341, 719986
40.6468579769, 719916
40.6483318806, 718932
40.6505670547, 718374
40.6551969051, 717944
40.8135550022, 717360
40.822250843, 716755
41.4305100441, 715856
41.4309649467, 715629
41.4397978783, 715082
41.4463779926, 714572
41.4475409985, 713684
41.447881937, 713652
41.4529550076, 713410
42.7130389214, 712549
42.7204918861, 712498
42.7332680225, 712405
42.7344279289, 710687
42.7359378338, 710121
43.7290370464, 709340
43.7323949337, 708778
43.7684400082, 708160
43.7925798893, 706389
43.7940888405, 705142
43.7988409996, 704610
43.8093988895, 704275
43.851444006, 703761
43.8613409996, 700223
43.868268013, 699381
45.4451780319, 699296
45.4456648827, 699245
45.4530358315, 698748
45.4546580315, 698203
45.4548659325, 697544
45.4600839615, 697211
45.4656038284, 696958
45.531498909, 694739
45.5317759514, 694064
45.5325119495, 693944
45.5333719254, 693440
46.8086240292, 693108
46.8100299835, 691799
46.815032959, 691407
46.815557003, 691314
46.8726520538, 690951
48.4546639919, 690795
48.4676868916, 690781
48.4684200287, 690656
48.5249679089, 690001
48.8142850399, 689162
48.8235189915, 688646
49.1958608627, 688641
49.2036299706, 688404
49.2039039135, 688009
49.2054028511, 687493
49.2492640018, 686955
49.2492990494, 686701
49.2499940395, 685951
49.2520279884, 685689
49.2731928825, 685558
49.4133968353, 685261
49.419344902, 685105
50.3539888859, 685079
50.3570179939, 685057
50.3703238964, 684818
50.374434948, 683820
50.380136013, 683800
50.3883638382, 683766
50.413517952, 683661
50.4148118496, 683523
50.5163660049, 683443
50.5231268406, 681896
50.6030359268, 681568
50.6080360413, 681560
50.6095180511, 680668
50.6310479641, 680413
50.6375858784, 680141
50.6396448612, 679636
50.6476938725, 678420
50.648277998, 678389
50.6629219055, 677722
50.6672680378, 677457
50.6677968502, 677067
50.6689629555, 677064
50.673874855, 676789
50.6796929836, 676576
50.6887369156, 676288
50.6889588833, 675962
50.6961798668, 675737
50.7015578747, 675659
51.5349099636, 675218
54.2565398216, 674752
54.2631390095, 674333
54.3183269501, 673927
54.3245649338, 673765
54.3465058804, 672835
54.3543419838, 672521
54.3608589172, 672494
54.465651989, 672422
54.482159853, 672240
55.0333669186, 672234
55.1961119175, 671880
55.2563669682, 671191
55.2618939877, 670670
55.263630867, 670501
55.2736730576, 669934
55.275135994, 669759
55.2755458355, 669139
55.286206007, 668986
55.5180318356, 668962
57.8590159416, 668927
57.9075908661, 668819
57.9423439503, 668180
58.1628119946, 666536
58.3105418682, 666039
60.8340718746, 666038
60.8433208466, 665756
60.8477089405, 665326
60.9470779896, 664216
61.2895379066, 664095
61.3358910084, 663351
61.3410990238, 663079
66.0881049633, 662455
66.3316869736, 662131
66.3704578876, 662071
66.3889639378, 662030
66.40052104, 661416
66.9944820404, 661375
67.000027895, 661193
67.4728548527, 660926
71.9648499489, 660634
75.1399109364, 660515
75.140173912, 660455
76.8049190044, 659936
76.8716728687, 659676
76.9275670052, 659648
