40.1079950333, 772462
40.1101229191, 770580
40.1103150845, 770190
40.1146280766, 769401
40.6026759148, 769334
40.6114430428, 769193
40.6544430256, 769070
40.6555480957, 769023
40.6565439701, 768764
40.6568610668, 768227
40.6890749931, 766941
40.6902389526, 766337
40.6905491352, 765960
40.7100129128, 764973
40.9930119514, 764133
40.9951100349, 763013
40.9956469536, 762890
41.003567934, 762782
41.0047631264, 762078
41.0060780048, 760740
41.0168979168, 760019
41.0198600292, 760008
41.0202310085, 758950
41.1219189167, 758915
41.123000145, 758728
41.1277689934, 758031
41.1298899651, 755880
41.132381916, 755523
41.137567997, 753668
41.1393759251, 752931
41.1438550949, 752871
42.5336871147, 752187
42.5354149342, 752007
42.5356800556, 751866
42.5359530449, 751797
43.404638052, 751011
43.4375901222, 750989
44.4019150734, 749415
44.4046850204, 748832
44.4055290222, 748323
44.4064450264, 747631
44.9438340664, 745783
44.9444890022, 744882
44.9554970264, 743049
45.0334780216, 742435
45.0537159443, 741767
45.0540881157, 740858
45.4203689098, 740753
45.4231741428, 740198
45.4238579273, 739644
45.4241280556, 737378
45.4269220829, 735908
45.4269750118, 735575
45.4373071194, 735105
45.4652340412, 733074
45.503590107, 731013
45.8635389805, 730988
45.8857219219, 730705
45.8859019279, 728180
45.8873169422, 728071
45.8875761032, 727889
45.8880131245, 727504
45.9005010128, 727247
45.9181530476, 725851
45.9705309868, 725165
45.980091095, 724902
45.9813790321, 723581
46.0352239609, 723231
46.0366840363, 722842
46.0374000072, 722839
48.6292059422, 720213
48.6525690556, 720072
48.8587589264, 719650
48.8628871441, 719425
48.9067881107, 719245
49.1618881226, 719140
49.1624619961, 718055
49.1625001431, 717873
49.1639389992, 717304
49.1834881306, 717301
49.1999640465, 716166
49.2014269829, 715912
49.2908840179, 715449
49.2990410328, 715397
49.3136870861, 715258
49.3225009441, 714622
49.3290810585, 713402
49.3351430893, 712227
49.3360130787, 710735
49.3393039703, 710340
49.3399670124, 709425
49.3404769897, 709397
49.3633010387, 709043
49.3639900684, 708926
49.7623980045, 708775
49.7867410183, 708503
49.8780920506, 708011
49.8800969124, 707598
49.8805639744, 707089
49.8847870827, 704498
49.8868291378, 703952
49.8874399662, 702414
55.5311999321, 701834
55.7465510368, 700897
55.7557399273, 700705
55.7569699287, 700381
55.760119915, 699531
55.7645199299, 699517
55.7773709297, 698419
55.7804191113, 698087
56.0307490826, 697681
56.038187027, 697081
56.040792942, 696891
56.1444740295, 695716
56.706635952, 695022
56.7126281261, 693733
56.7133939266, 692939
57.3331429958, 692337
57.3380470276, 691857
57.3457369804, 691009
57.3686110973, 690918
57.3706150055, 690692
57.9194390774, 690490
57.9435751438, 688373
57.9530889988, 688354
57.9573581219, 687676
57.9601380825, 687243
57.9728019238, 686826
57.9782309532, 686612
57.9857931137, 685626
58.7664709091, 685578
58.7693669796, 684767
59.5078310966, 684579
59.5137081146, 683375
61.4514079094, 682997
61.4518251419, 681969
61.4699220657, 681452
61.5551650524, 681075
61.8159210682, 680705
61.8216941357, 680279
61.8242099285, 679297
61.8272299767, 678679
61.8293471336, 677947
63.0044779778, 677876
64.8420810699, 677524
64.8459260464, 677277
64.9241690636, 677253
64.9250309467, 676496
64.9470801353, 675930
64.9534080029, 675227
64.9995090961, 674361
65.0778341293, 674270
65.0830869675, 673851
65.1062710285, 673311
65.1342179775, 673279
65.1380670071, 672995
66.1351389885, 672967
66.1374659538, 672264
66.1460950375, 672008
66.4490461349, 671599
66.9297180176, 671522
66.9494259357, 671222
66.9579679966, 671030
67.0063331127, 670481
67.0195310116, 670226
67.0392179489, 669880
68.4530649185, 668626
68.4836709499, 668428
68.7825529575, 668252
68.8185811043, 667862
68.9470009804, 667823
68.9810810089, 667728
69.194699049, 667619
70.2939620018, 667605
70.2973880768, 667583
70.6329989433, 667289
70.6949670315, 667018
72.2271149158, 666824
73.1114809513, 666392
73.2081530094, 666252
73.2200949192, 666214
73.2204771042, 665914
73.2412879467, 665748
73.3032429218, 665691
73.3064219952, 665661
73.3392119408, 664993
73.3446340561, 664510
73.3587241173, 664148
73.3597331047, 663853
74.7702269554, 663206
74.8083510399, 662801
75.256362915, 662551
75.2913749218, 662523
75.310956955, 662005
75.3220701218, 661758
75.341242075, 661613
75.3613889217, 661236
77.9143531322, 660940
79.0720450878, 660928
79.1200211048, 660511
79.2283089161, 660175
79.284291029, 659884
79.3139641285, 659824
80.2579209805, 659688
81.407959938, 659642
81.6641719341, 659275
81.7685010433, 659159
81.9508781433, 659077
82.5736260414, 658750
85.5449609756, 658612
85.5653710365, 658552
85.748814106, 658401
85.7920210361, 657940
88.2026619911, 657855
88.3460071087, 657846
88.348279953, 657684
92.064868927, 657620
92.6034259796, 657532
92.8454670906, 657471
92.8934400082, 657411
94.8689439297, 657341
96.5274951458, 657290
96.6011240482, 657230
96.7712109089, 657166
103.495217085, 657138
107.733263016, 657116
