38.5658590794, 770607
38.5667560101, 770448
38.5675849915, 769706
38.5695531368, 769458
38.5731711388, 767061
38.7285530567, 766951
38.7337269783, 765628
38.8396439552, 764628
38.8408710957, 764346
38.8545339108, 763803
38.9240100384, 763739
38.9300580025, 763370
38.9361400604, 762059
38.9382259846, 760180
38.9384880066, 759094
38.9406280518, 758480
38.9413640499, 757755
40.185790062, 757406
40.1861441135, 755899
40.1864891052, 755619
40.1897211075, 754999
41.0867679119, 754645
41.1658110619, 754257
41.1663551331, 753951
41.1757199764, 753909
41.1761319637, 753260
41.176459074, 752582
41.6462390423, 751073
41.6482300758, 750654
41.6897959709, 750604
41.6968910694, 750295
41.698184967, 749436
41.6984629631, 748752
41.7121701241, 748528
41.7126879692, 746322
41.7136199474, 746151
42.1876280308, 746072
42.1906769276, 745669
42.1920070648, 745422
42.201859951, 745047
42.2052240372, 744935
42.2075619698, 744558
42.209280014, 742521
42.2281050682, 742376
42.9424459934, 742090
42.9426989555, 741271
42.9431250095, 740183
43.8743989468, 739703
44.2511959076, 738750
44.2515311241, 738663
44.2536959648, 738301
44.2541620731, 737966
44.2550749779, 737907
44.25710392, 736499
44.2649769783, 735818
44.2653949261, 735132
44.2680180073, 735102
44.2683739662, 734270
44.2761271, 734107
46.9978411198, 733170
46.9996519089, 733052
47.0006799698, 730749
47.1344311237, 730441
47.1347060204, 729591
47.1389651299, 728245
47.1410660744, 727951
47.1421279907, 727851
47.1460869312, 726656
47.147382021, 726289
47.151335001, 726122
47.1535000801, 726032
47.1566150188, 724336
47.2985889912, 723435
47.298830986, 722921
47.3000290394, 722697
47.3116149902, 722609
47.3364601135, 722308
48.3793280125, 721757
48.3827250004, 721364
48.3849289417, 721095
48.4412720203, 719252
48.4414479733, 718050
48.4487941265, 717206
48.4501230717, 716844
48.4536669254, 716398
48.4546449184, 715561
48.456179142, 714770
48.5870609283, 713439
48.590182066, 713158
48.5931251049, 712708
48.5937769413, 712086
48.5986969471, 711769
48.5988321304, 711031
48.5992851257, 708983
49.3742620945, 706397
49.3743159771, 704714
49.3849320412, 703804
49.3851931095, 703785
49.3885219097, 703108
49.4261789322, 702771
49.4305019379, 702103
52.1627221107, 701030
52.1741540432, 699874
52.3106760979, 698897
52.3190951347, 698827
52.5771961212, 697422
52.5994701385, 696608
53.2727479935, 696176
53.4938349724, 696164
53.5829429626, 695881
53.6013820171, 695392
53.6138861179, 695365
54.9583461285, 695215
54.9922609329, 694993
54.9958050251, 694783
54.9993181229, 694674
55.082392931, 694251
55.098252058, 693977
55.1026129723, 693603
56.078109026, 693549
56.0800070763, 693079
56.1066720486, 692880
57.9895000458, 692411
57.9988789558, 692145
58.1444721222, 691409
58.1780939102, 691317
58.179956913, 691234
58.1834731102, 690505
58.1843240261, 690283
58.1859939098, 689680
58.1883559227, 688399
58.2474660873, 687931
58.8367619514, 687855
58.8418049812, 687117
58.9194729328, 686779
59.4802510738, 686561
59.4883921146, 685598
59.4967610836, 685380
59.4969139099, 685068
59.5052540302, 684951
59.5078361034, 684350
59.5473880768, 684156
59.5597500801, 684140
59.5609641075, 683427
59.6693561077, 682613
59.6924009323, 682549
59.7595989704, 682487
59.7679629326, 681773
59.7722170353, 681717
59.7927761078, 681234
59.7946429253, 680715
59.7963781357, 679673
59.9388189316, 679445
60.4637219906, 678718
60.4661819935, 677918
60.4697580338, 677902
60.4827871323, 677475
60.4884939194, 677398
62.1498949528, 677226
62.1670479774, 677104
62.1965720654, 676866
62.1982710361, 676205
62.2451660633, 676089
62.2476100922, 675872
62.2688851357, 675778
62.5248610973, 675475
62.7851560116, 675192
63.0468819141, 674869
63.0655739307, 674503
63.1127390862, 674376
63.1226539612, 673543
63.1591310501, 673416
63.1933131218, 673074
63.1988379955, 672515
63.2049651146, 672386
63.2325570583, 672050
63.2331879139, 671665
63.5658609867, 671664
63.5826120377, 671592
63.6012721062, 669797
63.6167340279, 669644
63.7005560398, 669634
63.7100589275, 669510
64.1004350185, 669242
64.1293330193, 668954
64.1414120197, 668926
64.2015631199, 668734
64.2604930401, 668484
64.2675259113, 668230
64.2714531422, 667883
69.5652060509, 667534
69.5912270546, 667274
76.4363789558, 667142
76.4675040245, 666863
76.4750881195, 666831
77.2063040733, 666590
77.2082989216, 666343
77.2922339439, 666273
77.3097290993, 666104
77.776070118, 665985
78.0129930973, 665894
78.0481419563, 665878
78.0584859848, 665709
78.0631580353, 665667
79.9931221008, 665577
79.9976289272, 664832
81.3062179089, 664752
81.4962739944, 664535
81.9958491325, 664523
83.8017139435, 664395
83.8490200043, 664273
83.9585249424, 664135
83.9683670998, 664018
84.1513140202, 663800
95.3669900894, 663785
95.5830271244, 663719
95.7642400265, 663697
96.1628849506, 663652
97.6242461205, 663624
