37.1085379124, 772740
37.1090509892, 772718
37.1102490425, 771367
37.1135420799, 771089
37.13458395, 770660
39.5590839386, 769666
39.5607359409, 769076
39.5609200001, 768355
39.5610380173, 768156
39.5617749691, 767558
39.5635650158, 767002
39.5668079853, 766561
39.5705969334, 765719
39.5866980553, 765271
39.5877180099, 765252
39.5941109657, 764831
39.5962409973, 764524
39.5978319645, 764432
39.5986599922, 763899
39.6006450653, 762771
39.6014339924, 762599
39.6014909744, 762092
39.6059811115, 761285
39.6083550453, 758881
39.6091840267, 757483
39.6110570431, 757386
39.6129980087, 756725
39.6539011002, 755010
39.6558349133, 753863
39.6566159725, 753751
39.6643130779, 753736
39.6657190323, 752996
39.6684141159, 752823
39.6685988903, 752093
39.8741350174, 751833
39.8744199276, 750227
39.875510931, 750146
39.8839149475, 749701
39.8843309879, 746224
41.0219171047, 745997
41.023555994, 744443
41.0391390324, 743938
41.0397889614, 743553
41.0619649887, 742537
41.0651760101, 741889
41.0727889538, 741668
41.0733909607, 741651
41.0738708973, 741523
41.0756590366, 741318
41.0792040825, 741052
41.0837130547, 740595
41.0848588943, 740551
41.0854101181, 739584
41.085777998, 738728
41.0881230831, 738510
41.0897860527, 737831
41.0911951065, 737530
41.1563611031, 736856
41.1581668854, 735829
41.1583850384, 735307
41.1598129272, 735122
41.1633269787, 734380
41.1676979065, 733976
41.1680219173, 733357
44.9202830791, 733125
44.9222691059, 732294
44.9301650524, 731825
44.9311289787, 729564
44.9313371181, 729081
44.9367249012, 728895
44.9398040771, 728148
46.5713589191, 727812
46.6229259968, 727608
46.6231169701, 726976
46.6298189163, 725818
46.6306910515, 725661
46.6323308945, 725502
46.6339650154, 724301
46.6373870373, 723985
46.9542920589, 723886
46.9678659439, 723337
46.9680609703, 723246
46.9753270149, 722701
46.9795150757, 722573
47.050976038, 722138
47.051295042, 721942
47.4828279018, 720652
47.4832949638, 720187
47.4855289459, 718717
47.487678051, 717312
47.4907939434, 716908
47.5124669075, 716527
47.5170059204, 715863
47.5213420391, 715264
47.5926909447, 714914
47.5993731022, 712348
48.294246912, 711834
48.2945730686, 711337
48.8197569847, 710977
49.369715929, 709883
49.3811221123, 709449
49.3855800629, 709270
49.3859200478, 708658
49.3867609501, 707079
49.4318499565, 706290
49.4438400269, 705895
49.444231987, 705627
49.5058569908, 704704
49.5310270786, 704369
49.5328140259, 703995
49.5333669186, 702539
49.5355579853, 701986
50.4185230732, 701914
50.4253139496, 701511
50.4693329334, 700987
50.4840099812, 699759
50.4878048897, 698344
50.4926359653, 698181
50.500991106, 697885
50.517813921, 697683
50.5271759033, 696421
50.53034091, 696322
50.5335431099, 696113
50.5364758968, 695142
50.5366120338, 694060
54.4241719246, 693707
54.7760651112, 693699
54.801281929, 693460
54.8037929535, 691931
54.8238720894, 691787
54.8267159462, 691743
55.6349580288, 691612
55.6473639011, 691459
55.6489610672, 690779
55.6645789146, 690095
56.1722419262, 689987
56.1778810024, 689886
56.1789219379, 689318
56.2358219624, 689310
56.248691082, 689224
56.6296160221, 688496
56.916287899, 688171
57.0191810131, 687776
57.6278920174, 687656
57.6460959911, 687612
57.6607549191, 687553
57.6715669632, 687151
57.6716659069, 686459
57.7639379501, 686431
57.7662909031, 686162
57.8028070927, 686064
57.8094789982, 685276
57.8113338947, 684737
57.8132998943, 684078
57.8153340816, 682825
57.8167409897, 682199
57.8192920685, 681408
60.3341999054, 680975
60.3369688988, 680797
60.3740620613, 680539
60.3991229534, 679825
60.4000968933, 679418
62.4493229389, 678717
62.4586889744, 678416
62.4630019665, 678341
62.4796440601, 677869
62.5020289421, 677704
62.5413250923, 677278
62.5664880276, 676917
62.8139960766, 676848
62.8641650677, 676794
62.8682279587, 676438
62.8864459991, 674123
62.9238290787, 673595
66.0742781162, 673214
66.0766661167, 672476
66.141518116, 672379
66.1418430805, 672142
66.1609680653, 672127
66.2135050297, 671191
66.2177889347, 671007
66.2498400211, 670807
66.2680749893, 670780
66.2725179195, 670323
66.284101963, 669850
67.3000080585, 669162
67.4326241016, 669149
67.4619960785, 668751
67.4783198833, 668688
67.5298850536, 668661
67.5612928867, 668020
67.8663649559, 667919
67.8689949512, 667911
67.9891140461, 667909
68.0042281151, 667754
68.0363919735, 667442
68.0573239326, 667420
68.0943279266, 667166
68.10841012, 667160
68.2022440434, 666722
68.5061759949, 666551
68.5070500374, 666146
68.5558059216, 666094
68.614233017, 666034
68.6170918941, 665850
69.3741340637, 665772
69.3978180885, 665740
69.478634119, 665595
69.4974958897, 665535
69.5153510571, 664825
69.519133091, 663832
77.7053329945, 663490
80.4173569679, 663010
82.6840200424, 662996
82.8078019619, 662583
82.8364329338, 662492
82.9625608921, 662468
83.0242381096, 662404
83.3132829666, 662263
83.3476479053, 662255
83.7506508827, 662219
85.500109911, 662210
85.5065009594, 662182
86.0500531197, 661899
86.091835022, 661839
86.1821351051, 661779
