38.190849781, 773130
38.1942148209, 772583
38.2026569843, 771679
38.204559803, 771410
38.2046308517, 770715
38.2058148384, 770594
38.2772829533, 769911
38.2776989937, 769190
38.2784669399, 769176
38.3425409794, 769019
38.342856884, 768866
38.3449249268, 768065
38.3649117947, 767762
38.3674218655, 767518
38.3699538708, 766931
38.3704109192, 766850
38.3713448048, 766654
38.3724169731, 766112
38.3752667904, 765752
38.4973659515, 764823
38.5048389435, 764095
38.5131659508, 763957
38.5133948326, 763726
38.5155649185, 763452
38.516302824, 762869
38.5203528404, 761874
38.5243859291, 761399
38.5257759094, 760425
38.528110981, 759870
38.529599905, 759842
38.5302128792, 759425
38.5336699486, 758466
39.728717804, 757642
39.7458789349, 756909
40.1466219425, 756390
40.1480247974, 756070
40.1482539177, 755366
40.5744068623, 754797
40.574682951, 754228
40.575026989, 754039
40.5792589188, 753499
40.5795707703, 753017
40.5981400013, 752459
40.5986459255, 752429
40.5992269516, 752262
40.6733160019, 752113
40.6737217903, 751837
40.6755838394, 748284
40.6798839569, 747088
40.6813938618, 745063
40.6823618412, 744866
40.6982197762, 744823
40.6986289024, 743387
40.6993908882, 743288
40.7041459084, 742656
40.7129027843, 742158
40.7169809341, 741465
41.9525489807, 741291
42.0194458961, 741090
42.0260977745, 740251
42.0280900002, 739863
42.0294528008, 739862
42.7648308277, 739822
42.7658507824, 739176
42.7675359249, 739048
42.7675859928, 738344
42.7725718021, 737994
42.7737708092, 737930
42.77794981, 737269
42.7835609913, 736306
42.7946147919, 735716
42.7957429886, 735702
42.9646048546, 735555
42.9667298794, 734106
43.0146257877, 732483
43.0153028965, 732139
43.0596728325, 731755
43.0616428852, 731722
44.2428569794, 731512
44.2430999279, 730252
44.3040897846, 729577
44.3061609268, 728575
44.3080208302, 728503
44.6745929718, 726127
44.6746258736, 726035
44.67582798, 725723
44.7397937775, 725380
44.7929978371, 725338
44.7973628044, 725167
44.7977027893, 723554
44.9323508739, 723155
44.9409708977, 722272
44.9888968468, 722040
45.3966989517, 721447
45.4050347805, 721117
45.4055798054, 720896
45.4640278816, 720173
45.4642078876, 719246
45.7243158817, 717648
45.7249529362, 717170
45.7335767746, 717077
46.1107058525, 717017
46.1140799522, 716653
47.105424881, 715842
47.1084699631, 715634
47.1198298931, 715495
47.1575889587, 714975
47.1608669758, 714923
47.8525979519, 714523
47.8542649746, 713376
47.8544559479, 713329
47.8572227955, 712550
47.8601269722, 712247
47.8608148098, 712136
47.8610429764, 711725
47.8643097878, 710371
47.8664479256, 709875
47.8688168526, 709069
47.8690729141, 709030
48.4730658531, 708920
48.4804120064, 708440
48.4820699692, 707916
48.5045349598, 707629
48.5450358391, 707514
48.5463058949, 706732
48.5641198158, 706356
48.5648789406, 705964
48.5686619282, 705524
48.5693500042, 704702
48.5826218128, 702970
49.1057059765, 702512
49.1131439209, 702358
51.4552838802, 701568
51.69825387, 701563
51.6990578175, 701265
51.7023868561, 701140
51.9278628826, 700582
51.9288048744, 699001
52.3463368416, 698234
52.3646538258, 698041
52.3796908855, 696706
52.384308815, 696067
52.3860919476, 695084
52.4092669487, 695078
52.4337608814, 695043
52.4415779114, 694843
52.4416339397, 694718
53.1455609798, 694159
53.1490399837, 693973
53.1502969265, 693820
53.2655849457, 693658
53.2656209469, 692221
53.2766039371, 691925
53.2768239975, 691678
54.2984337807, 691509
54.3010787964, 691334
54.3142039776, 691258
54.3148918152, 691050
54.3223409653, 690908
54.4292888641, 690858
54.4329388142, 690424
54.8081169128, 690250
54.8247089386, 689618
54.8312637806, 689443
54.8337259293, 689249
54.8345999718, 688082
54.8456008434, 688060
55.7421457767, 687416
55.7430539131, 686858
55.7769269943, 686857
55.779873848, 686835
55.8953998089, 686677
55.8961968422, 686597
55.9006998539, 686462
55.9137527943, 686081
55.9475238323, 685939
56.1939749718, 684774
56.1999399662, 684723
56.201433897, 683885
56.2196547985, 683471
56.3037669659, 683297
56.363904953, 683153
56.3704738617, 682641
61.8085238934, 682300
61.8134338856, 681425
61.8310368061, 680963
61.832062006, 680595
61.8498368263, 680074
61.8632798195, 678918
61.8784549236, 678907
61.9763548374, 678631
61.9989609718, 678259
62.0179178715, 677513
62.1788117886, 677498
62.1947748661, 676859
62.2580389977, 676543
62.5433459282, 676118
62.5764739513, 676093
64.0962369442, 675589
64.1230127811, 674696
64.139605999, 674052
64.1461467743, 673949
64.1962637901, 673835
64.1976919174, 673775
64.1984009743, 673424
64.6248679161, 672918
64.6753528118, 672786
64.8696219921, 672762
64.8731307983, 672144
64.8822557926, 671649
64.908662796, 671250
64.9263868332, 670924
66.848336935, 669804
67.2866859436, 669756
67.3118419647, 669497
67.450086832, 669313
67.4601519108, 669073
67.5252628326, 668627
67.5375208855, 668599
67.5542039871, 667864
67.7009108067, 667727
67.7099459171, 667586
67.7240519524, 667421
67.748021841, 667362
67.8085129261, 667351
67.8484737873, 667303
69.4875118732, 667192
69.534788847, 666598
69.5840568542, 666083
76.3971610069, 665927
77.1145148277, 665573
77.3131258488, 665070
77.3135259151, 665038
78.0532348156, 664984
78.2912569046, 664920
78.4105448723, 664892
78.6660168171, 664883
78.6746509075, 664838
78.712692976, 664673
78.7349858284, 664613
78.7379798889, 664441
78.7505259514, 664324
79.0395059586, 664114
80.1125659943, 664028
80.142141819, 663926
80.9552679062, 663783
81.0894699097, 663766
81.1523418427, 663613
81.1548759937, 663581
82.9177598953, 663572
82.9326379299, 663544
114.436446905, 663524
