0.693964958191, 773081
34.4545288086, 772957
34.4551668167, 772692
34.4594259262, 771224
34.4602138996, 769964
34.4644157887, 769438
34.4675469398, 768968
34.5916538239, 768596
34.5946218967, 768422
34.5949299335, 768369
34.5974907875, 768062
34.6036930084, 766757
34.6040179729, 766735
34.6044399738, 764777
34.6064679623, 763620
34.6065227985, 762081
34.6098389626, 761430
34.6140389442, 760551
34.6179618835, 759537
34.6194579601, 758563
34.6197237968, 758294
34.6199178696, 756997
34.6205708981, 756918
34.6220459938, 756198
34.6229479313, 755377
34.6257228851, 754982
34.6263008118, 753926
34.6515889168, 751994
34.6519877911, 751655
34.6716599464, 751395
34.6726658344, 750362
34.6754288673, 750038
34.6774408817, 749205
34.6818928719, 748812
34.682487011, 748777
34.6830949783, 747963
34.6837658882, 747618
34.6848437786, 747347
34.6853909492, 746761
34.6879668236, 746164
34.6880397797, 745153
34.6888699532, 743862
38.6189069748, 742601
38.6215338707, 741964
38.6227889061, 741947
38.6257579327, 741616
38.6538009644, 741355
38.725099802, 740998
38.7284379005, 740134
38.7349629402, 738872
39.3749079704, 738807
39.3820428848, 738776
39.6046698093, 738139
39.6054499149, 737055
39.6091868877, 736866
39.6291818619, 736603
39.6301629543, 734716
39.6308879852, 734696
39.6329739094, 734460
39.6339809895, 732367
39.6373939514, 731983
39.6377959251, 731202
41.2443039417, 730701
41.2449629307, 728654
41.3120830059, 728436
41.3125808239, 727660
41.3137099743, 727203
41.3139119148, 727194
41.3175599575, 725374
41.3180539608, 725139
41.3215718269, 725029
41.3219738007, 724882
41.3251678944, 723981
41.3268949986, 723791
41.3274178505, 723707
41.3326909542, 723209
41.3328578472, 723100
41.3361289501, 723066
41.3401648998, 722853
41.3458747864, 722682
41.3462889194, 722332
41.3491668701, 721641
41.8299748898, 720264
42.3650009632, 719584
42.3688418865, 719294
42.3690760136, 718146
42.3778369427, 717873
42.3838918209, 715818
42.3853929043, 715313
42.9282999039, 713423
43.4251139164, 713245
43.427243948, 712393
43.4357597828, 712291
43.4553229809, 711407
43.4579968452, 711098
43.4612848759, 710928
43.4680659771, 710917
43.470099926, 710149
43.6013360023, 710024
43.6014418602, 709933
44.4194898605, 709574
45.0720508099, 709065
45.3899908066, 707326
45.3905379772, 706907
45.4034619331, 706015
45.421631813, 705970
45.4223349094, 704917
45.4559400082, 703284
45.4594140053, 703184
45.7634348869, 703074
45.7672479153, 702878
45.7710299492, 702843
45.7719910145, 702247
45.8078579903, 701757
45.8092429638, 701175
45.8154189587, 700482
45.8167448044, 700076
45.8180019855, 699852
45.8218779564, 699261
45.8272328377, 698986
46.6301159859, 697734
46.6361429691, 697091
47.819234848, 697051
47.8272938728, 696791
47.8334879875, 696574
48.0190417767, 694602
48.0206627846, 694031
48.024422884, 693873
48.0314159393, 692865
48.0339980125, 692711
48.0575900078, 692681
48.0808129311, 692030
48.0894157887, 691721
48.097370863, 690834
48.1152579784, 690101
48.2820007801, 690067
48.2843868732, 689278
48.3451588154, 689053
49.4196269512, 687528
49.4408378601, 686666
49.4628059864, 686150
49.4654829502, 685138
49.4688298702, 684912
49.4756278992, 684040
52.5864808559, 683087
52.6070139408, 682954
52.7713170052, 682952
52.7825357914, 682674
52.7843608856, 681041
52.7845377922, 680840
53.5627789497, 680090
53.5742359161, 679873
53.5853729248, 679333
53.5925738811, 678842
53.5957739353, 678783
53.6368010044, 678647
53.7690279484, 677544
53.7919487953, 677462
53.9483439922, 676772
53.950150013, 676158
53.9547629356, 675973
53.9601647854, 675415
54.2085399628, 675109
54.2261497974, 674897
54.2284109592, 674621
57.4839539528, 674394
57.4892230034, 674225
57.4916567802, 674077
57.5658078194, 673608
57.578042984, 673338
57.5790829659, 673315
57.5816938877, 672564
57.5823569298, 672306
57.59461689, 672181
57.688439846, 671940
57.7176690102, 671312
57.7254807949, 670946
57.7748417854, 670647
57.7810509205, 670221
58.5648498535, 670088
58.6073729992, 670048
58.6080307961, 669871
58.6097598076, 669345
58.7556970119, 668827
59.0695238113, 668345
59.0840280056, 667952
59.6564838886, 667562
