32.0565941334, 772462
32.0577540398, 770580
32.0578100681, 770190
32.0600600243, 769401
32.4803609848, 769334
32.4872310162, 769193
32.5088050365, 769070
32.5095701218, 769023
32.5101230145, 768764
32.5102951527, 768227
32.5337431431, 766941
32.535326004, 766337
32.5357050896, 765960
32.5542309284, 764973
32.7627460957, 764133
32.7651360035, 763013
32.765679121, 762890
32.771376133, 762782
32.7725050449, 762078
32.7737979889, 760740
32.7842049599, 760019
32.7867901325, 760008
32.7871501446, 758950
32.8804759979, 758915
32.8816180229, 758728
32.8854601383, 758031
32.8870370388, 755880
32.888133049, 755523
32.8889510632, 753668
32.8899159431, 752931
32.8921120167, 752871
34.0382599831, 752187
34.0396649837, 752007
34.0399029255, 751866
34.0401520729, 751797
34.7253401279, 751011
34.7459509373, 750989
35.4951479435, 749415
35.4979140759, 748832
35.4987471104, 748323
35.4996540546, 747631
35.9190840721, 745783
35.9202330112, 744882
35.9218850136, 743049
35.9739720821, 742435
35.9930300713, 741767
35.9934051037, 740858
36.2982699871, 740753
36.3011209965, 740198
36.3016290665, 739644
36.3017940521, 737378
36.3038239479, 735908
36.3038630486, 735575
36.3130559921, 735105
36.3310880661, 733074
36.3642349243, 731013
36.6650941372, 730988
36.6844730377, 730705
36.6846759319, 728180
36.6857841015, 728071
36.686011076, 727889
36.6864569187, 727504
36.6979711056, 727247
36.7125310898, 725851
36.7540140152, 725165
36.7629709244, 724902
36.7642741203, 723581
36.8060190678, 723231
36.8070211411, 722842
36.8076720238, 722839
38.9716551304, 720213
38.9988539219, 720072
39.149107933, 719650
39.1511130333, 719425
39.1655919552, 719245
39.382928133, 719140
39.3835520744, 718055
39.3835959435, 717873
39.3846809864, 717304
39.4026679993, 717301
39.4167850018, 716166
39.4181411266, 715912
39.4904220104, 715449
39.4975221157, 715397
39.5092790127, 715258
39.5157899857, 714622
39.5215981007, 713402
39.5267541409, 712227
39.5273749828, 710735
39.5300750732, 710340
39.5305540562, 709425
39.5310499668, 709397
39.5510971546, 709043
39.5518491268, 708926
39.8509321213, 708775
39.8581330776, 708503
39.8926589489, 708011
39.8944251537, 707598
39.8948769569, 707089
39.8983850479, 704498
39.9001669884, 703952
39.9007320404, 702414
44.3992030621, 701834
44.5643091202, 700897
44.5740439892, 700705
44.5754511356, 700381
44.5770220757, 699531
44.5813281536, 699517
44.5938639641, 698419
44.5964839458, 698087
44.8003940582, 697681
44.8073470592, 697081
44.8098120689, 696891
44.8972160816, 695716
45.3197910786, 695022
45.3238480091, 693733
45.3244869709, 692939
45.8047521114, 692337
45.8088700771, 691857
45.8129191399, 691009
45.8295631409, 690918
45.8315179348, 690692
46.1821439266, 690490
46.2009911537, 688373
46.2092680931, 688354
46.2117700577, 687676
46.2126281261, 687243
46.2234311104, 686826
46.2268710136, 686612
46.2336621284, 685626
46.9257159233, 685578
46.9291040897, 684767
47.4778549671, 684579
47.4836480618, 683375
49.1385819912, 682997
49.1389939785, 681969
49.1421539783, 681452
49.2197101116, 681075
49.424612999, 680705
49.4298119545, 680279
49.4322149754, 679297
49.4347140789, 678679
49.4367420673, 677947
50.417757988, 677876
51.9567430019, 677524
51.9600419998, 677277
52.0355229378, 677253
52.0362479687, 676496
52.0565140247, 675930
52.0621619225, 675227
52.096668005, 674361
52.1234071255, 674270
52.1286399364, 673851
52.1492109299, 673311
52.1733660698, 673279
52.176582098, 672995
53.0130710602, 672967
53.0153610706, 672264
53.0224509239, 672008
53.254349947, 671599
53.5948851109, 671522
53.606910944, 671222
53.6124031544, 671030
53.6347661018, 670481
53.6439270973, 670226
53.6544909477, 669880
54.7864749432, 668626
54.8131921291, 668428
55.0695469379, 668252
55.1055150032, 667862
55.1899371147, 667823
55.2216351032, 667728
55.3663470745, 667619
56.253674984, 667605
56.2574119568, 667583
56.5393619537, 667289
56.5968210697, 667018
57.7816829681, 666824
58.5280160904, 666392
58.5794451237, 666252
58.5908780098, 666214
58.5912110806, 665914
58.6125359535, 665748
58.6678171158, 665691
58.6706881523, 665661
58.7035040855, 664993
58.7092380524, 664510
58.7220261097, 664148
58.7220830917, 663853
59.8398821354, 663206
59.8781199455, 662801
