39.0709559917, 772591
39.0741198063, 771358
39.6463580132, 770974
39.6919698715, 768276
39.692209959, 767612
39.69252491, 767397
39.6936628819, 766907
40.1088318825, 766688
40.1106379032, 764095
40.1111979485, 762177
40.1123797894, 760402
40.1144750118, 758620
40.1149609089, 758583
40.124835968, 758512
40.1283118725, 758281
40.1339218616, 757262
40.1339528561, 755418
40.1346328259, 754795
41.0692868233, 753961
42.0106499195, 752982
42.0133879185, 752922
42.0168628693, 752118
42.0172498226, 751509
42.0183298588, 751455
42.0371568203, 751097
42.0410728455, 750337
42.0437858105, 750287
42.0455849171, 750275
42.0603399277, 749888
42.060503006, 749397
42.0606899261, 748736
42.0840988159, 747639
42.0844478607, 746255
42.0932228565, 745532
42.0944437981, 745367
42.8101818562, 745257
42.8109459877, 744269
43.4701459408, 743358
43.4704568386, 742352
43.4720768929, 741651
44.554117918, 741555
44.5549077988, 739172
45.1940658092, 738317
45.1941759586, 738132
45.2105708122, 737667
45.210862875, 736143
45.2126557827, 735540
45.2305288315, 734115
45.2376418114, 733840
45.2785978317, 732449
45.2788248062, 732043
45.2798919678, 730173
45.2819988728, 729815
45.2833278179, 729151
45.2887308598, 728899
45.2891337872, 728567
45.2906768322, 728369
45.2930297852, 728358
45.294978857, 728000
45.2950618267, 727555
45.2971498966, 727292
45.3005290031, 727284
45.3011748791, 726270
45.3021907806, 726151
45.3028409481, 726116
45.304199934, 723766
45.3049819469, 721914
45.3057529926, 721797
46.2341449261, 721575
46.4454348087, 720762
46.4463298321, 720607
46.4686729908, 720489
48.0146579742, 719798
48.0159418583, 718905
48.0437378883, 718356
48.0576930046, 718136
48.0580909252, 717556
48.0582399368, 717394
48.0586428642, 717346
48.1046597958, 716826
49.6251029968, 715959
49.632958889, 714968
49.6346199512, 714288
49.6452958584, 712387
49.6453478336, 711152
49.7313117981, 710697
49.7398498058, 710488
49.7482059002, 709767
49.7487418652, 709568
49.7552018166, 709455
49.7811398506, 709258
49.7877588272, 706840
49.788902998, 706362
49.7903399467, 706313
49.7986938953, 705674
49.7999138832, 705000
49.8036308289, 703187
49.9510259628, 702527
49.9589498043, 701509
49.9652168751, 700976
49.982478857, 700739
50.0100820065, 699585
50.0114219189, 698272
50.0324928761, 697847
50.0441319942, 697116
50.0583059788, 697067
50.078856945, 695805
53.4458827972, 695025
53.4475829601, 694674
53.4524309635, 693442
53.6330089569, 692762
53.6333367825, 691673
53.6656990051, 691052
53.6826179028, 690253
53.6901710033, 690086
53.6921517849, 690058
55.1661479473, 689895
55.1687319279, 689089
55.1803019047, 688979
55.1833539009, 688076
55.2020318508, 687664
55.2021188736, 687313
55.2135949135, 687307
55.2233059406, 687201
55.2277069092, 687106
55.2327878475, 686985
55.249797821, 686928
55.2580618858, 686576
55.2608158588, 686223
55.2652299404, 685905
55.8438718319, 683399
55.8463468552, 683170
55.8496568203, 682766
55.861289978, 682329
55.8732988834, 681804
55.8805429935, 681585
55.9073579311, 681529
58.8339548111, 681105
58.8807008266, 680425
58.9644248486, 680423
58.9706118107, 680235
58.9720768929, 680030
58.9769399166, 679871
58.9898538589, 679742
59.1549708843, 679021
59.1556718349, 678193
59.1642057896, 678162
59.3233578205, 677604
59.3514897823, 677486
59.3568928242, 677260
59.3590779305, 676610
59.3670678139, 676346
59.82929492, 675900
59.8471899033, 675261
59.858673811, 675212
60.0085959435, 672874
60.0103747845, 671653
60.2070419788, 671180
60.2234928608, 671051
60.2295119762, 670396
60.5689539909, 669904
63.2965118885, 668968
63.3064370155, 668906
63.3123300076, 668196
63.4726998806, 667571
63.507267952, 667437
63.5288047791, 666555
64.9746828079, 666170
65.3159399033, 666122
65.3172578812, 665711
65.3534708023, 665564
65.4593849182, 665305
65.4805009365, 665207
65.4957818985, 664809
66.5540587902, 664263
66.5921268463, 664100
66.6175749302, 663576
71.5096588135, 663357
71.512362957, 663329
71.5782439709, 663084
71.6010270119, 663080
71.8094229698, 662692
72.0563108921, 662445
73.7597279549, 662384
74.3035168648, 662197
74.340818882, 662144
74.3496668339, 662078
74.4063940048, 662063
74.4682087898, 662028
74.4806878567, 661826
75.512898922, 660758
75.5641999245, 659974
75.5765168667, 659714
75.6509490013, 659669
75.6857500076, 659637
75.7158257961, 659362
83.7259647846, 659182
83.8448019028, 659043
83.9995129108, 658971
84.0076909065, 658854
84.9602069855, 658842
84.9855158329, 658776
85.8236060143, 658684
89.6702339649, 658554
89.7037320137, 658494
90.4968500137, 658345
95.0937488079, 658338
95.1737368107, 658300
95.7330958843, 658203
98.8846399784, 658171
102.990019798, 658133
103.381994963, 658111
