35.2090289593, 773035
35.3326580524, 771449
35.3330819607, 769941
35.3367290497, 768547
35.3453929424, 767877
36.4686911106, 765995
36.4733760357, 765815
36.4738590717, 765539
37.0363750458, 764882
37.0369319916, 764366
37.0380659103, 763621
37.0408670902, 763583
37.0432579517, 761451
37.0548200607, 761062
37.0549619198, 760943
37.0768151283, 759763
37.0780820847, 758849
37.0875160694, 757465
37.0880320072, 757417
37.1566901207, 756359
37.1572971344, 755899
37.1573560238, 754789
37.1716530323, 754495
37.1761181355, 754415
37.1772041321, 753852
38.304831028, 753620
38.3174319267, 752231
38.3174800873, 752015
38.3184909821, 748944
38.3214190006, 747211
38.3233439922, 747172
38.3321950436, 745875
38.3341019154, 744664
38.33466506, 744096
38.33948493, 743626
38.3398311138, 741707
38.3405871391, 741003
38.3422241211, 739741
38.3483269215, 739426
38.3483691216, 738653
38.350456953, 738101
42.0484449863, 736324
42.0487351418, 735224
42.2178299427, 734904
42.4796359539, 734805
42.5307660103, 734615
42.5371589661, 734388
42.5379691124, 733881
42.5383610725, 732492
42.5431931019, 732298
42.556994915, 731947
42.5596060753, 731635
42.5608389378, 731595
42.5642850399, 731168
42.5712029934, 731042
42.5724160671, 730766
42.599036932, 729398
42.6113929749, 729116
42.6205000877, 728950
43.7359669209, 728639
43.7449929714, 728271
43.752918005, 727271
43.7606101036, 727152
44.1999261379, 727006
44.3524949551, 726668
44.3536639214, 724637
44.3626639843, 722936
44.4444069862, 722633
44.4479119778, 722261
44.4540500641, 721243
44.4645359516, 720963
44.5260219574, 720223
44.5273370743, 718966
44.8055150509, 718948
44.8060500622, 718068
44.8080041409, 717688
45.1605410576, 717224
45.1617779732, 716885
45.1811509132, 716036
45.1816630363, 715021
45.2144730091, 713466
45.2213759422, 712776
45.6861140728, 712714
45.6954050064, 712713
45.6955289841, 712634
45.7053689957, 711599
46.8962869644, 711398
46.8999910355, 710939
46.9018700123, 710595
46.9036939144, 710148
46.907998085, 709084
46.9084789753, 708210
46.915225029, 707529
46.9172389507, 707501
46.9179449081, 706936
46.9238901138, 706778
46.9318990707, 705352
48.6767430305, 705258
48.6817979813, 704940
48.6913690567, 703488
48.692688942, 703158
48.6962459087, 702494
48.6991519928, 702382
49.7775540352, 700819
49.7809181213, 700666
49.7833659649, 700397
49.7840499878, 700164
49.8170349598, 699076
49.8992550373, 698843
50.384855032, 698278
50.3869490623, 697452
50.3924460411, 696936
50.6917669773, 696744
50.7183730602, 696291
54.8654959202, 695931
54.8746371269, 695428
54.8747329712, 695196
54.8779780865, 694662
54.9227659702, 694641
55.0813310146, 694613
55.2155969143, 694383
55.237719059, 692209
55.3596560955, 691947
55.3685429096, 691540
55.4152269363, 691471
55.4154911041, 690686
55.4315159321, 690511
55.4370410442, 690340
55.4400849342, 690088
56.2292490005, 690073
56.2371809483, 690025
56.2630329132, 689772
56.2678561211, 689742
56.2793109417, 689482
56.2831940651, 689403
56.2863099575, 689302
56.291754961, 689280
56.9810099602, 688575
56.9978201389, 688548
57.0038130283, 688175
57.0258669853, 688086
57.1889491081, 687681
57.5843150616, 687634
57.6097970009, 687253
57.6124880314, 686345
57.6409080029, 686289
57.660793066, 685906
57.681358099, 685025
57.6915230751, 685009
57.7091100216, 684842
57.7187299728, 684719
57.7233359814, 684467
57.7338480949, 684429
57.7360720634, 683768
57.7624630928, 682947
57.8221530914, 682412
57.8414270878, 682118
57.8415119648, 681820
57.8434751034, 680793
57.848856926, 679753
57.8582201004, 679510
58.5425779819, 679453
58.5714640617, 679349
58.6711640358, 678901
