37.1100580692, 772591
37.1135020256, 771358
37.6866691113, 770974
37.746776104, 768276
37.7470281124, 767612
37.7474000454, 767397
37.7487950325, 766907
38.1703650951, 766688
38.1733081341, 764095
38.1742961407, 762177
38.176222086, 760402
38.1784451008, 758620
38.1789250374, 758583
38.1890640259, 758512
38.1938350201, 758281
38.1998920441, 757262
38.1999230385, 755418
38.2006762028, 754795
39.1785390377, 753961
40.0968921185, 752982
40.099542141, 752922
40.1027970314, 752118
40.1035101414, 751509
40.1049101353, 751455
40.1234121323, 751097
40.1277251244, 750337
40.1308090687, 750287
40.1328580379, 750275
40.1483590603, 749888
40.1485290527, 749397
40.1487162113, 748736
40.1731431484, 747639
40.1735291481, 746255
40.1830370426, 745532
40.1844182014, 745367
40.8705320358, 745257
40.8713901043, 744269
41.5467340946, 743358
41.5469791889, 742352
41.5486559868, 741651
42.6197659969, 741555
42.6204941273, 739172
43.2503681183, 738317
43.2504880428, 738132
43.2662351131, 737667
43.2665541172, 736143
43.2685961723, 735540
43.2875452042, 734115
43.2944800854, 733840
43.3265221119, 732449
43.3266181946, 732043
43.3276360035, 730173
43.329709053, 729815
43.3310570717, 729151
43.3365941048, 728899
43.3370230198, 728567
43.3386311531, 728369
43.3408551216, 728358
43.3428912163, 728000
43.342977047, 727555
43.3451471329, 727292
43.3473000526, 727284
43.3478841782, 726270
43.3488581181, 726151
43.3495020866, 726116
43.350661993, 723766
43.3513131142, 721914
43.3519999981, 721797
44.2580192089, 721575
44.4500091076, 720762
44.4509921074, 720607
44.4761471748, 720489
45.9327881336, 719798
45.9340519905, 718905
45.9518539906, 718356
45.9666650295, 718136
45.9670460224, 717556
45.9671900272, 717394
45.9675810337, 717346
46.0154671669, 716826
47.5497090816, 715959
47.5574541092, 714968
47.559002161, 714288
47.568392992, 712387
47.5685071945, 711152
47.6549401283, 710697
47.663724184, 710488
47.6730611324, 709767
47.67359519, 709568
47.6801331043, 709455
47.7074840069, 709258
47.7143051624, 706840
47.7147011757, 706362
47.7154250145, 706313
47.7201220989, 705674
47.7211840153, 705000
47.724709034, 703187
47.8764121532, 702527
47.8838200569, 701509
47.8906440735, 700976
47.9067640305, 700739
47.937525034, 699585
47.9386560917, 698272
47.9597280025, 697847
47.9682860374, 697116
47.9778661728, 697067
47.9962592125, 695805
50.9057161808, 695025
50.9073550701, 694674
50.9122061729, 693442
51.0969622135, 692762
51.0972290039, 691673
51.1295611858, 691052
51.1459422112, 690253
51.1532740593, 690086
51.1553940773, 690058
52.4350450039, 689895
52.4376571178, 689089
52.4502120018, 688979
52.4537072182, 688076
52.4711771011, 687664
52.4713389874, 687313
52.4821920395, 687307
52.4909441471, 687201
52.4951150417, 687106
52.49933815, 686985
52.5156641006, 686928
52.5239322186, 686576
52.5266671181, 686223
52.5305261612, 685905
53.1000390053, 683399
53.1022861004, 683170
53.105394125, 682766
53.1159861088, 682329
53.1235752106, 681804
53.1302931309, 681585
53.1480271816, 681529
55.633534193, 681105
55.663159132, 680425
55.7315590382, 680423
55.7371361256, 680235
55.7384490967, 680030
55.7436110973, 679871
55.7550780773, 679742
55.9043819904, 679021
55.9050660133, 678193
55.9136681557, 678162
56.0672390461, 677604
56.0918970108, 677486
56.0973720551, 677260
56.0992422104, 676610
56.1064991951, 676346
56.4951691628, 675900
56.5096549988, 675261
56.5183889866, 675212
56.6427791119, 672874
56.6446840763, 671653
56.8275880814, 671180
56.8427259922, 671051
56.8489801884, 670396
57.0939741135, 669904
59.3149180412, 668968
59.3238530159, 668906
59.3298780918, 668196
59.4902160168, 667571
59.520345211, 667437
59.5400822163, 666555
