9.50273394585, 857426
9.50366091728, 855320
9.50888395309, 854719
9.63856506348, 845891
9.65034294128, 844136
9.68532896042, 842838
10.622713089, 841817
10.6227450371, 841397
10.6275999546, 839968
16.7488489151, 838436
16.7779588699, 838363
16.7918848991, 838076
16.804543972, 837538
16.8061449528, 837061
16.8068568707, 834657
16.9151010513, 833652
17.6161220074, 833297
17.6244280338, 830591
17.6264998913, 830177
17.6265389919, 830164
17.6278069019, 828970
17.6280310154, 827272
17.6354520321, 827232
17.7434768677, 824519
17.7520909309, 823080
17.7522649765, 821264
17.7588710785, 818842
17.7697229385, 815520
17.7729010582, 815104
17.7785220146, 814436
17.7807939053, 813497
