7.45687413216, 853011
10.0919840336, 852028
10.0924310684, 851471
10.0930130482, 848765
10.1065969467, 847148
11.3530011177, 845663
11.353552103, 845056
11.3550519943, 845048
11.4206781387, 844830
11.4329030514, 839679
11.4339859486, 838804
11.4344990253, 838399
11.4353721142, 837561
18.4203071594, 837265
18.7515339851, 836975
18.7543370724, 835647
18.7565610409, 833574
20.2220220566, 831165
20.2307929993, 830608
20.2486331463, 830432
20.2675120831, 828918
20.2724750042, 828803
20.6599071026, 828784
20.6606531143, 828776
20.6819140911, 827638
20.6828629971, 827421
20.6924421787, 827382
21.1851921082, 826567
21.1895320415, 824616
21.192718029, 823769
24.4204671383, 822230
24.7727530003, 821821
25.9357659817, 821395
27.1809210777, 820937
27.1822040081, 820543
27.7559270859, 819505
27.76248312, 818948
27.7712140083, 818810
27.7715930939, 818361
28.555008173, 817861
28.6227099895, 817554
31.9790711403, 816859
31.9896860123, 816819
31.9935321808, 816780
