8.94182109833, 853312
8.96956801414, 852659
8.9703271389, 852606
8.98499298096, 851959
14.5882520676, 851835
15.8577980995, 850699
15.9746141434, 842249
16.9091501236, 840702
16.9129750729, 838629
17.1005990505, 835839
17.1007452011, 834186
17.1033380032, 833953
17.10612607, 833940
17.1083400249, 827018
17.1121780872, 826685
17.9121260643, 826199
17.9169740677, 824714
22.0238511562, 823247
22.0492579937, 822770
22.0521771908, 822730
22.0629251003, 821847
22.0632331371, 821009
24.2837591171, 820575
24.2881331444, 819289
24.2956330776, 818451
30.3303129673, 818117
30.3791341782, 817900
30.3864891529, 817166
