10.5067300797, 857262
10.5087230206, 855304
10.5200150013, 853911
10.5207490921, 852060
10.7673580647, 848704
10.769618988, 845506
10.7741801739, 843615
10.7874941826, 843183
11.0816471577, 841100
11.0836529732, 840321
11.0840461254, 838993
11.0843391418, 838587
11.2537419796, 836879
11.2575640678, 836041
12.2017710209, 835869
12.2105619907, 832390
12.4287791252, 831610
12.4367871284, 831163
12.4371981621, 829507
16.9105219841, 828006
17.2398350239, 823505
17.2399020195, 822189
17.2832341194, 821571
19.0555660725, 820921
19.1482679844, 819891
21.6971940994, 819560
21.8119661808, 819298
21.8595709801, 818143
22.4156620502, 817802
22.416836977, 817240
22.4168710709, 817200
24.788105011, 815529
24.8961281776, 815500
24.9033331871, 815422
24.9050719738, 814575
24.9164831638, 814179
31.8086559772, 813604
32.7588701248, 813582
32.7632341385, 813542
33.1531319618, 813184
33.1626031399, 812337
33.1700601578, 811941
