9.83259487152, 856385
10.0262289047, 852329
10.6591918468, 851824
10.6730489731, 846388
11.3469729424, 845944
11.35125494, 844706
11.3526489735, 843196
11.354257822, 841949
11.3656339645, 841049
14.6643400192, 840263
14.7395019531, 838934
14.7454228401, 838808
14.7468149662, 838065
14.7488968372, 838019
15.6851949692, 837457
15.6903419495, 835900
16.5323908329, 831707
16.5463068485, 831267
16.548637867, 830724
16.6124379635, 830074
16.6194348335, 829884
16.6217730045, 829046
16.6261730194, 827418
16.8869578838, 826752
19.3690369129, 825842
19.3745679855, 823287
19.3810508251, 823127
19.4342570305, 822822
19.4424638748, 822026
19.4526758194, 821804
19.5932409763, 819797
26.1663248539, 819697
26.1900618076, 819360
26.1934769154, 818522
27.001614809, 817522
27.0238308907, 816743
28.8501319885, 816163
28.8555259705, 815497
28.8556449413, 815451
29.3933649063, 814639
29.397908926, 814600
29.3994009495, 814560
29.6349258423, 814551
32.7734479904, 814292
32.8190188408, 813753
32.9879109859, 813524
32.992399931, 813047
