0.0736458301544, 849148
0.0810689926147, 848775
11.8365468979, 847025
11.8398439884, 844990
11.8590898514, 841653
11.8593578339, 837641
12.1242787838, 837624
12.1305539608, 837376
12.1396188736, 836258
15.4324378967, 835952
15.4529178143, 831023
15.4577159882, 830898
15.4860868454, 829026
15.4976840019, 828549
15.5018827915, 828457
15.5042848587, 827771
15.5059537888, 827539
15.5069539547, 827500
18.7761847973, 827221
18.7891128063, 826346
18.7921688557, 823794
18.8213458061, 823461
19.3223638535, 822667
19.4980809689, 821139
19.5042779446, 821100
23.6317849159, 820230
23.7132740021, 817787
25.2500619888, 817670
25.2517240047, 816747
26.0024449825, 816397
26.0263938904, 815461
34.0253248215, 815410
37.781526804, 815193
38.243005991, 815153
39.1989269257, 815114
