10.3997130394, 852680
10.400635004, 851741
11.715831995, 850438
11.718665123, 847612
11.7206361294, 846425
12.2026290894, 843580
13.9068391323, 837596
13.909017086, 836749
13.909071207, 834385
14.1057641506, 834351
14.1086320877, 830465
14.1093280315, 828533
14.1138131618, 827205
14.1163620949, 825594
16.170279026, 825459
16.1712260246, 820907
16.2315340042, 818696
16.4700951576, 818606
20.405036211, 818510
20.4115581512, 818334
20.9067401886, 818003
21.2937030792, 816733
21.3146181107, 816634
24.4158201218, 815815
24.4207282066, 815419
24.453920126, 814241
24.4551851749, 812425
