9.17801904678, 857542
9.18124508858, 852082
9.1832909584, 851739
9.22573399544, 851093
9.23200201988, 850430
9.99899411201, 850238
10.5587730408, 849931
10.5613019466, 845322
10.9116680622, 840291
10.9131331444, 838036
11.7461440563, 837735
12.6531591415, 836671
12.6594121456, 836621
12.6607480049, 833716
14.6630971432, 833679
14.6653561592, 832530
14.722561121, 830446
16.746901989, 830187
16.7487039566, 830008
16.8173191547, 828151
17.7782161236, 826206
17.7872941494, 826107
17.9718270302, 825980
18.0539989471, 825949
18.2879550457, 825161
18.3145840168, 820376
18.3159329891, 819529
23.3350329399, 816519
25.5458710194, 816275
26.0187511444, 816202
26.1501121521, 815556
27.6423780918, 814859
