0.114821910858, 1243059
0.115207910538, 1240361
0.116627931595, 1174375
0.119063854218, 1148982
0.120322942734, 1133138
0.126294851303, 1111645
0.13427901268, 1105326
0.142554044724, 1099512
0.215980052948, 1091810
0.224143981934, 1086662
0.285785913467, 1079359
0.287581920624, 1065733
0.307401895523, 1064453
0.384016036987, 1051424
0.422472953796, 1050804
0.807294845581, 1046304
1.5650408268, 1045966
1.57405591011, 1044686
3.50307798386, 1035273
5.93443799019, 1034640
28.5142650604, 1029187
66.6372869015, 1024320
66.8388240337, 1023687
