7.79009795189, 856153
7.79444408417, 855907
9.95656108856, 851994
10.7508420944, 849175
10.7653291225, 849094
10.7912540436, 848525
10.7931900024, 847346
10.9455709457, 845532
12.5944180489, 845433
12.7800779343, 844720
12.7851150036, 842690
12.7853989601, 842258
13.5785601139, 838230
13.5937850475, 834850
14.7397809029, 834434
14.7457640171, 828820
14.749078989, 827164
14.7491979599, 827039
14.7756230831, 826950
16.4850940704, 826628
18.2241630554, 824209
18.2283890247, 822146
18.2331221104, 820665
23.9479720592, 820262
24.0436220169, 818707
24.0517840385, 817928
24.0543119907, 817081
24.1496560574, 815915
24.1617250443, 815466
30.4435040951, 814672
31.5588009357, 813374
31.5735149384, 812595
31.581553936, 811429
31.6536200047, 811208
32.3368399143, 811189
32.3755171299, 811149
32.4909110069, 810542
38.6726341248, 810533
38.694108963, 810452
40.0558700562, 810275
40.3094139099, 810236
41.154104948, 810235
41.2891900539, 810196
