10.9888608456, 856582
10.9903218746, 854320
10.9924860001, 851489
10.9956908226, 850170
11.247854948, 847056
11.2486128807, 844610
14.1158909798, 842235
14.1227760315, 839272
14.1229288578, 838472
14.1325879097, 838434
14.1328380108, 837655
14.1394689083, 836951
14.3453929424, 836086
14.4409790039, 832989
15.6030349731, 830804
17.2688097954, 829443
17.2706489563, 828036
17.2707479, 827257
17.2885839939, 827034
17.3070650101, 825454
17.3141798973, 824467
17.3164048195, 824218
18.1864519119, 823367
18.1890208721, 822895
18.2086308002, 820410
18.2195179462, 819510
18.2195999622, 817999
18.2203159332, 817256
23.6901779175, 816838
23.6942908764, 815915
28.4758429527, 815793
28.486027956, 815397
29.4283919334, 814535
29.4336760044, 814471
29.434607029, 813120
31.6966228485, 813085
33.3772778511, 813075
33.3849389553, 813074
33.5767579079, 812667
33.5812599659, 812262
33.5825448036, 811868
34.3111588955, 811598
34.3114709854, 811559
36.635933876, 811468
36.6556239128, 810991
36.6651909351, 810952
38.0179769993, 810939
38.0223178864, 810899
38.0377399921, 810503
40.1809778214, 810452
40.4234409332, 810236
40.5505759716, 810196
