0.0829720497131, 1243133
6.33640408516, 1239121
6.33765912056, 1238872
6.33798098564, 1238349
6.33863902092, 1238316
6.33886504173, 1237903
7.66601991653, 1235554
7.67060208321, 1225483
7.67153811455, 1225437
7.6719520092, 1223912
10.2506229877, 1223409
10.2925951481, 1221537
10.293446064, 1221456
11.8455059528, 1220949
12.3742570877, 1217646
13.0615940094, 1217216
13.0629889965, 1216547
13.0731930733, 1214945
14.3720729351, 1214359
14.3824739456, 1212411
16.3329360485, 1211793
16.3359091282, 1209827
16.3364999294, 1208515
16.3416500092, 1208072
17.7334120274, 1205455
18.1767349243, 1204576
18.1769881248, 1203398
18.1786460876, 1202219
19.9968841076, 1201513
19.9983561039, 1200515
19.9998641014, 1199964
20.0022599697, 1199322
20.0041959286, 1193103
24.2827019691, 1192849
24.3370540142, 1192471
24.4142329693, 1191958
24.4312319756, 1191364
25.5379209518, 1190703
25.605989933, 1189587
25.6102221012, 1188301
25.6144840717, 1187850
25.6152949333, 1187303
25.6211900711, 1185945
25.6384990215, 1185286
25.6476540565, 1184920
29.7439160347, 1184909
29.744893074, 1184513
29.7616519928, 1184393
29.7694439888, 1184069
29.7910680771, 1183872
29.80803895, 1183572
29.8129720688, 1182248
31.4618561268, 1182105
31.4744000435, 1181817
31.6659500599, 1181311
32.2845659256, 1181143
33.3749301434, 1180954
33.6810879707, 1180250
33.6892540455, 1180103
33.6900999546, 1178971
33.6944000721, 1178920
33.7023561001, 1177257
33.7025649548, 1176728
46.7869620323, 1176684
46.8071241379, 1176474
49.3058869839, 1176337
55.2714071274, 1176332
