9.68680310249, 1242891
9.69861507416, 1242498
9.70181107521, 1242497
9.7149541378, 1241101
9.72583699226, 1240345
9.73865914345, 1238059
9.73877501488, 1237694
9.74213814735, 1237648
9.74998116493, 1235284
9.97562408447, 1235239
9.97645115852, 1234235
11.7176640034, 1232996
11.7178959846, 1229462
13.53789711, 1227318
13.5436730385, 1221429
13.5508620739, 1216864
13.5513100624, 1216531
13.5526430607, 1215619
13.5551481247, 1214178
19.5121970177, 1211761
21.4462001324, 1211554
21.4470670223, 1211238
22.079583168, 1210461
22.6175990105, 1210231
22.6177811623, 1209425
23.2003109455, 1209390
23.5532989502, 1208885
23.5572199821, 1207412
23.5635459423, 1205462
23.5638740063, 1205257
23.5668649673, 1203514
23.5702850819, 1203387
24.6162099838, 1203308
24.6163170338, 1202735
24.6168689728, 1202689
24.6174340248, 1201163
24.6305401325, 1200674
24.6340401173, 1200483
24.6341590881, 1199986
24.6345479488, 1197425
24.6451740265, 1197054
25.05677104, 1196806
25.072589159, 1195065
25.0735461712, 1193727
25.0752811432, 1191858
26.1815290451, 1189502
26.1821680069, 1189054
26.1822221279, 1187978
28.6766569614, 1186418
28.6797389984, 1186022
31.6600301266, 1185494
34.8477079868, 1185075
36.2743551731, 1184869
36.2902300358, 1184727
36.313655138, 1184656
36.8632769585, 1184219
37.2414209843, 1183875
37.2609059811, 1183594
37.2766859531, 1183452
37.2836930752, 1182923
37.2936999798, 1182650
37.3033339977, 1182518
38.7947890759, 1182413
38.7957210541, 1182006
38.8030180931, 1181416
40.0583460331, 1180992
40.9607551098, 1180852
40.971560955, 1179896
41.4638681412, 1179713
42.3078680038, 1178706
42.3409790993, 1178592
43.3325791359, 1178418
43.3405690193, 1178022
43.3519229889, 1177768
50.7419259548, 1177246
52.8745419979, 1177204
53.6231200695, 1176669
54.7299499512, 1176327
54.7486109734, 1176262
54.8192970753, 1176211
