0.0864949226379, 1220234
0.0869288444519, 1220026
0.095752954483, 1219220
0.0980570316315, 1218615
0.0993258953094, 1217905
0.103359937668, 1217399
0.105798959732, 1216976
0.17752790451, 1214638
0.183102846146, 1214586
0.183204889297, 1213780
0.183954954147, 1212418
0.187222957611, 1212385
0.197319984436, 1207806
0.251871824265, 1207547
0.268509864807, 1207464
0.268870830536, 1207354
0.27777504921, 1205959
0.312461853027, 1204314
0.314121961594, 1204289
0.317636013031, 1203503
0.318635940552, 1202322
0.321985960007, 1202143
0.322937011719, 1201273
0.323398828506, 1200818
0.327040910721, 1199669
0.327215909958, 1199389
0.331241846085, 1198914
0.337560892105, 1198660
0.356618881226, 1198642
0.363165855408, 1197127
0.375169992447, 1196897
0.378077983856, 1195842
0.379786968231, 1195738
0.509197950363, 1195621
0.521944046021, 1195313
0.530490875244, 1194990
1.01967287064, 1194804
1.07407999039, 1193848
1.0769200325, 1192665
1.08988189697, 1191135
1.09743094444, 1190169
1.7151389122, 1190136
1.71626496315, 1189839
1.71813392639, 1189287
1.72178602219, 1188627
1.72437500954, 1185881
1.72665095329, 1185465
1.72722697258, 1185308
1.72749400139, 1185166
1.73291397095, 1183945
1.7364988327, 1183721
1.74397802353, 1183307
1.82093501091, 1183132
1.96657896042, 1182711
1.97494196892, 1181834
1.97750091553, 1181052
1.97834396362, 1180283
6.77497792244, 1179529
7.64819598198, 1179403
9.36304497719, 1179278
9.38845181465, 1179241
9.39752984047, 1179099
9.40465092659, 1178743
9.42694997787, 1178601
9.52607297897, 1178349
12.3275918961, 1178040
12.3329000473, 1177930
12.3405599594, 1177175
12.3480780125, 1176677
21.0237178802, 1176481
21.1215109825, 1176276
21.1265540123, 1176211
38.2054760456, 1176202
38.314278841, 1176151
