0.0981621742249, 1243133
7.34575796127, 1239121
7.3465821743, 1238872
7.34683203697, 1238349
7.34732317924, 1238316
7.34760808945, 1237903
8.86963009834, 1235554
8.87458515167, 1225483
8.87574911118, 1225437
8.87620210648, 1223912
11.8217010498, 1223409
11.8806221485, 1221537
11.8824770451, 1221456
13.6549670696, 1220949
14.2639660835, 1217646
15.0539751053, 1217216
15.0555710793, 1216547
15.0682930946, 1214945
16.5441200733, 1214359
16.5570120811, 1212411
18.7795991898, 1211793
18.7828261852, 1209827
18.7834379673, 1208515
18.7882871628, 1208072
20.4012680054, 1205455
20.9320039749, 1204576
20.9323890209, 1203398
20.9352190495, 1202219
23.0348200798, 1201513
23.0365440845, 1200515
23.0383961201, 1199964
23.0410909653, 1199322
23.0432071686, 1193103
28.172907114, 1192849
28.2338340282, 1192471
28.3258199692, 1191958
28.3453910351, 1191364
29.6357049942, 1190703
29.7242150307, 1189587
29.7296311855, 1188301
29.7347140312, 1187850
29.735735178, 1187303
29.7425639629, 1185945
29.7652270794, 1185286
29.7795410156, 1184920
34.4687571526, 1184909
34.4697151184, 1184513
34.4856979847, 1184393
34.4961760044, 1184069
34.5318419933, 1183872
34.5533640385, 1183572
34.5594949722, 1182248
36.5483579636, 1182105
36.5637421608, 1181817
36.776884079, 1181311
37.4589800835, 1181143
38.7330241203, 1180954
39.0865449905, 1180250
39.0967769623, 1180103
39.0978751183, 1178971
39.1034400463, 1178920
39.1124820709, 1177257
39.1127011776, 1176728
54.3658750057, 1176684
54.3925511837, 1176474
57.2607979774, 1176337
64.4133820534, 1176332
