8.21036505699, 1241781
9.45710515976, 1240477
9.45730996132, 1237556
9.65318799019, 1234521
9.66328406334, 1232499
9.66353392601, 1232330
9.66408801079, 1232063
9.66501307487, 1231119
9.67039608955, 1228619
9.67743611336, 1228089
9.78118801117, 1227721
9.78327393532, 1223856
12.6528151035, 1222752
12.6568689346, 1222043
12.6624240875, 1220717
12.6632289886, 1220293
12.6633589268, 1219875
12.665199995, 1218781
12.6656839848, 1218737
13.8249671459, 1218595
13.8267810345, 1218058
13.829638958, 1216089
13.8301229477, 1212054
16.5513191223, 1210339
16.5537130833, 1208882
18.2123091221, 1208773
18.2145309448, 1208110
18.3287830353, 1207594
18.3317420483, 1207373
18.3568770885, 1206971
18.8891379833, 1206918
18.8920590878, 1202819
22.2840731144, 1201403
22.2880489826, 1201309
22.3385119438, 1198014
22.342525959, 1197727
22.3465850353, 1197139
22.3483951092, 1190628
29.4242560863, 1190624
30.0833311081, 1189210
30.1029469967, 1188455
30.1064579487, 1187988
30.1088449955, 1187302
30.1112990379, 1186121
30.1233420372, 1185469
33.5008640289, 1184428
33.5077199936, 1184344
33.5610721111, 1183789
33.5672781467, 1183159
33.5745639801, 1182872
33.5746281147, 1182476
33.5778000355, 1182250
34.9004449844, 1181938
34.904902935, 1180644
34.9104959965, 1179470
37.0979950428, 1179448
37.0993349552, 1179051
37.1193161011, 1178452
44.2887260914, 1178366
44.2890429497, 1178033
44.469094038, 1178025
44.4966261387, 1177823
44.4970619678, 1177427
45.3016989231, 1177365
50.6409370899, 1177156
50.9942390919, 1177071
55.3692059517, 1177060
55.4856719971, 1177054
56.4644999504, 1176847
58.2172160149, 1176796
