8.58015298843, 1243264
8.89967298508, 1234961
8.90230989456, 1234270
11.6753890514, 1232005
11.6963820457, 1231653
11.850673914, 1228149
11.8644778728, 1227008
11.8700289726, 1226867
11.87084198, 1222406
11.8738179207, 1220566
14.0324990749, 1220275
14.0335650444, 1218327
14.3234379292, 1217953
14.3257329464, 1215685
15.6669409275, 1214850
15.6679770947, 1214308
15.6697220802, 1213911
17.3414020538, 1213084
17.3464479446, 1209980
17.3478829861, 1208585
17.3480539322, 1208411
17.3506720066, 1207543
17.3540790081, 1206424
18.6648910046, 1205734
20.3825490475, 1205732
20.3978149891, 1204722
20.4008979797, 1204617
20.4031178951, 1203297
20.4035410881, 1202048
20.4039969444, 1201928
20.596075058, 1199439
20.5996830463, 1199419
20.6007208824, 1199031
22.7382309437, 1196733
22.7547290325, 1194883
22.7550010681, 1194419
22.7550940514, 1193198
26.2163639069, 1191395
26.2208859921, 1191253
27.4008340836, 1191189
27.4010510445, 1189968
27.4028198719, 1189150
27.4032719135, 1188940
27.4048640728, 1188134
32.469397068, 1187581
32.4702780247, 1187301
32.4717209339, 1187144
32.4719080925, 1185610
32.4719929695, 1184163
34.019190073, 1183317
34.8951568604, 1182568
34.8957228661, 1181969
35.6644599438, 1181196
35.6685230732, 1180687
37.8556640148, 1180409
37.8574409485, 1179603
37.8659060001, 1179450
43.2459070683, 1179372
43.2567250729, 1179165
43.3375580311, 1179137
43.3694200516, 1179062
43.7153949738, 1178691
43.7162749767, 1178486
43.7215869427, 1178206
44.9741799831, 1178046
45.3262319565, 1177851
45.6459569931, 1177620
45.6647729874, 1177347
46.2376708984, 1177223
46.2431359291, 1176864
46.3374910355, 1176805
46.3736579418, 1176758
55.2603309155, 1176468
56.7619850636, 1176442
56.9969930649, 1176438
57.0118830204, 1176387
61.0723910332, 1176211
