10.837061882, 1243006
10.8372290134, 1242200
10.8376019001, 1237132
10.8381049633, 1236736
10.8770070076, 1236357
10.8773999214, 1232344
10.8791778088, 1229579
10.8798599243, 1226018
12.8592419624, 1225161
12.8607039452, 1222632
14.3012650013, 1220089
14.3019049168, 1220009
14.305136919, 1219563
17.6630158424, 1219381
17.6662750244, 1218889
20.1688599586, 1218868
20.1695799828, 1218362
20.1696510315, 1218271
20.1725888252, 1217681
20.1754119396, 1212845
20.4099998474, 1209819
20.4141769409, 1207930
20.4146850109, 1204614
20.4432890415, 1201978
20.4441559315, 1198965
20.4449908733, 1197748
20.445032835, 1197120
20.4452018738, 1196184
20.4490430355, 1194592
20.456799984, 1194342
23.4781019688, 1193685
29.7230620384, 1192001
29.7253959179, 1188637
33.9726338387, 1188419
34.1211709976, 1188359
34.121243, 1188217
34.121917963, 1187663
34.1285188198, 1185217
38.1349539757, 1184677
38.1468818188, 1184484
39.2013239861, 1184334
39.2119870186, 1183885
39.2130308151, 1183881
39.2397549152, 1183637
39.2502479553, 1183510
39.2645738125, 1183364
39.2736799717, 1182556
40.4874479771, 1181742
41.1312639713, 1181541
41.9480040073, 1180601
42.8546788692, 1180205
45.1692848206, 1179760
46.2145650387, 1179736
46.2627558708, 1179462
46.3994150162, 1179128
46.3995509148, 1177793
48.9037640095, 1177394
48.9085290432, 1177218
48.9175698757, 1177167
57.2979149818, 1177120
57.3018608093, 1176713
60.2272469997, 1176701
60.3746008873, 1176563
60.4215250015, 1176512
62.5337569714, 1176414
64.6169829369, 1176272
