7.77232408524, 1243359
7.77452611923, 1243290
7.77704405785, 1243160
7.77974200249, 1242997
7.78147101402, 1240385
7.78201007843, 1239077
9.01731610298, 1235325
10.5021529198, 1232034
10.503757, 1231777
10.5044400692, 1228716
10.5090210438, 1227656
10.5285260677, 1226934
10.531940937, 1226893
10.5327839851, 1225055
10.619820118, 1223605
10.621587038, 1220242
10.6230459213, 1217115
10.6241869926, 1216028
12.6763811111, 1215552
12.6779201031, 1214229
13.7931470871, 1210456
13.7950811386, 1209593
13.7957029343, 1208050
16.3256890774, 1206685
16.3259561062, 1204421
19.8006601334, 1203417
19.8027250767, 1202353
19.894067049, 1200790
19.9008800983, 1200429
22.1359460354, 1199735
22.1391470432, 1198004
22.1411290169, 1197513
22.1419911385, 1195748
22.1444180012, 1195427
23.034083128, 1194908
23.0348870754, 1194805
23.0453250408, 1193346
23.0676419735, 1193259
23.0709040165, 1193054
23.0728530884, 1191585
24.4298529625, 1190960
24.4331269264, 1190704
24.5769569874, 1190462
26.2989900112, 1190419
26.3007199764, 1190252
26.5268261433, 1189235
27.0032000542, 1189177
27.0036690235, 1187226
29.8894851208, 1187143
30.6806139946, 1186825
30.6856000423, 1186513
30.6859390736, 1186400
30.8469889164, 1184874
30.8716499805, 1184761
30.8731911182, 1184736
30.9629719257, 1184453
31.57508111, 1184438
31.5778169632, 1184311
31.6289651394, 1184298
31.7097489834, 1183984
31.7110741138, 1183385
31.7116000652, 1182827
31.7159490585, 1182802
31.7295429707, 1182424
31.7368011475, 1182324
31.7561240196, 1181561
32.1052410603, 1180970
32.1461589336, 1180701
32.1469900608, 1179719
32.8553509712, 1179225
32.8675379753, 1179083
32.869341135, 1178484
37.6049950123, 1177965
40.8750879765, 1177878
41.1066689491, 1177821
45.2289569378, 1177581
45.2328579426, 1177308
46.6778481007, 1177275
46.6899120808, 1177130
46.6920750141, 1176948
46.695743084, 1176838
46.7112219334, 1176787
48.1984190941, 1176711
48.6431829929, 1176426
49.2205529213, 1176392
52.6820321083, 1176377
52.7012109756, 1176326
55.1722700596, 1176293
56.7508709431, 1176151
