7.04723310471, 1239743
7.05006814003, 1238805
8.37405014038, 1237258
8.37758398056, 1232417
8.38135409355, 1232116
8.38214707375, 1231890
8.38233804703, 1231731
8.3824801445, 1225628
10.5692520142, 1224015
10.570109129, 1223939
10.8899669647, 1221046
15.3060641289, 1220400
15.3072769642, 1219973
15.3074941635, 1219765
15.3107640743, 1218820
15.3120391369, 1217280
15.312623024, 1217138
15.3129739761, 1216922
15.3138930798, 1214466
15.319133997, 1213963
16.6845180988, 1208123
16.6861741543, 1207738
16.6897311211, 1206722
16.7007679939, 1205428
16.7012960911, 1204322
16.7069480419, 1203456
16.7076079845, 1202229
21.0391409397, 1200325
21.8509731293, 1198720
21.8616509438, 1198000
24.0570499897, 1196011
24.0578300953, 1194916
24.0890419483, 1193061
26.809002161, 1192581
26.9188780785, 1192316
26.9294760227, 1191928
27.2586650848, 1191547
27.3273019791, 1190335
27.3384661674, 1187270
33.8632590771, 1186480
33.8666369915, 1186444
33.8739881516, 1185151
33.887141943, 1184639
33.8939831257, 1184559
33.9104361534, 1184316
34.8495900631, 1183738
34.8507471085, 1183646
34.8636629581, 1182970
34.8691079617, 1182327
35.0413141251, 1182217
35.0434999466, 1180683
40.9642491341, 1180524
41.0060901642, 1180485
41.0169250965, 1180295
43.7677509785, 1179807
43.8189880848, 1179546
44.6159279346, 1179203
44.6169221401, 1178807
44.7100701332, 1178351
46.2097971439, 1178234
46.2220561504, 1178183
47.1471991539, 1177911
47.1603879929, 1177846
47.4115059376, 1177549
49.5572640896, 1177130
49.5930659771, 1176925
52.0447950363, 1176863
52.0648751259, 1176812
52.0658619404, 1176602
53.395979166, 1176512
53.3990969658, 1176447
56.313751936, 1176388
56.3252911568, 1176337
57.5995931625, 1176323
57.6287691593, 1176272
