0.093710899353, 1243357
10.1329619884, 1242882
10.1360328197, 1242106
10.1374959946, 1240306
10.1392149925, 1240209
10.1440098286, 1239786
10.147012949, 1239127
10.1477627754, 1238473
10.3407809734, 1230788
10.34095788, 1230693
10.6566419601, 1226055
10.662558794, 1225960
10.6638228893, 1225217
11.8040349483, 1222373
11.8053798676, 1221228
15.2505028248, 1215789
15.2527558804, 1215337
15.2621099949, 1212109
15.2624139786, 1209683
15.2678568363, 1208113
15.2766649723, 1207660
15.2778158188, 1206926
15.3129248619, 1203940
15.3142988682, 1203311
15.3145599365, 1202998
19.6889569759, 1201602
19.6913468838, 1198807
19.6954228878, 1198604
19.6984658241, 1198429
19.7012979984, 1196672
20.5104429722, 1195109
20.5124638081, 1194627
22.4460349083, 1193691
22.4822649956, 1193380
22.4824898243, 1192974
22.4849989414, 1192792
23.6422479153, 1190922
23.6540598869, 1190815
25.8399348259, 1190089
25.8538877964, 1190067
25.9630179405, 1190023
25.9679539204, 1189232
26.7849309444, 1189161
26.7888419628, 1188818
26.7899398804, 1187967
27.0214869976, 1187940
27.0229859352, 1187644
29.0966928005, 1187235
29.1064097881, 1186931
29.1144769192, 1186332
29.1309628487, 1185354
29.1370129585, 1185056
29.1455459595, 1185051
30.7433757782, 1184535
30.7446908951, 1183966
31.0939707756, 1183319
31.0957098007, 1182720
31.2611629963, 1182345
32.1102409363, 1181575
32.1332008839, 1181569
32.1361768246, 1181343
32.9047489166, 1181236
32.9097509384, 1181018
33.4561398029, 1180862
33.4564659595, 1180364
33.4569377899, 1180286
33.4767589569, 1180279
38.7462248802, 1180175
39.9624238014, 1178774
39.9633729458, 1178709
40.0041599274, 1178696
41.433401823, 1178571
41.4574079514, 1178364
42.7180597782, 1178359
44.3296439648, 1178191
44.4003949165, 1178114
44.7897398472, 1177961
46.0276949406, 1177949
47.0227649212, 1177908
47.0394937992, 1177683
47.1125679016, 1177527
47.1152448654, 1177065
47.6974020004, 1176848
47.698168993, 1176783
47.7323758602, 1176641
51.6308379173, 1176456
51.6637918949, 1176405
52.3119189739, 1176358
52.3162589073, 1176151
