0.09108710289, 1231178
8.02633500099, 1229535
8.02741909027, 1228331
8.02771401405, 1226621
8.02806520462, 1224404
12.8429641724, 1223275
12.8472762108, 1221627
13.0412449837, 1217152
13.0413300991, 1215844
13.814699173, 1212737
13.8208680153, 1211672
15.0805461407, 1211251
17.7617840767, 1210109
17.7624261379, 1209226
17.7626881599, 1209021
17.8681302071, 1206025
17.8700740337, 1205328
19.6649031639, 1204177
19.6968061924, 1204054
19.8221740723, 1200831
19.823168993, 1200695
20.9639492035, 1199376
20.9686000347, 1196832
22.0525701046, 1195595
22.713173151, 1195042
22.7159190178, 1195039
22.7267110348, 1194804
22.761808157, 1194736
22.7621040344, 1193046
22.7862269878, 1192943
23.946349144, 1190359
23.9610931873, 1190292
23.9631721973, 1188582
24.0372760296, 1188302
24.0374281406, 1187278
24.0390880108, 1185987
24.0411031246, 1185181
24.0537171364, 1185175
24.0565111637, 1184610
28.983050108, 1184088
28.9934060574, 1184042
28.993751049, 1183476
28.9949350357, 1183179
29.0520381927, 1182859
29.0545790195, 1181336
29.0622551441, 1180941
29.0652492046, 1180527
33.2180399895, 1180280
33.221987009, 1180276
33.2371389866, 1180023
33.5874559879, 1179516
34.7701501846, 1179514
34.7744410038, 1178629
37.3089621067, 1178451
37.6081080437, 1178442
37.6093461514, 1178260
39.9849472046, 1177840
43.6111161709, 1177833
44.5848760605, 1177653
44.5988759995, 1177428
44.6021220684, 1177317
44.8491179943, 1177161
44.8573300838, 1177046
47.0320811272, 1176962
47.0818231106, 1176648
48.8317410946, 1176612
48.8376832008, 1176358
51.7220671177, 1176327
51.7389121056, 1176262
