0.0916290283203, 1243215
8.12894082069, 1237663
8.4680378437, 1236146
8.60827183723, 1234238
8.60933899879, 1232951
9.50701785088, 1230999
9.50711989403, 1230550
10.1492509842, 1229199
10.2167849541, 1229097
10.2182819843, 1228321
10.2221939564, 1223953
10.2919440269, 1223051
10.2925519943, 1218071
11.7404448986, 1217118
11.7421519756, 1216906
11.7441170216, 1214939
11.7459218502, 1213249
15.2679078579, 1213062
15.2701098919, 1212877
15.2817769051, 1211123
16.4927499294, 1210429
16.5087490082, 1209374
17.5635588169, 1207855
19.1281909943, 1206969
19.1283328533, 1206633
19.1313569546, 1204898
19.3763890266, 1204897
19.3775060177, 1203719
19.4531028271, 1203699
20.1522209644, 1203531
20.5361859798, 1202224
20.5422148705, 1201995
20.5423789024, 1201466
20.5429029465, 1200051
20.5434880257, 1199608
22.0642848015, 1198596
23.7927689552, 1198363
23.800249815, 1197851
23.8006968498, 1197675
23.8042960167, 1197351
23.8073718548, 1197133
23.8155548573, 1197084
24.0583410263, 1193061
24.059139967, 1192583
26.4920928478, 1192152
27.9898738861, 1188567
27.9902260303, 1187814
28.3136439323, 1187150
28.3146388531, 1186253
28.3166589737, 1185684
28.3308968544, 1184627
28.3365650177, 1182951
28.3374979496, 1181186
33.8713068962, 1180176
33.8765888214, 1179525
33.8898499012, 1179290
36.6466088295, 1178743
39.991601944, 1177980
39.991945982, 1177763
40.0223958492, 1177427
44.0395579338, 1177404
44.2876689434, 1177403
44.9358978271, 1177383
44.9464848042, 1177318
45.0223608017, 1177030
50.407640934, 1176811
50.8279678822, 1176791
51.4810378551, 1176534
52.6820139885, 1176487
53.7323079109, 1176391
54.767179966, 1176262
55.91335392, 1176211
