0.0951640605927, 1243215
0.102279186249, 1242998
0.103936195374, 1242976
0.114958047867, 1242170
0.152693033218, 1228040
0.172558069229, 1226914
0.17305803299, 1225987
0.188580036163, 1224789
0.191656112671, 1222019
0.195252180099, 1221616
0.202128171921, 1220403
0.202671051025, 1215958
0.251832008362, 1214895
0.257063150406, 1214855
0.262891054153, 1213347
0.263403177261, 1212345
0.315523147583, 1211978
0.316356182098, 1211425
0.34614109993, 1210395
0.347101211548, 1208761
0.350286006927, 1208744
0.351816177368, 1208082
0.352221012115, 1207970
0.355069160461, 1206676
0.358369112015, 1204882
0.363576173782, 1204743
0.371463060379, 1203928
0.372440099716, 1202280
0.438548088074, 1202085
0.538750171661, 1201703
0.539738178253, 1201064
0.541878223419, 1201042
0.548831224442, 1200905
1.12257003784, 1199962
1.18981122971, 1199829
1.1902050972, 1199674
1.87146806717, 1198835
1.87879920006, 1197769
1.97221112251, 1197726
1.9802172184, 1197661
1.98768806458, 1195103
7.895622015, 1194627
7.89740920067, 1194623
8.09798812866, 1194385
8.10504412651, 1194034
8.15611219406, 1193327
8.17325520515, 1192904
11.8728821278, 1192609
11.8789350986, 1192076
14.8381872177, 1192031
14.8502252102, 1191889
17.7025852203, 1191838
22.4978220463, 1191613
22.9152450562, 1191400
23.2125730515, 1191399
24.5194380283, 1191213
24.8514871597, 1191095
26.787910223, 1191030
27.3655731678, 1190939
28.3766891956, 1190888
