0.100926876068, 1242046
0.101104021072, 1242018
8.98558187485, 1239954
9.57991504669, 1239069
9.69444990158, 1238035
9.69540905952, 1235396
9.69819808006, 1233942
9.71816897392, 1233143
10.5632619858, 1232748
10.5678489208, 1230741
10.5684280396, 1230719
10.5690350533, 1229911
10.608604908, 1228406
10.608907938, 1224840
10.6093630791, 1224760
11.1960771084, 1223554
11.1967380047, 1223280
11.1971879005, 1223138
11.1984889507, 1222861
11.3794519901, 1222707
11.4358808994, 1222339
12.3134040833, 1221884
12.3137989044, 1221409
12.3138360977, 1220433
12.6102809906, 1218580
12.6113059521, 1218164
12.7025430202, 1216658
12.7034060955, 1215999
12.7045309544, 1213060
14.588807106, 1212650
14.5903449059, 1207690
14.6090240479, 1206083
14.8613190651, 1205914
14.8622050285, 1204380
17.5307180882, 1204355
17.5757460594, 1200816
17.5776889324, 1199484
20.7637269497, 1198265
20.7643280029, 1196276
20.7653548717, 1196200
21.612473011, 1194058
21.6136760712, 1193870
23.950289011, 1193202
23.9521369934, 1191729
23.9680728912, 1191632
23.9848299026, 1190894
23.988038063, 1190189
23.9882888794, 1189793
23.9884269238, 1188789
23.9956429005, 1187870
24.0049099922, 1187570
25.9526839256, 1186252
25.955493927, 1185446
30.944163084, 1184420
30.961894989, 1183968
30.963696003, 1183093
30.9658350945, 1182888
31.0315220356, 1182343
31.0365040302, 1182233
31.0388538837, 1181427
31.360708952, 1181114
31.9831008911, 1181041
31.9934709072, 1180894
37.179256916, 1180143
37.1800100803, 1180001
37.3231790066, 1179234
41.1059279442, 1178790
41.1070199013, 1178573
41.1156048775, 1178397
41.1171760559, 1178255
41.1229829788, 1178229
41.8927569389, 1178013
42.1060268879, 1177962
42.7983019352, 1177944
42.8048980236, 1177690
43.0846440792, 1177433
45.3653359413, 1177257
45.4075899124, 1176868
47.7297139168, 1176632
47.8027560711, 1176599
47.8075370789, 1176202
53.9740760326, 1176151
