5.3758430481, 1242913
5.38136196136, 1240527
5.38354492188, 1237689
9.35521602631, 1237243
9.35627985001, 1235813
9.35847306252, 1231993
10.1322619915, 1231873
10.1328709126, 1228852
10.1340770721, 1228191
10.1360719204, 1224655
10.1589310169, 1224531
10.1599390507, 1223049
10.1605930328, 1220940
10.1606888771, 1220916
13.26917696, 1220468
13.2693960667, 1215275
13.2711479664, 1213846
13.2716870308, 1213717
15.493434906, 1208190
17.8254799843, 1208122
17.8317909241, 1207017
17.9023039341, 1206657
17.9800229073, 1203164
17.9904689789, 1203145
17.9922399521, 1200298
20.5736649036, 1198167
21.5127139091, 1193411
23.6787378788, 1192598
23.6798288822, 1191090
24.1453518867, 1190889
24.1576828957, 1190557
25.3118140697, 1189652
25.313616991, 1189318
25.3192038536, 1184269
25.3237729073, 1183822
25.3280930519, 1183792
25.3297479153, 1183622
30.1778569221, 1183348
33.1209418774, 1183329
33.121945858, 1182102
33.1238100529, 1181756
33.1267130375, 1181614
33.127466917, 1181360
33.1305730343, 1180228
34.535394907, 1179810
34.5494399071, 1179792
34.5516400337, 1179677
34.5586869717, 1179467
38.6438169479, 1179326
38.9520258904, 1179177
38.955673933, 1178648
42.2104279995, 1178471
42.8583319187, 1178225
42.8612179756, 1178007
42.8961610794, 1177747
43.7079510689, 1177551
43.7084999084, 1177471
46.030066967, 1177334
47.518805027, 1177162
47.5231130123, 1177020
47.7427940369, 1176859
47.7545468807, 1176652
48.3935010433, 1176607
51.9548690319, 1176590
51.9677870274, 1176498
57.5246798992, 1176479
57.68196702, 1176337
57.6980609894, 1176272
