7.44142007828, 1243264
7.63375711441, 1234961
7.63629794121, 1234270
10.20271492, 1232005
10.2230601311, 1231653
10.3750679493, 1228149
10.3908729553, 1227008
10.3961820602, 1226867
10.396848917, 1222406
10.3993561268, 1220566
12.5014650822, 1220275
12.5025069714, 1218327
12.792429924, 1217953
12.7940509319, 1215685
14.0345480442, 1214850
14.0351359844, 1214308
14.0363750458, 1213911
15.649543047, 1213084
15.6559860706, 1209980
15.6574449539, 1208585
15.6575939655, 1208411
15.6611609459, 1207543
15.6652669907, 1206424
16.8804969788, 1205734
18.3991780281, 1205732
18.4163610935, 1204722
18.4194769859, 1204617
18.4216821194, 1203297
18.4221110344, 1202048
18.4225950241, 1201928
18.5936119556, 1199439
18.5967109203, 1199419
18.5974869728, 1199031
20.58218503, 1196733
20.5970139503, 1194883
20.5971879959, 1194419
20.597276926, 1193198
23.5739560127, 1191395
23.5780050755, 1191253
24.604886055, 1191189
24.6050341129, 1189968
24.6067929268, 1189150
24.6072459221, 1188940
24.6088249683, 1188134
28.691204071, 1187581
28.6920330524, 1187301
28.6935870647, 1187144
28.6937830448, 1185610
28.6938719749, 1184163
30.0629999638, 1183317
30.736825943, 1182568
30.7374379635, 1181969
31.3490331173, 1181196
31.353454113, 1180687
33.3695020676, 1180409
33.3712000847, 1179603
33.3794879913, 1179450
38.199285984, 1179372
38.2097320557, 1179165
38.2815999985, 1179137
38.3085639477, 1179062
38.6086859703, 1178691
38.6095659733, 1178486
38.614964962, 1178206
39.7469220161, 1178046
40.0694971085, 1177851
40.3753039837, 1177620
40.3890359402, 1177347
40.8830189705, 1177223
40.8880951405, 1176864
40.964730978, 1176805
40.9969091415, 1176758
49.1280090809, 1176468
50.421145916, 1176442
50.6378369331, 1176438
50.6516649723, 1176387
54.3974261284, 1176211
