6.29909896851, 1240044
8.59683299065, 1236654
9.56116199493, 1236415
9.56307601929, 1234422
10.5512928963, 1232710
10.5560219288, 1231133
11.1312680244, 1229311
11.1606988907, 1228280
11.1706559658, 1228170
12.5889940262, 1225710
12.6078970432, 1217655
12.6088638306, 1217528
12.6111149788, 1215254
12.6116409302, 1213381
12.6409239769, 1211898
12.6421458721, 1210775
14.2011809349, 1207638
16.105919838, 1207272
16.1081578732, 1202204
16.1122479439, 1199868
16.1164629459, 1197355
16.1277170181, 1195795
22.8636469841, 1195586
22.8649508953, 1194924
22.8860599995, 1194693
22.8864028454, 1194254
22.8893418312, 1194001
22.8905260563, 1192907
22.8937749863, 1192161
22.9000759125, 1189674
24.4889979362, 1187649
24.4907310009, 1186569
29.4696209431, 1186238
30.0147089958, 1185470
30.0188519955, 1185134
30.0323989391, 1183870
30.0354609489, 1183271
30.0384008884, 1183267
31.8002610207, 1183047
32.1801140308, 1181668
32.1898698807, 1181061
35.5104999542, 1180481
35.5381019115, 1180096
35.542042017, 1179891
36.9082570076, 1178925
36.9153878689, 1178752
36.9169230461, 1178748
36.9265449047, 1178731
37.1958239079, 1177618
37.1971900463, 1177553
45.6036219597, 1177498
47.6176249981, 1177385
47.6208839417, 1177320
47.6486849785, 1177248
47.6488649845, 1176719
47.6520938873, 1176604
47.9721210003, 1176532
48.1604018211, 1176531
54.5628960133, 1176416
61.0108170509, 1176378
61.4780409336, 1176202
63.0267529488, 1176151
