6.29949402809, 1243081
6.300989151, 1237236
7.08130717278, 1236220
7.08180809021, 1236205
9.99022698402, 1233694
9.99069213867, 1232576
9.99195599556, 1231709
10.003221035, 1230106
10.0035951138, 1230037
11.3661110401, 1225870
11.577778101, 1224283
11.5788211823, 1222430
11.8963589668, 1221707
11.8987791538, 1221583
11.8993279934, 1220590
11.9011631012, 1218245
14.3775920868, 1217325
14.3786051273, 1216726
14.3797740936, 1216627
14.3852591515, 1216397
14.3854160309, 1215753
14.3873460293, 1215621
15.1665220261, 1213705
15.1674189568, 1213591
15.816904068, 1212981
15.8172471523, 1212809
15.823551178, 1210190
15.9792490005, 1209167
15.9797840118, 1208705
15.9803681374, 1207752
17.0235900879, 1206482
18.4722549915, 1205258
18.4726071358, 1205189
18.4730579853, 1202876
18.4766101837, 1201746
18.4785630703, 1201591
19.8401110172, 1200842
19.8401451111, 1199797
19.8403720856, 1198538
19.8407361507, 1197689
19.8414890766, 1197186
19.8454799652, 1197048
19.8473861217, 1197011
19.847422123, 1196533
19.8480861187, 1195701
25.0235831738, 1190342
25.0297009945, 1189683
27.198485136, 1188743
27.2033760548, 1188740
27.2037031651, 1187562
27.8064420223, 1186840
27.8120880127, 1186126
30.2689731121, 1185440
30.3284721375, 1183872
30.3319540024, 1183690
30.3325970173, 1183580
30.3702201843, 1183388
31.2847590446, 1183325
31.2920861244, 1183150
32.3319649696, 1182420
32.3328261375, 1181464
32.3544170856, 1181273
34.0684440136, 1181213
34.2176229954, 1180976
34.230175972, 1180425
34.2570571899, 1180019
34.2583839893, 1179812
35.2195501328, 1179713
36.4113681316, 1179556
39.0814170837, 1178899
39.5188369751, 1178810
39.5323081017, 1177854
39.5775840282, 1177791
42.2227890491, 1177390
42.230962038, 1177136
42.2476110458, 1177133
42.2479200363, 1176926
47.3284080029, 1176873
47.3845460415, 1176733
48.7636671066, 1176539
49.3148910999, 1176526
53.8518970013, 1176397
53.877644062, 1176332
