0.0999250411987, 1242892
0.102590084076, 1241980
0.110111951828, 1241791
0.128116130829, 1241693
0.128556966782, 1241538
0.129242897034, 1241428
0.129612922668, 1240531
0.130422115326, 1240106
0.13222193718, 1230509
0.132477045059, 1226318
0.141451120377, 1220860
0.16176700592, 1220397
0.162704944611, 1220064
0.312948942184, 1218906
0.313668966293, 1218510
0.342684984207, 1218315
0.344763040543, 1215987
0.348448991776, 1215975
0.37335395813, 1215160
0.68630194664, 1214867
0.68661403656, 1214763
0.689973115921, 1213471
0.689991950989, 1212993
0.69197010994, 1212597
0.69332909584, 1211200
0.704745054245, 1210590
0.741954088211, 1209120
0.748701095581, 1208068
0.856677055359, 1207826
0.858067989349, 1207045
0.936527013779, 1206699
0.938359975815, 1205045
0.942869901657, 1202826
1.05340099335, 1202535
1.06190991402, 1201999
1.06232404709, 1201995
1.71784806252, 1201088
1.7309179306, 1200970
1.73832392693, 1200374
1.73854207993, 1199786
1.73916912079, 1199783
2.08127689362, 1198532
2.62654399872, 1197721
3.97200298309, 1197337
3.9730861187, 1197195
3.97983789444, 1197069
3.98002099991, 1197004
5.24488592148, 1196855
5.25036692619, 1196750
5.25416612625, 1196049
5.9894900322, 1195581
6.03963708878, 1195445
6.04046797752, 1194073
9.40579199791, 1193819
10.9795839787, 1193630
10.9801399708, 1193565
10.9976661205, 1193471
13.7790560722, 1192742
17.9316179752, 1192354
19.8093309402, 1192023
19.8255639076, 1191972
28.2787981033, 1191967
