0.110743999481, 1243254
0.319912910461, 1238013
0.324390888214, 1237563
0.324858903885, 1235641
0.33363699913, 1234534
0.344126939774, 1232250
0.356345891953, 1231438
0.356673955917, 1230783
0.378324985504, 1226803
0.383363962173, 1226798
0.384169101715, 1225827
0.384471893311, 1224024
0.385957956314, 1222662
0.493339061737, 1221347
0.493990898132, 1219857
0.497582912445, 1219498
0.497786998749, 1219275
0.498686075211, 1218593
0.499833106995, 1217704
0.510839939117, 1217130
0.512746095657, 1214218
0.513453960419, 1213329
0.514115095139, 1212640
0.541687965393, 1210826
0.551875114441, 1209283
0.557096004486, 1209073
0.579801082611, 1208299
0.688395023346, 1207759
0.708812952042, 1207438
0.715620994568, 1205327
0.716331005096, 1204470
0.717083930969, 1204265
0.722069978714, 1202386
0.72770690918, 1202086
0.734811067581, 1201625
0.740088939667, 1201574
0.799525022507, 1201124
1.47823596001, 1199065
1.48114705086, 1198860
1.4841799736, 1198562
1.48735189438, 1198165
1.50019001961, 1197928
1.86591601372, 1197515
1.86603593826, 1197294
1.8701980114, 1197040
1.87495303154, 1196364
1.87556791306, 1196299
1.87742495537, 1195956
8.20914006233, 1195946
8.21596908569, 1195741
8.21613788605, 1195324
9.77224802971, 1194234
10.8479380608, 1194173
10.8553240299, 1193533
10.8570799828, 1193391
10.8641819954, 1193137
14.4912340641, 1192647
19.4864480495, 1192633
19.5474820137, 1192497
24.1066470146, 1192199
25.0216619968, 1192168
25.8047330379, 1192134
25.9734370708, 1192082
30.1449699402, 1191967
