0.147808790207, 1237946
0.148335933685, 1237881
0.149048805237, 1237075
0.151865005493, 1234534
0.152162790298, 1233935
0.193230867386, 1224546
0.196286916733, 1219195
0.213431835175, 1217988
0.215498924255, 1217310
0.217788934708, 1217168
0.221439838409, 1216950
0.297179937363, 1215865
0.29734992981, 1214965
0.33532500267, 1213804
0.403734922409, 1213723
0.666858911514, 1212935
0.678514003754, 1212801
0.686482906342, 1212336
0.708523988724, 1212130
0.708764791489, 1210793
0.710520982742, 1210447
0.710963964462, 1209972
0.711084842682, 1207179
0.714696884155, 1204893
0.717336893082, 1204044
0.953977823257, 1201562
0.958910942078, 1201357
1.43785095215, 1201212
1.44313979149, 1200977
1.44322085381, 1200770
2.28155899048, 1200670
2.28374099731, 1200433
2.28702497482, 1200223
3.14970779419, 1198954
3.17021179199, 1196328
6.52690386772, 1196251
6.54195785522, 1196185
6.54867696762, 1195703
7.61360287666, 1195563
7.62426590919, 1195110
7.62727499008, 1194884
7.63860797882, 1194881
7.66672682762, 1193823
10.4212548733, 1193696
11.7485527992, 1193330
15.2794489861, 1193312
15.6293969154, 1193258
17.5843617916, 1192932
17.75846982, 1192922
19.6808078289, 1192372
19.8702619076, 1192100
19.9523890018, 1192023
22.9872469902, 1192018
25.3305017948, 1191907
