7.9235188961, 1241397
7.92840695381, 1233834
7.93140506744, 1233628
7.93186497688, 1229290
8.61961483955, 1228855
8.62007498741, 1228673
8.65012097359, 1225540
8.65175199509, 1225357
8.65912485123, 1224426
8.67212700844, 1220183
12.5523848534, 1219774
12.5525078773, 1218129
12.5537610054, 1218075
12.5540690422, 1217215
12.5548219681, 1217158
12.565500021, 1215939
12.5959458351, 1214372
12.5971739292, 1212353
16.6135320663, 1212208
16.6159038544, 1210833
17.36322999, 1210827
17.4076280594, 1209739
17.692262888, 1209082
18.2441840172, 1206975
18.2447040081, 1206632
20.7169120312, 1205660
20.7219510078, 1205362
20.726886034, 1204965
20.7271509171, 1204396
20.7295310497, 1202775
20.7299108505, 1201313
20.7358319759, 1201238
20.7359409332, 1197436
24.4655680656, 1195432
24.4658179283, 1195159
24.4666368961, 1194190
24.9170558453, 1192923
24.9232518673, 1192688
24.9233469963, 1192170
28.450535059, 1191557
28.4642779827, 1190769
28.4701089859, 1190109
28.4723649025, 1189168
28.7732319832, 1188455
28.7776398659, 1187815
28.7821848392, 1187265
29.7439630032, 1186763
29.7445409298, 1186671
29.7484118938, 1186343
29.7511730194, 1186292
29.7522749901, 1184823
29.8438649178, 1183647
31.7515819073, 1183472
31.764195919, 1182467
31.7642738819, 1181661
31.766561985, 1180367
37.2082569599, 1179917
37.2860178947, 1179909
37.2889108658, 1179273
37.2950849533, 1178167
37.8999898434, 1178104
37.9052078724, 1177581
43.1472198963, 1177121
44.4203350544, 1177068
44.4659669399, 1177013
44.467594862, 1176806
46.5694580078, 1176648
49.5701520443, 1176593
51.0734519958, 1176533
51.1014840603, 1176530
52.6155669689, 1176448
56.1679809093, 1176323
56.2844219208, 1176272
