0.114413976669, 1242126
0.119801044464, 1240219
0.121334075928, 1230226
0.127305030823, 1229338
0.152544975281, 1228888
0.158756017685, 1228082
0.158981084824, 1221964
0.391893148422, 1219908
0.47560095787, 1219815
0.475677013397, 1217312
0.630481958389, 1216362
0.630584955215, 1216301
0.634301185608, 1216213
0.981578111649, 1215775
1.24356102943, 1215712
1.24472999573, 1214827
1.24495816231, 1210613
1.36074209213, 1209958
1.37472105026, 1209361
1.37812805176, 1208629
1.37999796867, 1208174
1.38508415222, 1207549
1.38560509682, 1207531
1.39065098763, 1207092
1.39155006409, 1206117
1.42564201355, 1205654
1.43217396736, 1205454
1.43931818008, 1204276
1.55537605286, 1202604
1.55829310417, 1202462
1.58008408546, 1202121
2.19413900375, 1201214
2.19629311562, 1201183
2.26049208641, 1201049
2.26407814026, 1197184
2.26874804497, 1197119
2.26994109154, 1195748
2.27204108238, 1195388
2.27261304855, 1195108
2.29447412491, 1194264
2.29478812218, 1193136
2.29552912712, 1190633
2.29621911049, 1190139
2.82053017616, 1190017
2.83097910881, 1189400
2.83342909813, 1188847
2.83687496185, 1187669
2.87392497063, 1186351
2.87593698502, 1185293
2.89213204384, 1185008
2.89296102524, 1184113
2.89598011971, 1183652
2.89907717705, 1182533
4.65344905853, 1182210
5.73537111282, 1181994
5.74388504028, 1181516
5.74762916565, 1180789
5.77947306633, 1180279
5.78507208824, 1180109
5.78905916214, 1178249
5.78984117508, 1178134
5.80246496201, 1178075
5.81978416443, 1177795
13.7157850266, 1177485
13.7166700363, 1177280
13.7662160397, 1176951
17.7084369659, 1176539
26.76156497, 1176537
26.7923910618, 1176397
26.8136999607, 1176332
