0.0966939926147, 1243357
0.12758898735, 1238500
0.138519048691, 1238333
0.149718999863, 1222695
0.150387048721, 1222247
0.165088176727, 1218689
0.170799016953, 1215398
0.198819160461, 1212740
0.201173067093, 1211769
0.218789100647, 1208350
0.220880031586, 1208328
0.222058057785, 1207538
0.22249007225, 1207111
0.231084108353, 1205793
0.233188152313, 1205738
0.236166000366, 1205152
0.246530056, 1204639
0.249878168106, 1204458
0.250209093094, 1203623
0.251563072205, 1199356
0.276745080948, 1197778
0.278716087341, 1196492
0.280081033707, 1195893
0.282651185989, 1195028
0.282878160477, 1193807
0.28444814682, 1193511
0.284548044205, 1190721
0.286158084869, 1189469
0.286830186844, 1185230
0.287775039673, 1184424
0.327877998352, 1183833
2.91336107254, 1183428
2.92678904533, 1183092
2.92877411842, 1183088
3.7538561821, 1182965
3.75837612152, 1182887
3.7606420517, 1182745
3.76579117775, 1182448
4.49446606636, 1181862
4.95310521126, 1180636
4.96280908585, 1180357
4.97216510773, 1179175
6.12562918663, 1178854
9.87665200233, 1178826
9.90624499321, 1178793
11.4047231674, 1178372
12.1794791222, 1178363
12.9183311462, 1177798
13.4957151413, 1177782
13.5310540199, 1176735
19.2484211922, 1176443
19.3023350239, 1176392
23.9439740181, 1176353
24.9783492088, 1176327
27.2458779812, 1176267
27.2832701206, 1176202
27.3626232147, 1176151
