0.0875902175903, 1243215
8.72523808479, 1237663
9.0721681118, 1236146
9.22573900223, 1234238
9.22680306435, 1232951
10.1766040325, 1230999
10.1767191887, 1230550
10.8415191174, 1229199
10.9129462242, 1229097
10.9147160053, 1228321
10.9190630913, 1223953
10.9894890785, 1223051
10.9907710552, 1218071
12.5499939919, 1217118
12.551828146, 1216906
12.5532360077, 1214939
12.5553040504, 1213249
16.293061018, 1213062
16.2954881191, 1212877
16.3085222244, 1211123
17.5891489983, 1210429
17.6068971157, 1209374
18.75862813, 1207855
20.4248731136, 1206969
20.4250230789, 1206633
20.4284842014, 1204898
20.6972541809, 1204897
20.6985270977, 1203719
20.7803971767, 1203699
21.5088870525, 1203531
21.9177222252, 1202224
21.925219059, 1201995
21.9254350662, 1201466
21.925992012, 1200051
21.92663908, 1199608
23.5192642212, 1198596
25.3865530491, 1198363
25.3939311504, 1197851
25.3943691254, 1197675
25.3980760574, 1197351
25.4016392231, 1197133
25.4113271236, 1197084
25.6719281673, 1193061
25.6725530624, 1192583
28.2885801792, 1192152
29.9091210365, 1188567
29.909537077, 1187814
30.2437541485, 1187150
30.2447550297, 1186253
30.2466762066, 1185684
30.2632961273, 1184627
30.2686810493, 1182951
30.2701950073, 1181186
35.8486402035, 1180176
35.8538172245, 1179525
35.8686192036, 1179290
38.6361432076, 1178743
41.9606170654, 1177980
41.9610431194, 1177763
41.9855790138, 1177427
45.9618952274, 1177404
46.2107970715, 1177403
46.8180611134, 1177383
46.8276691437, 1177318
46.9092421532, 1177030
52.2758920193, 1176811
52.6960401535, 1176791
53.3354580402, 1176534
54.5045490265, 1176487
55.5641541481, 1176391
56.6113240719, 1176262
57.7360391617, 1176211
