13.1438689232, 1241737
13.1440639496, 1240527
13.154127121, 1236053
13.1552069187, 1234534
13.1594319344, 1233741
13.1635010242, 1229275
13.1752939224, 1229228
13.1814360619, 1227559
13.181483984, 1225018
13.1836500168, 1222662
13.1866760254, 1220101
13.6400690079, 1216132
14.176680088, 1213472
14.1799530983, 1209576
14.1821389198, 1209414
16.1031150818, 1206624
16.1348259449, 1206528
16.1445379257, 1204969
16.4500119686, 1204727
17.1346650124, 1204676
17.1354439259, 1203717
18.3227260113, 1201909
18.3248369694, 1201903
19.1813790798, 1198535
19.8847620487, 1198519
19.8866069317, 1197920
19.8954510689, 1196161
19.9290139675, 1195986
21.0975780487, 1193639
21.0976779461, 1192951
21.0981380939, 1192920
21.0986161232, 1192917
21.1004719734, 1192626
21.1135590076, 1192027
22.5490849018, 1190844
22.5549440384, 1190427
22.5566089153, 1187515
24.1729369164, 1187118
24.181636095, 1186777
25.6045229435, 1185909
25.6046600342, 1184729
25.607779026, 1183749
25.6115829945, 1183698
25.6178679466, 1182566
25.6201050282, 1181967
29.1737549305, 1181612
29.1744160652, 1180961
31.1198370457, 1180711
35.5512280464, 1180545
35.5535149574, 1180543
35.5538859367, 1179944
35.5567500591, 1179720
35.5584909916, 1179265
36.1922619343, 1179076
36.7772130966, 1178771
36.8488368988, 1178681
38.5027649403, 1178516
38.5265469551, 1178034
38.8595778942, 1177874
40.4871759415, 1177131
40.5036549568, 1176989
42.8916881084, 1176202
