7.43807196617, 1241355
7.43890285492, 1240790
7.4390039444, 1238080
7.43914079666, 1236371
7.43929982185, 1235163
7.44289183617, 1230409
7.46115899086, 1229055
11.3081037998, 1228627
11.309098959, 1228606
11.3146569729, 1224356
11.3154258728, 1220555
11.3155119419, 1219758
11.3162329197, 1219637
11.5639588833, 1219302
11.5644989014, 1216475
14.8490879536, 1215943
16.5851809978, 1215046
16.6022779942, 1214263
16.6037149429, 1211389
16.6083769798, 1210353
16.755179882, 1209877
16.7560138702, 1209722
16.9996919632, 1209414
16.9999768734, 1208793
17.0031709671, 1208138
17.1775507927, 1204297
17.1784119606, 1203782
17.1797177792, 1203255
17.1828818321, 1201816
21.5668668747, 1201494
22.1289348602, 1200841
22.1301839352, 1200821
22.1323049068, 1200616
22.1344709396, 1199328
22.1352229118, 1198034
23.80230093, 1197644
23.8029899597, 1197409
23.8043107986, 1197229
23.8613078594, 1196850
23.8614017963, 1196220
23.8638949394, 1194695
23.8763568401, 1194509
24.0096929073, 1193440
24.009747982, 1193331
26.4876499176, 1193281
26.492112875, 1193139
26.5150449276, 1193127
28.2586607933, 1192907
28.7359268665, 1192066
28.7373969555, 1191261
29.1189928055, 1190944
29.1206028461, 1190793
29.1221969128, 1190096
29.1227200031, 1189017
29.1566178799, 1188292
29.4230217934, 1187621
29.4248588085, 1187459
30.4170379639, 1187119
30.4176878929, 1187029
31.2842438221, 1186606
31.2904119492, 1186113
31.2938230038, 1185964
31.2956337929, 1185759
31.2971580029, 1185320
31.3018779755, 1184146
33.5349998474, 1183683
33.5600438118, 1183027
33.5659148693, 1182825
33.567707777, 1182545
33.5722558498, 1182541
33.5734388828, 1181988
33.5868558884, 1181040
33.5932919979, 1179934
40.2741048336, 1177488
40.2973468304, 1177158
51.9390239716, 1177065
53.3225409985, 1177018
53.6646018028, 1176810
55.1136348248, 1176795
55.1531248093, 1176773
55.1540279388, 1176568
55.172413826, 1176566
55.2116789818, 1176500
58.7157018185, 1176470
58.7455248833, 1176216
60.0786747932, 1176202
62.7452449799, 1176151
