0.139620065689, 1596171
0.140928030014, 1587931
0.141695976257, 1586320
0.203729867935, 1584323
0.276041984558, 1584054
0.294329881668, 1580991
0.337522029877, 1574852
0.338558912277, 1566612
0.339242935181, 1565001
0.377909898758, 1563004
0.435437917709, 1562735
0.447754859924, 1559672
0.580515861511, 1558001
0.693552970886, 1557183
1.7343890667, 1552672
10.2572879791, 1537527
10.258202076, 1529287
10.258854866, 1527676
10.2886788845, 1525679
10.3375279903, 1525410
10.3487899303, 1522347
10.4262528419, 1520676
10.5341110229, 1519858
11.2143740654, 1515347
