8.7997200489, 1239432
10.7583560944, 1239359
10.7590138912, 1238202
10.7595648766, 1229833
10.7601680756, 1227046
13.6231989861, 1225335
13.6234629154, 1217554
13.9233629704, 1217018
13.9241960049, 1214530
17.3746469021, 1212894
17.6120738983, 1212517
17.6153600216, 1211151
17.6157290936, 1207915
17.6158289909, 1206454
17.6186130047, 1203417
19.7522230148, 1202978
22.4622058868, 1201055
22.8386230469, 1199255
22.8396759033, 1198931
22.8403339386, 1198800
23.5556559563, 1196320
23.5639760494, 1196154
23.5668668747, 1195970
24.3483800888, 1195669
24.9084789753, 1195429
25.4021868706, 1195182
25.4032728672, 1194785
25.7135679722, 1194778
25.7150189877, 1194557
25.7152979374, 1191767
25.757199049, 1191150
25.7591490746, 1190688
25.7618279457, 1186305
25.7636258602, 1185855
25.7648968697, 1185533
25.767441988, 1185371
25.7683179379, 1185224
25.7721629143, 1184740
25.7743370533, 1184476
30.5621860027, 1184084
31.0102200508, 1183862
32.950373888, 1182807
33.3034420013, 1182741
33.3548009396, 1182532
33.6478750706, 1182105
33.6572289467, 1181874
37.4427900314, 1181502
37.4476590157, 1181350
37.4575638771, 1181285
37.4641280174, 1180201
37.4661149979, 1179539
37.4900739193, 1178996
37.4904670715, 1178844
37.5673100948, 1178174
43.5531759262, 1177758
43.5780279636, 1177361
43.5853979588, 1176832
51.029640913, 1176774
52.0934979916, 1176737
52.5084719658, 1176647
52.5404760838, 1176532
52.6553740501, 1176465
54.2935590744, 1176426
54.3038260937, 1176216
55.5033340454, 1176202
