7.66174006462, 1239432
9.43822193146, 1239359
9.43867397308, 1238202
9.43909192085, 1229833
9.43950295448, 1227046
12.0426630974, 1225335
12.0429201126, 1217554
12.3121008873, 1217018
12.3127229214, 1214530
15.5035688877, 1212894
15.7311570644, 1212517
15.7349350452, 1211151
15.7353179455, 1207915
15.7354230881, 1206454
15.7383298874, 1203417
17.7143518925, 1202978
20.2305219173, 1201055
20.5887019634, 1199255
20.5897750854, 1198931
20.5906438828, 1198800
21.2170100212, 1196320
21.2259190083, 1196154
21.229667902, 1195970
21.9612510204, 1195669
22.4735438824, 1195429
22.9219899178, 1195182
22.9227809906, 1194785
23.1988279819, 1194778
23.2001481056, 1194557
23.2004048824, 1191767
23.2300701141, 1191150
23.2312550545, 1190688
23.2334449291, 1186305
23.234899044, 1185855
23.2358579636, 1185533
23.2381620407, 1185371
23.2388970852, 1185224
23.2425210476, 1184740
23.2438509464, 1184476
27.6741070747, 1184084
28.0823130608, 1183862
29.8210608959, 1182807
30.136111021, 1182741
30.1764080524, 1182532
30.4483370781, 1182105
30.4550120831, 1181874
33.8104140759, 1181502
33.8142940998, 1181350
33.8217189312, 1181285
33.8276669979, 1180201
33.8294579983, 1179539
33.8517260551, 1178996
33.8520600796, 1178844
33.928137064, 1178174
39.4357380867, 1177758
39.4566230774, 1177361
39.4608809948, 1176832
46.2832350731, 1176774
47.2738111019, 1176737
47.6565980911, 1176647
47.6852059364, 1176532
47.7895181179, 1176465
49.302218914, 1176426
49.3107891083, 1176216
50.4079051018, 1176202
