11.1168420315, 1239472
11.1184802055, 1237726
11.1212232113, 1237468
11.1218481064, 1235042
11.1383500099, 1234596
11.1519720554, 1234389
11.1520340443, 1234348
12.1352272034, 1233285
12.4190561771, 1226811
12.5703310966, 1226779
12.572920084, 1224966
12.573579073, 1224804
12.5745811462, 1223464
12.5793662071, 1222921
12.5793960094, 1218980
12.5801110268, 1218899
12.8915650845, 1217540
15.386038065, 1216721
17.2562429905, 1213048
17.3276240826, 1212160
17.3283700943, 1212094
17.3298311234, 1207623
17.5118730068, 1207265
17.5656080246, 1206524
17.569396019, 1203134
21.8996050358, 1202770
24.528290987, 1202600
24.5682780743, 1200514
24.6249921322, 1199007
24.6311440468, 1196979
24.663408041, 1196043
24.6648950577, 1195491
24.6674060822, 1194301
24.6676430702, 1193859
24.6678831577, 1193732
24.6686990261, 1192654
27.6979761124, 1192570
27.7026011944, 1192367
27.7083749771, 1191766
27.717258215, 1189641
27.7984302044, 1189168
29.9072949886, 1188990
29.9100391865, 1188886
32.1458480358, 1188775
33.2890090942, 1188482
33.8307490349, 1187816
33.8784310818, 1187239
33.8979651928, 1187006
33.9075009823, 1184299
36.3406531811, 1182883
36.3408191204, 1182699
36.3414421082, 1182208
38.8133211136, 1181488
39.2129290104, 1180650
39.2139980793, 1180462
39.2319481373, 1179794
39.2531201839, 1179158
39.6913051605, 1179135
39.7040541172, 1178993
39.7049381733, 1178788
39.753275156, 1178278
41.8255941868, 1177916
44.9391419888, 1177872
48.0515241623, 1177143
50.4093661308, 1176986
51.1109030247, 1176946
51.1121320724, 1176539
56.6873161793, 1176447
59.1017580032, 1176414
60.0259110928, 1176337
60.0336441994, 1176272
