6.67512488365, 1241397
6.67939090729, 1233834
6.68194580078, 1233628
6.68228077888, 1229290
7.31677293777, 1228855
7.31723284721, 1228673
7.34426593781, 1225540
7.34579277039, 1225357
7.35285496712, 1224426
7.3671708107, 1220183
10.9020459652, 1219774
10.9021449089, 1218129
10.9032988548, 1218075
10.9035899639, 1217215
10.9043138027, 1217158
10.9124128819, 1215939
10.9427039623, 1214372
10.9435448647, 1212353
14.4716649055, 1212208
14.4740798473, 1210833
15.1920588017, 1210827
15.2358469963, 1209739
15.5070579052, 1209082
16.0193059444, 1206975
16.0199418068, 1206632
18.4034528732, 1205660
18.4083998203, 1205362
18.4134998322, 1204965
18.4137468338, 1204396
18.4161159992, 1202775
18.4164938927, 1201313
18.4222528934, 1201238
18.4223527908, 1197436
22.0212919712, 1195432
22.0215349197, 1195159
22.0223488808, 1194190
22.4567558765, 1192923
22.4633147717, 1192688
22.4634208679, 1192170
25.8543188572, 1191557
25.8673958778, 1190769
25.8725299835, 1190109
25.8747448921, 1189168
26.1533088684, 1188455
26.1577208042, 1187815
26.1609168053, 1187265
27.0596618652, 1186763
27.0602259636, 1186671
27.0638217926, 1186343
27.0664777756, 1186292
27.0675368309, 1184823
27.1589188576, 1183647
28.9729249477, 1183472
28.9852528572, 1182467
28.9853248596, 1181661
28.9875547886, 1180367
33.9869229794, 1179917
34.0595228672, 1179909
34.0627589226, 1179273
34.0693638325, 1178167
34.6446118355, 1178104
34.649116993, 1177581
39.7249698639, 1177121
40.9312977791, 1177068
40.9768979549, 1177013
40.9785218239, 1176806
43.023624897, 1176648
45.9078519344, 1176593
47.4111118317, 1176533
47.4376049042, 1176530
48.9090178013, 1176448
52.1786379814, 1176323
52.2859048843, 1176272
