0.111602067947, 1237713
0.112149000168, 1237434
0.118938207626, 1232713
0.122788190842, 1231945
0.124011993408, 1231633
0.167877197266, 1230773
0.21188211441, 1230643
0.213295221329, 1230043
0.319933176041, 1228624
0.320462226868, 1228408
0.323767185211, 1227919
0.332633018494, 1227858
0.337574005127, 1226102
0.339000225067, 1225497
0.623254060745, 1224605
1.24178099632, 1223511
1.27991318703, 1222789
1.28030800819, 1222572
1.29582118988, 1220606
1.29659509659, 1220451
1.31542515755, 1217728
1.32900309563, 1217378
1.48655819893, 1217234
1.48724222183, 1216191
1.48918104172, 1216144
1.49172616005, 1213107
2.98388504982, 1212658
3.54170918465, 1212124
4.43508005142, 1210322
4.43745112419, 1210101
5.05003905296, 1209677
5.05098414421, 1208168
5.18053221703, 1207304
5.18229413033, 1206221
5.18419909477, 1205633
5.18584799767, 1205114
5.1863360405, 1202928
5.19554400444, 1202786
5.19559311867, 1201278
5.19696807861, 1199486
5.19816112518, 1199090
5.20446610451, 1198932
5.47435712814, 1198870
5.47790908813, 1197764
5.4887881279, 1195261
8.53094100952, 1195159
9.48870420456, 1194732
13.1798701286, 1194557
13.1918489933, 1194491
13.2062180042, 1194248
13.2072281837, 1193951
13.2170732021, 1193763
14.2904820442, 1193233
20.7733530998, 1193176
22.4089951515, 1193014
22.4123771191, 1192963
22.5440421104, 1192798
24.5413250923, 1192554
24.5461361408, 1192344
24.5543041229, 1192293
25.8564791679, 1192204
35.5113251209, 1192153
38.090337038, 1192088
