0.10719704628, 1242591
5.56412887573, 1240788
5.56490492821, 1238590
9.08851408958, 1236812
9.09108400345, 1236005
9.09270191193, 1235628
9.10813188553, 1232229
9.10908389091, 1231852
9.10934305191, 1231253
9.10974597931, 1230786
9.1113049984, 1229254
12.9523169994, 1228150
13.4432039261, 1227879
14.1778209209, 1225243
14.1786689758, 1224466
14.1787040234, 1223601
14.1832110882, 1223202
14.1837940216, 1222396
15.6318159103, 1221920
15.6375520229, 1221259
17.4948310852, 1219739
18.11409688, 1218990
18.8102910519, 1216122
18.8103940487, 1216057
18.8120000362, 1213481
18.8163430691, 1211556
18.8167500496, 1211481
18.8208639622, 1210905
19.5651259422, 1210075
19.5676078796, 1209494
19.5733139515, 1209120
19.5753610134, 1208148
22.0949890614, 1207647
22.0955588818, 1207217
22.2100598812, 1205457
22.299890995, 1203977
22.8691990376, 1201219
24.0917670727, 1199822
24.0922150612, 1198866
24.0986208916, 1198341
24.9165608883, 1197331
25.346711874, 1196572
25.3512189388, 1196018
28.6802489758, 1195869
28.6828410625, 1194981
28.9488739967, 1194332
28.9515659809, 1193925
28.9531369209, 1193396
28.9543960094, 1193147
28.954985857, 1191457
28.9635639191, 1191318
28.9694759846, 1190980
28.9712240696, 1190770
28.9744429588, 1190590
29.0044028759, 1188700
32.4764809608, 1188375
32.477686882, 1187634
32.4804389477, 1187363
32.5002520084, 1185497
32.5054819584, 1185495
32.508867979, 1183642
36.4882159233, 1183225
36.4983198643, 1183200
40.4284009933, 1182940
40.4402239323, 1182632
40.4504239559, 1182330
42.7675549984, 1182117
42.8150289059, 1181729
42.8157439232, 1181725
42.8193290234, 1181508
42.8205230236, 1181398
42.8228359222, 1180762
42.8320510387, 1180741
42.9084649086, 1180046
45.3172230721, 1179662
45.8450260162, 1179240
45.9487800598, 1178573
45.955108881, 1178372
47.7303738594, 1178153
49.0123829842, 1177339
49.0152709484, 1177104
49.0248329639, 1176830
49.0254449844, 1176765
59.7136480808, 1176744
59.7308280468, 1176619
59.7339498997, 1176554
59.9179279804, 1176409
59.9204139709, 1176358
60.0537889004, 1176327
62.5397200584, 1176262
64.7131369114, 1176211
