7.23803806305, 1241355
7.23871517181, 1240790
7.23879599571, 1238080
7.23890709877, 1236371
7.23903512955, 1235163
7.24244618416, 1230409
7.2597091198, 1229055
10.9673390388, 1228627
10.9683339596, 1228606
10.9738650322, 1224356
10.9746060371, 1220555
10.9746911526, 1219758
10.9753661156, 1219637
11.2165310383, 1219302
11.217040062, 1216475
14.3827681541, 1215943
16.0688049793, 1215046
16.0824069977, 1214263
16.0831301212, 1211389
16.0881800652, 1210353
16.2363941669, 1209877
16.2371401787, 1209722
16.4815170765, 1209414
16.4817531109, 1208793
16.4843931198, 1208138
16.6549170017, 1204297
16.6556451321, 1203782
16.6567351818, 1203255
16.6600079536, 1201816
20.650042057, 1201494
21.1681160927, 1200841
21.1692049503, 1200821
21.171074152, 1200616
21.1730890274, 1199328
21.17395401, 1198034
22.7705919743, 1197644
22.7712640762, 1197409
22.7724809647, 1197229
22.8226671219, 1196850
22.8227460384, 1196220
22.8257789612, 1194695
22.8395380974, 1194509
22.9718141556, 1193440
22.9718630314, 1193331
25.3771569729, 1193281
25.3813531399, 1193139
25.4012801647, 1193127
27.0788011551, 1192907
27.5249631405, 1192066
27.5266189575, 1191261
27.9049680233, 1190944
27.9067080021, 1190793
27.9081549644, 1190096
27.9085559845, 1189017
27.9429140091, 1188292
28.1995360851, 1187621
28.2014429569, 1187459
29.1737990379, 1187119
29.1749839783, 1187029
30.0168471336, 1186606
30.0237951279, 1186113
30.0275671482, 1185964
30.0293240547, 1185759
30.0307881832, 1185320
30.0349550247, 1184146
32.2254750729, 1183683
32.2498140335, 1183027
32.2557501793, 1182825
32.2579231262, 1182545
32.2626531124, 1182541
32.2639319897, 1181988
32.2779459953, 1181040
32.2845301628, 1179934
38.5797829628, 1177488
38.6057109833, 1177158
49.8033239841, 1177065
51.1659600735, 1177018
51.5021631718, 1176810
52.9350111485, 1176795
52.9780371189, 1176773
52.9790511131, 1176568
52.9986121655, 1176566
53.0401890278, 1176500
56.3931801319, 1176470
56.420222044, 1176216
57.6376280785, 1176202
