0.0909190177917, 1243357
10.4972350597, 1242882
10.499920845, 1242106
10.5012459755, 1240306
10.5029199123, 1240209
10.5072209835, 1239786
10.5103499889, 1239127
10.5116000175, 1238473
10.7240328789, 1230788
10.7242269516, 1230693
11.0835359097, 1226055
11.0890450478, 1225960
11.0904588699, 1225217
12.3379209042, 1222373
12.3394858837, 1221228
15.9276249409, 1215789
15.9297690392, 1215337
15.93719697, 1212109
15.9373509884, 1209683
15.9414758682, 1208113
15.9490859509, 1207660
15.95023489, 1206926
15.989882946, 1203940
15.990696907, 1203311
15.9909689426, 1202998
20.4599928856, 1201602
20.4621329308, 1198807
20.4658019543, 1198604
20.4680728912, 1198429
20.4704110622, 1196672
21.2668728828, 1195109
21.2685899734, 1194627
23.1498188972, 1193691
23.1884260178, 1193380
23.1886198521, 1192974
23.1907699108, 1192792
24.3822610378, 1190922
24.3992888927, 1190815
26.6320948601, 1190089
26.6437549591, 1190067
26.7489318848, 1190023
26.7544980049, 1189232
27.5501608849, 1189161
27.5549709797, 1188818
27.5560219288, 1187967
27.7842998505, 1187940
27.7856888771, 1187644
29.7810080051, 1187235
29.7913188934, 1186931
29.7985038757, 1186332
29.8143930435, 1185354
29.819642067, 1185056
29.8269090652, 1185051
31.5862770081, 1184535
31.5870249271, 1183966
31.9324450493, 1183319
31.9336419106, 1182720
32.0991919041, 1182345
32.9528238773, 1181575
32.9767839909, 1181569
32.9810400009, 1181343
33.7715449333, 1181236
33.7767660618, 1181018
34.3411588669, 1180862
34.3414869308, 1180364
34.3418970108, 1180286
34.3600919247, 1180279
39.7119400501, 1180175
40.8812160492, 1178774
40.8822438717, 1178709
40.9192018509, 1178696
42.3398849964, 1178571
42.3667809963, 1178364
43.6092710495, 1178359
45.3759970665, 1178191
45.4495940208, 1178114
45.8287069798, 1177961
47.070458889, 1177949
48.0711259842, 1177908
48.0891439915, 1177683
48.1657979488, 1177527
48.1671259403, 1177065
48.7543709278, 1176848
48.7550358772, 1176783
48.7866778374, 1176641
52.6937739849, 1176456
52.7298278809, 1176405
53.381207943, 1176358
53.3856110573, 1176151
