6.47735619545, 1240044
8.84841704369, 1236654
9.86732602119, 1236415
9.86926317215, 1234422
10.8133602142, 1232710
10.8184521198, 1231133
11.3929431438, 1229311
11.4223592281, 1228280
11.4351830482, 1228170
12.8711462021, 1225710
12.8901200294, 1217655
12.891190052, 1217528
12.8938250542, 1215254
12.8943881989, 1213381
12.9256842136, 1211898
12.9270100594, 1210775
14.5475051403, 1207638
16.4480261803, 1207272
16.4504871368, 1202204
16.4551651478, 1199868
16.4596571922, 1197355
16.468403101, 1195795
23.26684618, 1195586
23.2683432102, 1194924
23.2871351242, 1194693
23.2873392105, 1194254
23.2892501354, 1194001
23.2904450893, 1192907
23.293279171, 1192161
23.2995421886, 1189674
24.9325010777, 1187649
24.9344902039, 1186569
29.974627018, 1186238
30.495937109, 1185470
30.5002570152, 1185134
30.5145900249, 1183870
30.5181210041, 1183271
30.5215401649, 1183267
32.3583869934, 1183047
32.7323620319, 1181668
32.7420020103, 1181061
36.2095170021, 1180481
36.2405412197, 1180096
36.2451901436, 1179891
37.6584880352, 1178925
37.6646981239, 1178752
37.6662402153, 1178748
37.6747112274, 1178731
37.9565360546, 1177618
37.9581651688, 1177553
46.236451149, 1177498
48.2840530872, 1177385
48.2874591351, 1177320
48.3157939911, 1177248
48.3161292076, 1176719
48.3205142021, 1176604
48.652941227, 1176532
48.8486301899, 1176531
55.3237822056, 1176416
