0.0913171768188, 1231178
7.99614500999, 1229535
7.99730300903, 1228331
7.99765610695, 1226621
7.99807405472, 1224404
12.9531810284, 1223275
12.9563930035, 1221627
13.1598520279, 1217152
13.1599361897, 1215844
13.9613380432, 1212737
13.9668810368, 1211672
15.2444632053, 1211251
17.9763350487, 1210109
17.9770841599, 1209226
17.977435112, 1209021
18.0843691826, 1206025
18.0868561268, 1205328
19.9167380333, 1204177
19.9451031685, 1204054
20.0780761242, 1200831
20.0791890621, 1200695
21.289960146, 1199376
21.2943282127, 1196832
22.398802042, 1195595
23.0729911327, 1195042
23.0759470463, 1195039
23.0877630711, 1194804
23.1265389919, 1194736
23.126896143, 1193046
23.1540021896, 1192943
24.3297171593, 1190359
24.3416631222, 1190292
24.3435680866, 1188582
24.4162330627, 1188302
24.4163160324, 1187278
24.4173049927, 1185987
24.4188029766, 1185181
24.4320571423, 1185175
24.4353711605, 1184610
29.4156820774, 1184088
29.4264531136, 1184042
29.4267680645, 1183476
29.4278051853, 1183179
29.4891881943, 1182859
29.4920990467, 1181336
29.5008120537, 1180941
29.5041630268, 1180527
33.8084430695, 1180280
33.8122601509, 1180276
33.8261651993, 1180023
34.1869421005, 1179516
35.4219369888, 1179514
35.4265811443, 1178629
38.0345721245, 1178451
38.3560299873, 1178442
38.3574750423, 1178260
40.7911560535, 1177840
44.5267150402, 1177833
45.5328900814, 1177653
45.5465271473, 1177428
45.5500171185, 1177317
45.801970005, 1177161
45.8117489815, 1177046
47.9965760708, 1176962
48.0408890247, 1176648
49.8343331814, 1176612
49.8410019875, 1176358
52.7524180412, 1176327
52.7693932056, 1176262
61.967867136, 1176211
