0.0894520282745, 1243133
0.0916628837585, 1242222
0.0922758579254, 1232377
0.0924048423767, 1231699
0.105385065079, 1231450
0.106888055801, 1231240
0.107972860336, 1231098
0.118453979492, 1230142
0.137171983719, 1214861
0.144428014755, 1213144
0.149093866348, 1211983
0.149711847305, 1211433
0.154219865799, 1210627
0.15431189537, 1208757
0.256618976593, 1208401
0.258739948273, 1207115
0.258802890778, 1206150
0.261730909348, 1205841
0.290260076523, 1204433
0.304703950882, 1204094
0.30694103241, 1202236
0.317968845367, 1201887
0.318793058395, 1201739
0.319126844406, 1201458
0.31938791275, 1201269
0.319650888443, 1201096
0.329056024551, 1198591
0.32990193367, 1197952
0.336704969406, 1197723
0.33878493309, 1196332
0.345692873001, 1196288
0.352782011032, 1194996
0.355494976044, 1193356
0.528357028961, 1190069
0.694932937622, 1186272
0.697993040085, 1185582
0.698113918304, 1184868
0.701261997223, 1184418
0.701323986053, 1184333
3.93865084648, 1183985
4.0204808712, 1183888
4.10652303696, 1182653
4.11350107193, 1181431
4.15705084801, 1180930
4.30959105492, 1180649
4.31587290764, 1180315
4.33428096771, 1180030
6.69789505005, 1179697
6.70901989937, 1179199
6.7131049633, 1179057
6.7205748558, 1178926
8.54279494286, 1178741
10.9610929489, 1178536
11.1951508522, 1178137
13.7440350056, 1178089
14.3143839836, 1177920
14.6831140518, 1177648
15.0706238747, 1177469
16.106621027, 1177421
16.6564898491, 1177217
16.6649169922, 1176810
18.3509469032, 1176751
18.3649909496, 1176544
20.6149339676, 1176519
20.6877539158, 1176469
20.6933710575, 1176327
25.0482120514, 1176211
33.346932888, 1176151
