0.0861630439758, 1243205
0.0862948894501, 1239205
0.100497961044, 1235525
0.104172945023, 1234408
0.108366012573, 1230987
0.12196803093, 1230374
0.134089946747, 1229800
0.135739088058, 1229778
0.206171989441, 1229732
0.210095882416, 1229465
0.235169887543, 1228674
0.281332969666, 1228630
0.307976961136, 1228543
0.341286897659, 1227192
0.34721493721, 1226121
0.392489910126, 1225174
0.566905021667, 1224898
0.679291963577, 1215389
0.724092960358, 1215000
0.72888302803, 1213725
0.759110927582, 1213587
0.762078046799, 1211540
0.781168937683, 1208874
0.783734083176, 1207597
0.793443918228, 1205708
0.823393106461, 1205232
0.853694915771, 1204893
0.858295917511, 1204607
0.952168941498, 1203840
0.959347009659, 1203836
0.963572978973, 1202890
0.963871002197, 1202682
0.981939077377, 1202677
0.984039068222, 1202356
0.987479925156, 1202058
0.988607883453, 1201950
0.989423036575, 1200948
0.989832878113, 1200095
0.990212917328, 1199913
0.991817951202, 1199847
1.0493710041, 1199778
1.06269192696, 1199096
1.19008088112, 1198594
1.19133400917, 1198580
1.19175410271, 1198457
1.28427290916, 1197183
1.43523406982, 1196260
5.69906401634, 1195949
5.70003700256, 1195946
5.70024800301, 1195739
5.89142107964, 1195531
5.89391994476, 1195258
5.89688205719, 1194689
7.68268990517, 1192498
7.6898920536, 1192307
7.71708488464, 1191426
7.71717905998, 1190993
7.73181009293, 1190639
7.73344993591, 1189901
7.73632407188, 1189439
7.74336910248, 1188154
7.89666795731, 1187666
7.89720988274, 1187270
7.8986120224, 1186164
7.9137980938, 1186041
7.913834095, 1185698
7.91388297081, 1185522
7.91782593727, 1185077
7.91846203804, 1184935
7.91964507103, 1184813
7.92685294151, 1184135
8.03698205948, 1183969
8.03971099854, 1183916
8.04030299187, 1183740
8.09433603287, 1183085
8.29672789574, 1182017
8.41347908974, 1181440
8.43751597404, 1181417
8.44406199455, 1181413
8.44788503647, 1180861
8.45602107048, 1180533
8.45998501778, 1180196
8.46329593658, 1179800
9.82637500763, 1179799
9.88680410385, 1179743
9.88830208778, 1179428
9.95925307274, 1179240
10.6723608971, 1178755
11.5087809563, 1178372
11.512665987, 1178230
15.3478798866, 1178187
15.355271101, 1177990
17.8249819279, 1177801
17.8535010815, 1177585
17.8613090515, 1176700
17.9114871025, 1176644
17.9173800945, 1176409
25.6725208759, 1176276
31.8028578758, 1176262
35.3597350121, 1176202
36.4494879246, 1176151
