6.21493506432, 1243081
6.21650195122, 1237236
6.98388290405, 1236220
6.98449802399, 1236205
9.99796795845, 1233694
9.9985730648, 1232576
9.99992704391, 1231709
10.0127580166, 1230106
10.0130858421, 1230037
11.3727869987, 1225870
11.5895688534, 1224283
11.5908789635, 1222430
11.9147069454, 1221707
11.9173219204, 1221583
11.9179718494, 1220590
11.9199640751, 1218245
14.4459428787, 1217325
14.4470529556, 1216726
14.4482400417, 1216627
14.4534430504, 1216397
14.453674078, 1215753
14.4556219578, 1215621
15.2287569046, 1213705
15.2302639484, 1213591
15.8896849155, 1212981
15.8901669979, 1212809
15.8962068558, 1210190
16.0618538857, 1209167
16.0625100136, 1208705
16.0632488728, 1207752
17.0865139961, 1206482
18.5383560658, 1205258
18.5387909412, 1205189
18.5393269062, 1202876
18.543184042, 1201746
18.5454170704, 1201591
19.9013879299, 1200842
19.9014189243, 1199797
19.901679039, 1198538
19.90209198, 1197689
19.9030940533, 1197186
19.9069869518, 1197048
19.9090380669, 1197011
19.9090819359, 1196533
19.9099140167, 1195701
25.3809669018, 1190342
25.386398077, 1189683
27.6691038609, 1188743
27.6748790741, 1188740
27.6753489971, 1187562
28.2773709297, 1186840
28.2842628956, 1186126
30.934994936, 1185440
31.0061290264, 1183872
31.0094809532, 1183690
31.0100848675, 1183580
31.0478670597, 1183388
32.0825269222, 1183325
32.0890119076, 1183150
33.5007898808, 1182420
33.5017440319, 1181464
33.5276169777, 1181273
35.415719986, 1181213
35.5956020355, 1180976
35.6102108955, 1180425
35.6458499432, 1180019
35.6491448879, 1179812
36.684347868, 1179713
37.9509949684, 1179556
40.8625900745, 1178899
41.3514769077, 1178810
41.3664579391, 1177854
41.4185628891, 1177791
44.3549089432, 1177390
44.3614108562, 1177136
44.3803539276, 1177133
44.3808059692, 1176926
49.9221608639, 1176873
49.9900598526, 1176733
51.4828009605, 1176539
52.0958819389, 1176526
57.2063879967, 1176397
57.2355649471, 1176332
