38.0391271114, 154714
38.7023611069, 154145
38.7030730247, 154035
39.5010211468, 153175
39.5020959377, 152333
39.9044489861, 151938
39.9048650265, 151412
40.2772760391, 151393
40.2853491306, 151341
40.2996840477, 151235
40.3023519516, 150767
40.3033339977, 149875
40.3035581112, 149657
40.3049960136, 149060
40.3056621552, 148629
40.3062911034, 148092
40.3140470982, 147806
40.314273119, 147766
40.3143539429, 146758
40.315374136, 146334
40.315787077, 145941
40.5220379829, 145754
41.7504799366, 145711
41.7526221275, 144826
41.7563481331, 144700
41.7587070465, 144502
44.5683560371, 144392
44.6150820255, 144116
44.617413044, 143618
44.6330010891, 143315
44.6385321617, 142708
44.6388511658, 141821
44.6627099514, 141498
45.5580041409, 141053
46.5253520012, 140934
46.5257210732, 140541
46.5278670788, 140517
46.5311429501, 140492
46.5357470512, 140202
46.5369589329, 140162
46.5421700478, 140149
46.5562779903, 139761
46.5634460449, 138809
46.5729949474, 138367
46.6192770004, 138253
46.6222300529, 138218
46.6231901646, 137972
48.7007739544, 137756
48.7024540901, 137473
48.7084629536, 137331
48.7686979771, 137283
48.7740869522, 137254
49.4687290192, 136658
49.488959074, 136283
49.4900259972, 136266
52.288572073, 135674
52.2913501263, 135570
52.302726984, 135501
52.3068170547, 135182
52.3130409718, 134937
53.236866951, 134628
53.2755360603, 134493
57.1622340679, 134486
58.341504097, 134480
58.3505561352, 134352
58.3591239452, 133945
58.3647990227, 133928
58.8646790981, 133831
