37.0972540379, 154098
37.0975251198, 153515
37.0991969109, 153129
37.0994069576, 152948
39.1568439007, 152907
39.1572570801, 151167
39.2542009354, 150681
39.261245966, 149663
39.2628130913, 149289
39.2691578865, 149165
40.3874289989, 149141
40.3892381191, 148566
40.3931229115, 148565
40.3976008892, 148103
40.3977169991, 147439
40.399435997, 147107
40.4019598961, 146680
40.4036040306, 146281
40.4089250565, 146247
40.42436409, 145478
40.4461519718, 145248
40.44647789, 145202
40.448348999, 144965
40.449297905, 144434
40.4502420425, 143225
40.4536619186, 142866
44.0337820053, 142684
45.311989069, 142619
45.3246359825, 142521
45.3256309032, 142315
45.3569459915, 141775
45.3598070145, 141534
46.2810049057, 141001
46.281881094, 140671
46.2895340919, 140507
46.2940330505, 140323
46.295924902, 139644
46.3007359505, 139245
46.8448290825, 139015
47.4182839394, 138986
47.4194190502, 138883
47.4241819382, 138716
47.4277989864, 138699
47.596282959, 138693
47.7887060642, 138648
47.854598999, 138232
47.870839119, 138058
47.8728580475, 138003
47.8799180984, 137826
47.8802781105, 137548
47.8818569183, 137268
52.4582049847, 137012
52.5623519421, 136918
52.5880401134, 136903
52.6006410122, 136471
53.6402719021, 136353
55.9644570351, 136304
55.9769759178, 136061
55.9850740433, 135958
56.0067470074, 135889
56.0132529736, 135733
57.2231559753, 135667
58.3952720165, 135592
