38.9847509861, 154027
38.984801054, 152375
38.9853990078, 152280
42.0529139042, 152090
42.0542759895, 151689
42.0572030544, 151262
43.1722269058, 150400
43.1744771004, 150309
43.1761460304, 149815
43.8546309471, 149633
43.8817539215, 149493
44.3269929886, 149388
44.3494930267, 149043
44.3512380123, 149018
44.3543291092, 147754
44.3563199043, 147243
44.3608219624, 146850
44.7727570534, 146562
45.2358129025, 146336
45.3306889534, 146301
45.3319001198, 146212
45.3331010342, 145860
45.3344769478, 143120
45.3359050751, 142288
47.4756178856, 141230
47.6684350967, 141094
47.674339056, 140242
47.6747210026, 139711
47.736921072, 139524
50.0064220428, 138999
50.0161778927, 138804
50.0184988976, 138599
50.436537981, 138455
50.4415309429, 138118
50.441822052, 137915
50.4445030689, 137577
50.4555780888, 137497
50.4566349983, 136774
50.4575989246, 136447
50.4629499912, 136440
50.4695770741, 135806
50.4750020504, 135753
50.4858789444, 135642
55.9863901138, 135392
55.9899730682, 134855
56.4743309021, 134739
56.4832599163, 134403
58.2648649216, 134118
58.2715990543, 133789
59.0869829655, 133664
59.0955140591, 133536
59.1649389267, 133344
