40.6919851303, 155302
40.6929831505, 154607
40.6936070919, 152895
40.6951830387, 152594
41.2955100536, 152221
41.5110001564, 152046
41.9747550488, 152044
41.9752039909, 151703
41.9783341885, 150844
41.9788880348, 150483
43.8489801884, 149621
43.8533740044, 148977
43.856262207, 148833
45.0905621052, 148734
45.0928380489, 148476
45.0930349827, 147874
45.0998899937, 147756
45.1027400494, 146908
45.1125841141, 146639
45.1143271923, 146619
45.132420063, 146503
45.9319090843, 146335
46.1262750626, 146332
46.1263911724, 146136
46.1333591938, 145946
46.1440651417, 145710
46.166380167, 145669
46.1674191952, 145655
47.3214080334, 144863
47.3262460232, 144493
47.3270452023, 144172
47.3296911716, 143948
47.4157581329, 143331
47.418184042, 143276
47.435803175, 143124
47.4486391544, 142879
47.4528861046, 142424
47.4531240463, 142249
47.4549531937, 141687
47.4568111897, 141583
47.7571730614, 141561
47.7677721977, 141427
48.3638300896, 141187
48.3639640808, 141137
48.4671440125, 140427
48.470085144, 140422
48.4829230309, 140102
48.485612154, 140000
48.5243279934, 139725
48.5277581215, 139260
48.5421421528, 138841
48.5549759865, 137898
48.5614440441, 137137
48.5924551487, 136838
50.8777141571, 136713
50.8783710003, 136710
51.0965511799, 136628
51.0981631279, 136444
53.3866331577, 135971
53.4991672039, 135898
53.5286881924, 135871
53.5317361355, 135447
53.5359179974, 135296
53.5393710136, 135025
55.8209149837, 134801
55.8276381493, 134759
57.0637981892, 134731
57.0972900391, 134678
57.0978860855, 134331
57.1005392075, 134192
57.1036250591, 134123
57.3581671715, 133891
57.3624269962, 133700
58.5125060081, 133586
58.5214881897, 133536
58.5430500507, 133310
58.5445501804, 133013
