40.0851390362, 154664
42.2369821072, 154278
42.2455761433, 153679
42.9222111702, 153355
42.9418990612, 153161
42.942620039, 152598
43.2335460186, 152494
43.2339861393, 152383
43.2346720695, 151816
43.2373321056, 151638
43.3050429821, 151525
43.3116590977, 151279
43.3118450642, 149464
43.3119020462, 149109
44.3316669464, 148758
44.333315134, 148678
44.3342680931, 148466
44.3350450993, 147889
44.3355071545, 147305
44.3383059502, 147079
44.3685991764, 146905
44.3719379902, 146465
45.4273440838, 146135
45.5077960491, 145845
45.555888176, 145133
46.604268074, 145019
46.6105370522, 144929
46.8124830723, 144004
48.3467099667, 143530
48.3475940228, 143480
48.3486161232, 143228
48.3500611782, 142943
48.3571550846, 142755
48.3601460457, 142529
48.3636131287, 141253
48.3651170731, 141147
48.3654170036, 140909
48.3682510853, 140906
48.3689510822, 140548
48.3713240623, 139985
48.3734960556, 139560
48.3796710968, 139533
51.5372071266, 139188
51.5391080379, 139133
51.5404551029, 138605
51.5419080257, 138581
51.5477070808, 138077
51.5497031212, 137284
52.3442111015, 137199
52.4835281372, 136946
52.5673010349, 136789
52.5745511055, 136297
52.6876170635, 136237
52.6878819466, 135903
54.2626850605, 135747
54.2630290985, 135594
54.2698459625, 135550
54.2706840038, 135481
54.282130003, 135342
54.5372800827, 135308
54.543694973, 135262
54.608451128, 135256
54.6091849804, 135085
59.3921689987, 134862
59.6562170982, 134176
