46.6274878979, 155111
46.6302659512, 153934
46.6344878674, 153792
46.6674308777, 153738
46.7366919518, 153417
46.7367818356, 153070
46.7376179695, 152964
46.7423868179, 152859
46.7425858974, 152262
46.74858284, 152254
46.7486820221, 152149
46.7489359379, 151704
46.7644989491, 151681
46.7658309937, 150523
48.6466808319, 149990
48.6483519077, 149728
48.649283886, 149412
48.6532919407, 148562
48.6538119316, 148378
48.6559028625, 147308
48.6575448513, 147139
48.6576089859, 146949
48.6580748558, 145629
48.6587328911, 145420
51.1710999012, 145300
51.1743779182, 144610
51.1750669479, 144347
51.1836810112, 143913
53.3843448162, 143769
53.4317429066, 143531
53.4495768547, 143515
53.8148779869, 143256
53.8834807873, 143012
53.897646904, 142816
53.9006090164, 142627
53.9012918472, 142496
53.9125609398, 141722
54.1369068623, 141328
54.1535568237, 141070
54.1945118904, 140680
54.1975619793, 140583
54.8398208618, 140051
54.8406898975, 139965
54.9312388897, 139808
54.9319579601, 138880
54.9350738525, 138428
55.9313178062, 138298
55.9329929352, 138128
55.9333260059, 138078
56.6067848206, 136839
56.8562119007, 136499
56.8593788147, 136360
56.962774992, 136294
