0.0759749412537, 155042
39.4848570824, 154913
39.8198609352, 154586
40.0996229649, 154257
40.1027081013, 154107
40.1032619476, 153703
40.1061160564, 153649
40.1068170071, 153466
40.1068339348, 153447
40.1153769493, 152943
40.1194341183, 152067
40.1196699142, 151499
40.1205890179, 151272
40.1209750175, 150838
40.1223959923, 150297
40.1248180866, 149526
40.1255381107, 149032
40.1334929466, 148952
40.1335780621, 148383
42.1866459846, 148175
42.1883630753, 147868
42.1909489632, 147721
43.1592619419, 147429
43.1612420082, 146156
44.8489639759, 145883
44.9415919781, 145251
44.9452040195, 144623
44.9481170177, 144535
44.948923111, 143943
44.9489989281, 142828
46.8520479202, 142652
46.8718121052, 142568
46.8729670048, 142280
47.2946829796, 142048
47.3023838997, 141279
47.305079937, 141262
47.3092689514, 140707
47.7779169083, 140705
47.7905759811, 140659
47.7944130898, 140212
48.8500390053, 140039
48.9744610786, 139425
48.9974300861, 139107
48.997836113, 139069
48.9980869293, 138701
51.5213339329, 138642
51.6095359325, 138636
51.6128969193, 138165
52.1882419586, 137927
52.1938970089, 137502
52.2070319653, 137495
52.208712101, 137442
52.2139151096, 136604
52.2175149918, 136258
53.4367549419, 135996
53.4704830647, 135951
53.4742779732, 135939
53.6435348988, 135771
55.6554200649, 135752
55.6635169983, 135499
55.6734280586, 135383
55.6767199039, 135189
55.6788458824, 134971
55.6931118965, 134882
55.8366780281, 134839
55.8533298969, 134499
55.9007570744, 134437
56.471394062, 134263
56.472192049, 134213
58.3651680946, 134165
58.4024400711, 134087
58.4047970772, 133869
58.4108099937, 133819
58.9490170479, 133626
59.9821441174, 133514
