41.2481307983, 155084
41.253412962, 155079
41.2537078857, 154762
42.1919949055, 154604
42.1941399574, 153801
42.1942129135, 152094
43.425470829, 151318
43.4258089066, 150249
43.4282097816, 150174
43.9718499184, 149182
43.9719238281, 147812
43.972550869, 147233
44.3343269825, 147147
44.3367419243, 146497
44.3547549248, 146473
44.6593129635, 146448
44.6595828533, 146375
44.6611449718, 146154
46.105178833, 146120
46.1081459522, 144702
46.3287069798, 144167
46.3301839828, 143497
46.3312590122, 143447
46.3319540024, 143372
47.3680520058, 142893
47.3694880009, 141385
47.3699579239, 140631
47.3710358143, 140077
50.2771008015, 139053
50.2772858143, 138801
50.2784469128, 138664
50.2794079781, 138543
50.2799549103, 138311
50.2806258202, 138126
50.3411870003, 137852
50.4403049946, 137762
50.7932898998, 137447
54.3540289402, 137412
54.6219940186, 137107
54.6246268749, 136876
54.6287009716, 136593
54.6535298824, 136566
54.8068618774, 135878
54.8144237995, 135497
54.8383719921, 135012
54.8801159859, 134930
54.8818938732, 134880
54.8909327984, 134549
55.1554927826, 134349
