39.5934698582, 155291
40.6576008797, 154940
40.6576349735, 154712
40.660378933, 154573
40.6727309227, 154378
40.6739289761, 154244
40.6778159142, 154009
40.6798558235, 153621
40.6902480125, 153571
40.6908318996, 153359
40.6915359497, 153191
40.6915938854, 152626
41.3037178516, 152125
42.2030329704, 151249
42.205010891, 151232
42.2051768303, 149212
42.3464457989, 149040
42.3470859528, 148973
42.3475828171, 148269
42.3533608913, 148198
42.3552799225, 147623
42.3651490211, 147022
43.0384199619, 147006
44.1217889786, 146688
44.1218559742, 146475
44.3907418251, 146447
44.3913068771, 146092
44.4353449345, 145906
44.4355649948, 145864
44.4435038567, 145385
44.4461548328, 144477
44.4484899044, 144465
44.4503188133, 143898
44.4522747993, 143517
44.4524049759, 142643
44.4590728283, 142285
45.5176599026, 142104
46.6211328506, 141505
46.6255989075, 140634
46.6286799908, 140371
46.6310949326, 140246
46.9279220104, 139682
47.770182848, 139548
47.7711617947, 139123
47.7758758068, 139090
47.7766048908, 139071
49.9239439964, 138805
49.9244139194, 138753
49.9244339466, 138564
50.1602928638, 138210
50.1766657829, 138138
50.1805388927, 137659
50.1833639145, 137496
50.1841249466, 137477
50.2398798466, 137321
50.2400798798, 137193
50.2430169582, 136334
50.2435059547, 136331
50.257819891, 136297
50.3282330036, 135892
51.5345718861, 135802
51.5869579315, 135668
51.6314888, 135653
51.6367609501, 135520
51.6465117931, 135440
51.7942538261, 135413
54.6631608009, 135377
54.6738510132, 135350
55.9889669418, 134761
57.0706739426, 134635
57.4421548843, 134167
57.442456007, 133941
57.5850548744, 133742
57.5956969261, 133661
57.9479548931, 133558
57.9653749466, 133496
58.1692018509, 133333
