40.4432528019, 155298
40.4440720081, 154631
40.4462277889, 153956
40.4492249489, 153337
40.4495868683, 153057
42.2744238377, 153033
42.2752008438, 152839
42.2775437832, 152290
42.2780249119, 151387
42.9320459366, 151258
43.2569429874, 150749
43.274848938, 149536
43.2758688927, 149137
43.2794909477, 148860
43.2838618755, 148263
43.2913827896, 147858
43.299890995, 147686
44.5494289398, 147238
44.5504999161, 146749
44.5564630032, 145911
47.8767969608, 145620
47.8808259964, 145535
47.8842549324, 145190
47.8871209621, 144995
47.8877158165, 144959
48.1390018463, 144792
48.1398398876, 144521
48.6973428726, 144442
48.7210519314, 143989
48.7236959934, 143174
48.7245388031, 143131
49.4114809036, 142842
49.4300358295, 141981
49.462638855, 141413
49.4637868404, 140745
49.466591835, 140326
49.4688308239, 139751
49.4711339474, 139605
49.4749958515, 139387
51.4937989712, 139092
51.4947679043, 138436
51.4958338737, 136390
51.496475935, 136237
53.542085886, 135898
56.3425087929, 135773
56.3512380123, 135620
58.8547589779, 135344
58.8646059036, 135061
59.2445738316, 135059
